--------------- Build Started: 02/26/2018 08:17:26 Project: BLE_Transfer, Configuration: ARM GCC 4.9-2015-q1-update Release ---------------
cydsfit.exe -.appdatapath "C:\Users\310295374\AppData\Local\Cypress Semiconductor\PSoC Creator\3.3" -.fdsnotice -.fdswarpdepfile=warp_dependencies.txt -.fdselabdepfile=elab_dependencies.txt -.fdsbldfile=generated_files.txt -p C:\Work\BLE_Proximity\BLE_Proximity01\BLE_Transfer.cydsn\BLE_Transfer.cyprj -d CY8C4248LQI-BL483 -s C:\Work\BLE_Proximity\BLE_Proximity01\BLE_Transfer.cydsn\Generated_Source\PSoC4 -- -yv2 -q10 -ygs -o2 -v3 -.fftcfgtype=LE
Elaborating Design...
HDL Generation ...
Synthesis ...
Place and Route ...
Tech mapping ...
Analog Placement ...
Analog Routing ...
Analog Code Generation ...
Digital Placement ...
Digital Routing ...
Bitstream Generation ...
Static timing analysis ...
API Generation ...
Dependency Generation ...
Clean Temporary Files ...
arm-none-eabi-gcc.exe -mcpu=cortex-m0 -mthumb -Wno-main -I. -IGenerated_Source\PSoC4 -Wa,-alh=.\CortexM0\ARM_GCC_493\Release/main.lst -g -D NDEBUG -Wall -ffunction-sections -Os -ffat-lto-objects -c .\main.c -o .\CortexM0\ARM_GCC_493\Release\main.o
arm-none-eabi-gcc.exe -mcpu=cortex-m0 -mthumb -Wno-main -I. -IGenerated_Source\PSoC4 -Wa,-alh=.\CortexM0\ARM_GCC_493\Release/BLE_System.lst -g -D NDEBUG -Wall -ffunction-sections -Os -ffat-lto-objects -c .\Generated_Source\PSoC4\BLE_System.c -o .\CortexM0\ARM_GCC_493\Release\BLE_System.o
arm-none-eabi-gcc.exe -mcpu=cortex-m0 -mthumb -Wno-main -I. -IGenerated_Source\PSoC4 -Wa,-alh=.\CortexM0\ARM_GCC_493\Release/BLE_System_gatt.lst -g -D NDEBUG -Wall -ffunction-sections -Os -ffat-lto-objects -c .\Generated_Source\PSoC4\BLE_System_gatt.c -o .\CortexM0\ARM_GCC_493\Release\BLE_System_gatt.o
arm-none-eabi-gcc.exe -mcpu=cortex-m0 -mthumb -Wno-main -I. -IGenerated_Source\PSoC4 -Wa,-alh=.\CortexM0\ARM_GCC_493\Release/BLE_System_eventHandler.lst -g -D NDEBUG -Wall -ffunction-sections -Os -ffat-lto-objects -c .\Generated_Source\PSoC4\BLE_System_eventHandler.c -o .\CortexM0\ARM_GCC_493\Release\BLE_System_eventHandler.o
arm-none-eabi-gcc.exe -mcpu=cortex-m0 -mthumb -Wno-main -I. -IGenerated_Source\PSoC4 -Wa,-alh=.\CortexM0\ARM_GCC_493\Release/BLE_System_HAL_INT.lst -g -D NDEBUG -Wall -ffunction-sections -Os -ffat-lto-objects -c .\Generated_Source\PSoC4\BLE_System_HAL_INT.c -o .\CortexM0\ARM_GCC_493\Release\BLE_System_HAL_INT.o
arm-none-eabi-gcc.exe -mcpu=cortex-m0 -mthumb -Wno-main -I. -IGenerated_Source\PSoC4 -Wa,-alh=.\CortexM0\ARM_GCC_493\Release/BLE_System_HAL_PVT.lst -g -D NDEBUG -Wall -ffunction-sections -Os -ffat-lto-objects -c .\Generated_Source\PSoC4\BLE_System_HAL_PVT.c -o .\CortexM0\ARM_GCC_493\Release\BLE_System_HAL_PVT.o
arm-none-eabi-gcc.exe -mcpu=cortex-m0 -mthumb -Wno-main -I. -IGenerated_Source\PSoC4 -Wa,-alh=.\CortexM0\ARM_GCC_493\Release/BLE_System_custom.lst -g -D NDEBUG -Wall -ffunction-sections -Os -ffat-lto-objects -c .\Generated_Source\PSoC4\BLE_System_custom.c -o .\CortexM0\ARM_GCC_493\Release\BLE_System_custom.o
arm-none-eabi-ar.exe -rs .\CortexM0\ARM_GCC_493\Release\BLE_Transfer.a .\CortexM0\ARM_GCC_493\Release\cyfitter_cfg.o .\CortexM0\ARM_GCC_493\Release\BLE_System.o .\CortexM0\ARM_GCC_493\Release\BLE_System_gatt.o .\CortexM0\ARM_GCC_493\Release\BLE_System_eventHandler.o .\CortexM0\ARM_GCC_493\Release\BLE_System_HAL_INT.o .\CortexM0\ARM_GCC_493\Release\BLE_System_HAL_PVT.o .\CortexM0\ARM_GCC_493\Release\BLE_System_custom.o .\CortexM0\ARM_GCC_493\Release\BLE_System_bless_isr.o .\CortexM0\ARM_GCC_493\Release\CyBootAsmGnu.o .\CortexM0\ARM_GCC_493\Release\CyFlash.o .\CortexM0\ARM_GCC_493\Release\CyLib.o .\CortexM0\ARM_GCC_493\Release\cyPm.o .\CortexM0\ARM_GCC_493\Release\cyutils.o .\CortexM0\ARM_GCC_493\Release\CyLFClk.o .\CortexM0\ARM_GCC_493\Release\UART_Dbg_AsmGnu.o .\CortexM0\ARM_GCC_493\Release\UART_Dbg.o .\CortexM0\ARM_GCC_493\Release\Button.o .\CortexM0\ARM_GCC_493\Release\Button_PM.o .\CortexM0\ARM_GCC_493\Release\PWR_CTR1.o .\CortexM0\ARM_GCC_493\Release\PWR_CTR1_PM.o .\CortexM0\ARM_GCC_493\Release\isr_Button.o .\CortexM0\ARM_GCC_493\Release\PWR_CTR2.o .\CortexM0\ARM_GCC_493\Release\PWR_CTR2_PM.o .\CortexM0\ARM_GCC_493\Release\PWR_CTR3.o .\CortexM0\ARM_GCC_493\Release\PWR_CTR3_PM.o .\CortexM0\ARM_GCC_493\Release\PWR_CTR4.o .\CortexM0\ARM_GCC_493\Release\PWR_CTR4_PM.o .\CortexM0\ARM_GCC_493\Release\pwr_set.o .\CortexM0\ARM_GCC_493\Release\pwr_set_PM.o
arm-none-eabi-ar.exe: creating .\CortexM0\ARM_GCC_493\Release\BLE_Transfer.a
arm-none-eabi-gcc.exe -Wl,--start-group -o .\CortexM0\ARM_GCC_493\Release\BLE_Transfer.elf .\CortexM0\ARM_GCC_493\Release\main.o .\CortexM0\ARM_GCC_493\Release\debug.o .\CortexM0\ARM_GCC_493\Release\cymetadata.o .\CortexM0\ARM_GCC_493\Release\Cm0Start.o .\CortexM0\ARM_GCC_493\Release\BLE_Transfer.a "C:\Program Files (x86)\Cypress\PSoC Creator\3.3\PSoC Creator\psoc\content\cycomponentlibrary\CyComponentLibrary.cylib\BLE_v3_10\Library\gccCyBLEStack_BLE_SOC_PERIPHERAL.a" "C:\Program Files (x86)\Cypress\PSoC Creator\3.3\PSoC Creator\psoc\content\cycomponentlibrary\CyComponentLibrary.cylib\CortexM0\ARM_GCC_493\Release\CyComponentLibrary.a" -mcpu=cortex-m0 -mthumb -g -ffunction-sections -Os -ffat-lto-objects -L Generated_Source\PSoC4 -Wl,-Map,.\CortexM0\ARM_GCC_493\Release/BLE_Transfer.map -T Generated_Source\PSoC4\cm0gcc.ld -specs=nano.specs -Wl,--gc-sections -Wl,--end-group
cyelftool.exe -C C:\Work\BLE_Proximity\BLE_Proximity01\BLE_Transfer.cydsn\CortexM0\ARM_GCC_493\Release\BLE_Transfer.elf --flash_row_size 256 --flash_size 262144
cyelftool.exe -S C:\Work\BLE_Proximity\BLE_Proximity01\BLE_Transfer.cydsn\CortexM0\ARM_GCC_493\Release\BLE_Transfer.elf
Flash used: 82688 of 262144 bytes (31.5 %).
SRAM used: 11712 of 32768 bytes (35.7 %). Stack: 2048 bytes. Heap: 1024 bytes.
--------------- Build Succeeded: 02/26/2018 08:17:39 ---------------
