--------------- Clean Started: 02/23/2018 10:47:08 Project: BLE_Transfer, Configuration: ARM GCC 4.9-2015-q1-update Release ---------------
Deleting file ".\CortexM0\ARM_GCC_493\Release\main.o"
Deleting file ".\CortexM0\ARM_GCC_493\Release\debug.o"
Deleting file ".\CortexM0\ARM_GCC_493\Release\cyfitter_cfg.o"
Deleting file ".\CortexM0\ARM_GCC_493\Release\cymetadata.o"
Deleting file ".\CortexM0\ARM_GCC_493\Release\BLE_System.o"
Deleting file ".\CortexM0\ARM_GCC_493\Release\BLE_System_gatt.o"
Deleting file ".\CortexM0\ARM_GCC_493\Release\BLE_System_eventHandler.o"
Deleting file ".\CortexM0\ARM_GCC_493\Release\BLE_System_HAL_INT.o"
Deleting file ".\CortexM0\ARM_GCC_493\Release\BLE_System_HAL_PVT.o"
Deleting file ".\CortexM0\ARM_GCC_493\Release\BLE_System_custom.o"
Deleting file ".\CortexM0\ARM_GCC_493\Release\BLE_System_bless_isr.o"
Deleting file ".\CortexM0\ARM_GCC_493\Release\Cm0Start.o"
Deleting file ".\CortexM0\ARM_GCC_493\Release\CyBootAsmGnu.o"
Deleting file ".\CortexM0\ARM_GCC_493\Release\CyFlash.o"
Deleting file ".\CortexM0\ARM_GCC_493\Release\CyLib.o"
Deleting file ".\CortexM0\ARM_GCC_493\Release\cyPm.o"
Deleting file ".\CortexM0\ARM_GCC_493\Release\cyutils.o"
Deleting file ".\CortexM0\ARM_GCC_493\Release\CyLFClk.o"
Deleting file ".\CortexM0\ARM_GCC_493\Release\UART_Dbg_AsmGnu.o"
Deleting file ".\CortexM0\ARM_GCC_493\Release\UART_Dbg.o"
Deleting file ".\CortexM0\ARM_GCC_493\Release\Button.o"
Deleting file ".\CortexM0\ARM_GCC_493\Release\Button_PM.o"
Deleting file ".\CortexM0\ARM_GCC_493\Release\PWR_CTR1.o"
Deleting file ".\CortexM0\ARM_GCC_493\Release\PWR_CTR1_PM.o"
Deleting file ".\CortexM0\ARM_GCC_493\Release\isr_Button.o"
Deleting file ".\CortexM0\ARM_GCC_493\Release\PWR_CTR2.o"
Deleting file ".\CortexM0\ARM_GCC_493\Release\PWR_CTR2_PM.o"
Deleting file ".\CortexM0\ARM_GCC_493\Release\PWR_CTR3.o"
Deleting file ".\CortexM0\ARM_GCC_493\Release\PWR_CTR3_PM.o"
Deleting file ".\CortexM0\ARM_GCC_493\Release\PWR_CTR4.o"
Deleting file ".\CortexM0\ARM_GCC_493\Release\PWR_CTR4_PM.o"
Deleting file ".\CortexM0\ARM_GCC_493\Release\pwr_set.o"
Deleting file ".\CortexM0\ARM_GCC_493\Release\pwr_set_PM.o"
Deleting file ".\CortexM0\ARM_GCC_493\Release\BLE_Transfer.hex"
Deleting file ".\CortexM0\ARM_GCC_493\Release\BLE_Transfer.elf"
Deleting file ".\CortexM0\ARM_GCC_493\Release\BLE_Transfer.map"
Deleting file ".\BLE_Transfer.cycdx"
Deleting file ".\BLE_Transfer.rpt"
Deleting file ".\BLE_Transfer_timing.html"
Deleting file ".\CortexM0\ARM_GCC_493\Release\.deps\C_FILE.P"
Deleting file ".\CortexM0\ARM_GCC_493\Release\.deps\ARM_C_FILE.P"
Deleting file ".\CortexM0\ARM_GCC_493\Release\.deps\GNU_ARM_ASM_FILE.P"
--------------- Clean Succeeded: 02/23/2018 10:47:08 ---------------
