ARM GAS  C:\Users\310295~1\AppData\Local\Temp\ccVpEK8p.s 			page 1


   1              		.cpu cortex-m0
   2              		.fpu softvfp
   3              		.eabi_attribute 20, 1
   4              		.eabi_attribute 21, 1
   5              		.eabi_attribute 23, 3
   6              		.eabi_attribute 24, 1
   7              		.eabi_attribute 25, 1
   8              		.eabi_attribute 26, 1
   9              		.eabi_attribute 30, 4
  10              		.eabi_attribute 34, 0
  11              		.eabi_attribute 18, 4
  12              		.code	16
  13              		.file	"debug.c"
  14              		.text
  15              	.Ltext0:
  16              		.cfi_sections	.debug_frame
  17              		.section	.text.DebugCode,"ax",%progbits
  18              		.align	1
  19              		.global	DebugCode
  20              		.code	16
  21              		.thumb_func
  22              		.type	DebugCode, %function
  23              	DebugCode:
  24              	.LFB0:
  25              		.file 1 ".\\debug.c"
   1:.\debug.c     **** /* ========================================
   2:.\debug.c     ****  *
   3:.\debug.c     ****  * Copyright YOUR COMPANY, THE YEAR
   4:.\debug.c     ****  * All Rights Reserved
   5:.\debug.c     ****  * UNPUBLISHED, LICENSED SOFTWARE.
   6:.\debug.c     ****  *
   7:.\debug.c     ****  * CONFIDENTIAL AND PROPRIETARY INFORMATION
   8:.\debug.c     ****  * WHICH IS THE PROPERTY OF your company.
   9:.\debug.c     ****  *
  10:.\debug.c     ****  * ========================================
  11:.\debug.c     **** */
  12:.\debug.c     **** #include "debug.h"
  13:.\debug.c     **** 
  14:.\debug.c     **** 
  15:.\debug.c     **** char* convert(unsigned int, int);       //Convert integer number into octal, hex, etc.
  16:.\debug.c     **** 
  17:.\debug.c     **** void DebugCode(const char* txt)
  18:.\debug.c     **** {
  26              		.loc 1 18 0
  27              		.cfi_startproc
  28              	.LVL0:
  29 0000 37B5     		push	{r0, r1, r2, r4, r5, lr}
  30              		.cfi_def_cfa_offset 24
  31              		.cfi_offset 0, -24
  32              		.cfi_offset 1, -20
  33              		.cfi_offset 2, -16
  34              		.cfi_offset 4, -12
  35              		.cfi_offset 5, -8
  36              		.cfi_offset 14, -4
  19:.\debug.c     ****         uint8_t endline[2] = { '\r', '\n' };
  37              		.loc 1 19 0
  38 0002 0224     		mov	r4, #2
ARM GAS  C:\Users\310295~1\AppData\Local\Temp\ccVpEK8p.s 			page 2


  18:.\debug.c     ****         uint8_t endline[2] = { '\r', '\n' };
  39              		.loc 1 18 0
  40 0004 051C     		mov	r5, r0
  41              		.loc 1 19 0
  42 0006 221C     		mov	r2, r4
  43 0008 01A8     		add	r0, sp, #4
  44              	.LVL1:
  45 000a 0949     		ldr	r1, .L2
  46 000c FFF7FEFF 		bl	memcpy
  47              	.LVL2:
  20:.\debug.c     ****         UART_Dbg_PutArray(endline, 2);
  48              		.loc 1 20 0
  49 0010 211C     		mov	r1, r4
  50 0012 01A8     		add	r0, sp, #4
  51 0014 FFF7FEFF 		bl	UART_Dbg_PutArray
  52              	.LVL3:
  21:.\debug.c     ****         UART_Dbg_PutArray((uint8_t*)txt, strlen(txt));
  53              		.loc 1 21 0
  54 0018 281C     		mov	r0, r5
  55 001a FFF7FEFF 		bl	strlen
  56              	.LVL4:
  57 001e 011C     		mov	r1, r0
  58 0020 281C     		mov	r0, r5
  59 0022 FFF7FEFF 		bl	UART_Dbg_PutArray
  60              	.LVL5:
  22:.\debug.c     ****         UART_Dbg_PutArray(endline, 2);
  61              		.loc 1 22 0
  62 0026 01A8     		add	r0, sp, #4
  63 0028 211C     		mov	r1, r4
  64 002a FFF7FEFF 		bl	UART_Dbg_PutArray
  65              	.LVL6:
  23:.\debug.c     **** }
  66              		.loc 1 23 0
  67              		@ sp needed
  68              	.LVL7:
  69 002e 37BD     		pop	{r0, r1, r2, r4, r5, pc}
  70              	.L3:
  71              		.align	2
  72              	.L2:
  73 0030 00000000 		.word	.LANCHOR0
  74              		.cfi_endproc
  75              	.LFE0:
  76              		.size	DebugCode, .-DebugCode
  77              		.section	.text._write,"ax",%progbits
  78              		.align	1
  79              		.global	_write
  80              		.code	16
  81              		.thumb_func
  82              		.type	_write, %function
  83              	_write:
  84              	.LFB1:
  24:.\debug.c     **** 
  25:.\debug.c     **** #if defined(__ARMCC_VERSION)
  26:.\debug.c     ****  /* For MDK/RVDS compiler revise fputc function for printf functionality */
  27:.\debug.c     ****  struct __FILE
  28:.\debug.c     ****  {
  29:.\debug.c     ****      int handle;
ARM GAS  C:\Users\310295~1\AppData\Local\Temp\ccVpEK8p.s 			page 3


  30:.\debug.c     ****  };
  31:.\debug.c     ****  enum
  32:.\debug.c     ****  {
  33:.\debug.c     ****      STDIN_HANDLE,
  34:.\debug.c     ****      STDOUT_HANDLE,
  35:.\debug.c     ****      STDERR_HANDLE
  36:.\debug.c     ****  };
  37:.\debug.c     ****  FILE __stdin = {STDIN_HANDLE};
  38:.\debug.c     ****  FILE __stdout = {STDOUT_HANDLE};
  39:.\debug.c     ****  FILE __stderr = {STDERR_HANDLE};
  40:.\debug.c     ****  int fputc(int ch, FILE *file)
  41:.\debug.c     ****  {
  42:.\debug.c     ****      int ret = EOF;
  43:.\debug.c     ****      switch( file->handle )
  44:.\debug.c     ****      {
  45:.\debug.c     ****          case STDOUT_HANDLE:
  46:.\debug.c     ****              UART_DEB_UartPutChar(ch);
  47:.\debug.c     ****              ret = ch ;
  48:.\debug.c     ****              break ;
  49:.\debug.c     ****          case STDERR_HANDLE:
  50:.\debug.c     ****              ret = ch ;
  51:.\debug.c     ****              break ;
  52:.\debug.c     ****          default:
  53:.\debug.c     ****              file = file;
  54:.\debug.c     ****              break ;
  55:.\debug.c     ****      }
  56:.\debug.c     ****      return ret ;
  57:.\debug.c     ****  }
  58:.\debug.c     ****  #elif defined (__ICCARM__)      /* IAR */
  59:.\debug.c     ****  /* For IAR compiler revise __write() function for printf functionality */
  60:.\debug.c     ****  size_t __write(int handle, const unsigned char * buffer, size_t size)
  61:.\debug.c     ****  {
  62:.\debug.c     ****      size_t nChars = 0;
  63:.\debug.c     ****      if (buffer == 0)
  64:.\debug.c     ****      {
  65:.\debug.c     ****          /*
  66:.\debug.c     ****           * This means that we should flush internal buffers.  Since we
  67:.\debug.c     ****           * don't we just return.  (Remember, "handle" == -1 means that all
  68:.\debug.c     ****           * handles should be flushed.)
  69:.\debug.c     ****           */
  70:.\debug.c     ****          return (0);
  71:.\debug.c     ****      }
  72:.\debug.c     ****      for (/* Empty */; size != 0; --size)
  73:.\debug.c     ****      {
  74:.\debug.c     ****          UART_DEB_UartPutChar(*buffer++);
  75:.\debug.c     ****          ++nChars;
  76:.\debug.c     ****      }
  77:.\debug.c     ****      return (nChars);
  78:.\debug.c     ****  }
  79:.\debug.c     ****  #else  /* (__GNUC__)  GCC */
  80:.\debug.c     ****  /* For GCC compiler revise _write() function for printf functionality */
  81:.\debug.c     ****  int _write(int file, char *ptr, int len)
  82:.\debug.c     ****  {
  85              		.loc 1 82 0
  86              		.cfi_startproc
  87              	.LVL8:
  88 0000 70B5     		push	{r4, r5, r6, lr}
ARM GAS  C:\Users\310295~1\AppData\Local\Temp\ccVpEK8p.s 			page 4


  89              		.cfi_def_cfa_offset 16
  90              		.cfi_offset 4, -16
  91              		.cfi_offset 5, -12
  92              		.cfi_offset 6, -8
  93              		.cfi_offset 14, -4
  94              		.loc 1 82 0
  95 0002 0E1C     		mov	r6, r1
  96 0004 151C     		mov	r5, r2
  83:.\debug.c     ****      int i;
  84:.\debug.c     ****      file = file;
  85:.\debug.c     ****      for (i = 0; i < len; i++)
  97              		.loc 1 85 0
  98 0006 0C1C     		mov	r4, r1
  99              	.LVL9:
 100              	.L5:
 101 0008 A31B     		sub	r3, r4, r6
 102              		.loc 1 85 0 is_stmt 0 discriminator 1
 103 000a AB42     		cmp	r3, r5
 104 000c 04DA     		bge	.L8
 105              	.LVL10:
  86:.\debug.c     ****      {
  87:.\debug.c     ****          UART_Dbg_PutChar(*ptr++);
 106              		.loc 1 87 0 is_stmt 1 discriminator 3
 107 000e 2078     		ldrb	r0, [r4]
 108 0010 FFF7FEFF 		bl	UART_Dbg_PutChar
 109              	.LVL11:
 110 0014 0134     		add	r4, r4, #1
 111              	.LVL12:
 112 0016 F7E7     		b	.L5
 113              	.L8:
  88:.\debug.c     ****      }
  89:.\debug.c     ****      return len;
  90:.\debug.c     ****  }
 114              		.loc 1 90 0
 115 0018 281C     		mov	r0, r5
 116              		@ sp needed
 117              	.LVL13:
 118              	.LVL14:
 119 001a 70BD     		pop	{r4, r5, r6, pc}
 120              		.cfi_endproc
 121              	.LFE1:
 122              		.size	_write, .-_write
 123              		.global	__aeabi_uidivmod
 124              		.global	__aeabi_uidiv
 125              		.section	.text.convert,"ax",%progbits
 126              		.align	1
 127              		.global	convert
 128              		.code	16
 129              		.thumb_func
 130              		.type	convert, %function
 131              	convert:
 132              	.LFB3:
  91:.\debug.c     ****  #endif  /* (__ARMCC_VERSION) */ 
  92:.\debug.c     **** 
  93:.\debug.c     **** void sk_printf(char * format,...)
  94:.\debug.c     **** {
  95:.\debug.c     ****     char *traverse; 
ARM GAS  C:\Users\310295~1\AppData\Local\Temp\ccVpEK8p.s 			page 5


  96:.\debug.c     ****     int i; 
  97:.\debug.c     ****     char *s; 
  98:.\debug.c     **** 
  99:.\debug.c     ****     //Module 1: Initializing Myprintf's arguments 
 100:.\debug.c     ****     va_list arg; 
 101:.\debug.c     ****     va_start(arg, format); 
 102:.\debug.c     **** 
 103:.\debug.c     ****     for(traverse = format; *traverse != '\0'; traverse++) 
 104:.\debug.c     ****     { 
 105:.\debug.c     ****         while( *traverse != '%' ) 
 106:.\debug.c     ****         { 
 107:.\debug.c     ****             UART_Dbg_PutChar(*traverse);
 108:.\debug.c     ****             traverse++; 
 109:.\debug.c     ****         } 
 110:.\debug.c     **** 
 111:.\debug.c     ****         traverse++; 
 112:.\debug.c     **** 
 113:.\debug.c     ****         //Module 2: Fetching and executing arguments
 114:.\debug.c     ****         switch(*traverse) 
 115:.\debug.c     ****         { 
 116:.\debug.c     ****             case 'c' : i = va_arg(arg,int);     //Fetch char argument
 117:.\debug.c     ****                         UART_Dbg_PutChar(i);
 118:.\debug.c     ****                         break; 
 119:.\debug.c     **** 
 120:.\debug.c     ****             case 'd' : i = va_arg(arg,int);         //Fetch Decimal/Integer argument
 121:.\debug.c     ****                         if(i<0) 
 122:.\debug.c     ****                         { 
 123:.\debug.c     ****                             i = -i;
 124:.\debug.c     ****                             UART_Dbg_PutChar('-'); 
 125:.\debug.c     ****                         } 
 126:.\debug.c     ****                         UART_Dbg_PutString(convert(i,10));
 127:.\debug.c     ****                         break; 
 128:.\debug.c     **** 
 129:.\debug.c     ****             case 'o': i = va_arg(arg,unsigned int); //Fetch Octal representation
 130:.\debug.c     ****                         UART_Dbg_PutString(convert(i,8));
 131:.\debug.c     ****                         break; 
 132:.\debug.c     **** 
 133:.\debug.c     ****             case 's': s = va_arg(arg,char *);       //Fetch string
 134:.\debug.c     ****                         UART_Dbg_PutString(s); 
 135:.\debug.c     ****                         break; 
 136:.\debug.c     **** 
 137:.\debug.c     ****             case 'x': i = va_arg(arg,unsigned int); //Fetch Hexadecimal representation
 138:.\debug.c     ****                         UART_Dbg_PutString(convert(i,16));
 139:.\debug.c     ****                         break; 
 140:.\debug.c     ****         }   
 141:.\debug.c     ****     } 
 142:.\debug.c     ****     //Module 3: Closing argument list to necessary clean-up
 143:.\debug.c     ****     va_end(arg); 
 144:.\debug.c     **** } 
 145:.\debug.c     **** 
 146:.\debug.c     **** char *convert(unsigned int num, int base) 
 147:.\debug.c     **** { 
 133              		.loc 1 147 0
 134              		.cfi_startproc
 135              	.LVL15:
 148:.\debug.c     ****     static char Representation[]= "0123456789ABCDEF";
 149:.\debug.c     ****     static char buffer[50]; 
ARM GAS  C:\Users\310295~1\AppData\Local\Temp\ccVpEK8p.s 			page 6


 150:.\debug.c     ****     char *ptr; 
 151:.\debug.c     **** 
 152:.\debug.c     ****     ptr = &buffer[49]; 
 153:.\debug.c     ****     *ptr = '\0'; 
 136              		.loc 1 153 0
 137 0000 0023     		mov	r3, #0
 147:.\debug.c     ****     static char Representation[]= "0123456789ABCDEF";
 138              		.loc 1 147 0
 139 0002 70B5     		push	{r4, r5, r6, lr}
 140              		.cfi_def_cfa_offset 16
 141              		.cfi_offset 4, -16
 142              		.cfi_offset 5, -12
 143              		.cfi_offset 6, -8
 144              		.cfi_offset 14, -4
 147:.\debug.c     ****     static char Representation[]= "0123456789ABCDEF";
 145              		.loc 1 147 0
 146 0004 051C     		mov	r5, r0
 147 0006 0E1C     		mov	r6, r1
 148              		.loc 1 153 0
 149 0008 094C     		ldr	r4, .L11
 150 000a 3134     		add	r4, r4, #49
 151 000c 2370     		strb	r3, [r4]
 152              	.LVL16:
 153              	.L10:
 154:.\debug.c     **** 
 155:.\debug.c     ****     do 
 156:.\debug.c     ****     { 
 157:.\debug.c     ****         *--ptr = Representation[num%base]; 
 154              		.loc 1 157 0 discriminator 1
 155 000e 281C     		mov	r0, r5
 156 0010 311C     		mov	r1, r6
 157 0012 FFF7FEFF 		bl	__aeabi_uidivmod
 158              	.LVL17:
 159 0016 074B     		ldr	r3, .L11+4
 160 0018 013C     		sub	r4, r4, #1
 161              	.LVL18:
 162 001a 0233     		add	r3, r3, #2
 163 001c 5B5C     		ldrb	r3, [r3, r1]
 158:.\debug.c     ****         num /= base; 
 164              		.loc 1 158 0 discriminator 1
 165 001e 281C     		mov	r0, r5
 157:.\debug.c     ****         num /= base; 
 166              		.loc 1 157 0 discriminator 1
 167 0020 2370     		strb	r3, [r4]
 168              		.loc 1 158 0 discriminator 1
 169 0022 311C     		mov	r1, r6
 170 0024 FFF7FEFF 		bl	__aeabi_uidiv
 171              	.LVL19:
 172 0028 051E     		sub	r5, r0, #0
 173              	.LVL20:
 159:.\debug.c     ****     }while(num != 0); 
 174              		.loc 1 159 0 discriminator 1
 175 002a F0D1     		bne	.L10
 160:.\debug.c     **** 
 161:.\debug.c     ****     return(ptr); 
 162:.\debug.c     **** }
 176              		.loc 1 162 0
ARM GAS  C:\Users\310295~1\AppData\Local\Temp\ccVpEK8p.s 			page 7


 177 002c 201C     		mov	r0, r4
 178              	.LVL21:
 179              		@ sp needed
 180              	.LVL22:
 181              	.LVL23:
 182              	.LVL24:
 183 002e 70BD     		pop	{r4, r5, r6, pc}
 184              	.L12:
 185              		.align	2
 186              	.L11:
 187 0030 00000000 		.word	.LANCHOR1
 188 0034 00000000 		.word	.LANCHOR0
 189              		.cfi_endproc
 190              	.LFE3:
 191              		.size	convert, .-convert
 192              		.section	.text.sk_printf,"ax",%progbits
 193              		.align	1
 194              		.global	sk_printf
 195              		.code	16
 196              		.thumb_func
 197              		.type	sk_printf, %function
 198              	sk_printf:
 199              	.LFB2:
  94:.\debug.c     ****     char *traverse; 
 200              		.loc 1 94 0
 201              		.cfi_startproc
 202              	.LVL25:
 203 0000 0FB4     		push	{r0, r1, r2, r3}
 204              		.cfi_def_cfa_offset 16
 205 0002 37B5     		push	{r0, r1, r2, r4, r5, lr}
 206              		.cfi_def_cfa_offset 40
 207              		.cfi_offset 0, -40
 208              		.cfi_offset 1, -36
 209              		.cfi_offset 2, -32
 210              		.cfi_offset 4, -28
 211              		.cfi_offset 5, -24
 212              		.cfi_offset 14, -20
  94:.\debug.c     ****     char *traverse; 
 213              		.loc 1 94 0
 214 0004 06AB     		add	r3, sp, #24
 215 0006 10CB     		ldmia	r3!, {r4}
 101:.\debug.c     **** 
 216              		.loc 1 101 0
 217 0008 0193     		str	r3, [sp, #4]
 218              	.LVL26:
 219              	.L14:
 103:.\debug.c     ****     { 
 220              		.loc 1 103 0 discriminator 1
 221 000a 2378     		ldrb	r3, [r4]
 222 000c 002B     		cmp	r3, #0
 223 000e 3FD0     		beq	.L28
 224              	.L25:
 105:.\debug.c     ****         { 
 225              		.loc 1 105 0
 226 0010 2078     		ldrb	r0, [r4]
 227 0012 2528     		cmp	r0, #37
 228 0014 03D0     		beq	.L29
ARM GAS  C:\Users\310295~1\AppData\Local\Temp\ccVpEK8p.s 			page 8


 107:.\debug.c     ****             traverse++; 
 229              		.loc 1 107 0
 230 0016 FFF7FEFF 		bl	UART_Dbg_PutChar
 231              	.LVL27:
 108:.\debug.c     ****         } 
 232              		.loc 1 108 0
 233 001a 0134     		add	r4, r4, #1
 234              	.LVL28:
 235 001c F8E7     		b	.L25
 236              	.L29:
 237              	.LVL29:
 114:.\debug.c     ****         { 
 238              		.loc 1 114 0
 239 001e 6378     		ldrb	r3, [r4, #1]
 240 0020 6F2B     		cmp	r3, #111
 241 0022 24D0     		beq	.L17
 242 0024 04D8     		bhi	.L18
 243 0026 632B     		cmp	r3, #99
 244 0028 0CD0     		beq	.L19
 245 002a 642B     		cmp	r3, #100
 246 002c 12D0     		beq	.L20
 247 002e 2DE0     		b	.L16
 248              	.L18:
 249 0030 732B     		cmp	r3, #115
 250 0032 22D0     		beq	.L21
 251 0034 782B     		cmp	r3, #120
 252 0036 29D1     		bne	.L16
 137:.\debug.c     ****                         UART_Dbg_PutString(convert(i,16));
 253              		.loc 1 137 0
 254 0038 019B     		ldr	r3, [sp, #4]
 138:.\debug.c     ****                         break; 
 255              		.loc 1 138 0
 256 003a 1021     		mov	r1, #16
 137:.\debug.c     ****                         UART_Dbg_PutString(convert(i,16));
 257              		.loc 1 137 0
 258 003c 1A1D     		add	r2, r3, #4
 259 003e 0192     		str	r2, [sp, #4]
 260              	.LVL30:
 138:.\debug.c     ****                         break; 
 261              		.loc 1 138 0
 262 0040 1868     		ldr	r0, [r3]
 263 0042 1FE0     		b	.L26
 264              	.LVL31:
 265              	.L19:
 116:.\debug.c     ****                         UART_Dbg_PutChar(i);
 266              		.loc 1 116 0
 267 0044 019B     		ldr	r3, [sp, #4]
 117:.\debug.c     ****                         break; 
 268              		.loc 1 117 0
 269 0046 1868     		ldr	r0, [r3]
 116:.\debug.c     ****                         UART_Dbg_PutChar(i);
 270              		.loc 1 116 0
 271 0048 1A1D     		add	r2, r3, #4
 117:.\debug.c     ****                         break; 
 272              		.loc 1 117 0
 273 004a C0B2     		uxtb	r0, r0
 116:.\debug.c     ****                         UART_Dbg_PutChar(i);
ARM GAS  C:\Users\310295~1\AppData\Local\Temp\ccVpEK8p.s 			page 9


 274              		.loc 1 116 0
 275 004c 0192     		str	r2, [sp, #4]
 276              	.LVL32:
 117:.\debug.c     ****                         break; 
 277              		.loc 1 117 0
 278 004e FFF7FEFF 		bl	UART_Dbg_PutChar
 279              	.LVL33:
 118:.\debug.c     **** 
 280              		.loc 1 118 0
 281 0052 1BE0     		b	.L16
 282              	.L20:
 120:.\debug.c     ****                         if(i<0) 
 283              		.loc 1 120 0
 284 0054 019B     		ldr	r3, [sp, #4]
 285 0056 1D68     		ldr	r5, [r3]
 286              	.LVL34:
 287 0058 1A1D     		add	r2, r3, #4
 288 005a 0192     		str	r2, [sp, #4]
 121:.\debug.c     ****                         { 
 289              		.loc 1 121 0
 290 005c 002D     		cmp	r5, #0
 291 005e 03DA     		bge	.L23
 124:.\debug.c     ****                         } 
 292              		.loc 1 124 0
 293 0060 2D20     		mov	r0, #45
 123:.\debug.c     ****                             UART_Dbg_PutChar('-'); 
 294              		.loc 1 123 0
 295 0062 6D42     		neg	r5, r5
 296              	.LVL35:
 124:.\debug.c     ****                         } 
 297              		.loc 1 124 0
 298 0064 FFF7FEFF 		bl	UART_Dbg_PutChar
 299              	.LVL36:
 300              	.L23:
 126:.\debug.c     ****                         break; 
 301              		.loc 1 126 0
 302 0068 281C     		mov	r0, r5
 303 006a 0A21     		mov	r1, #10
 304 006c 0AE0     		b	.L26
 305              	.LVL37:
 306              	.L17:
 129:.\debug.c     ****                         UART_Dbg_PutString(convert(i,8));
 307              		.loc 1 129 0
 308 006e 019B     		ldr	r3, [sp, #4]
 130:.\debug.c     ****                         break; 
 309              		.loc 1 130 0
 310 0070 0821     		mov	r1, #8
 129:.\debug.c     ****                         UART_Dbg_PutString(convert(i,8));
 311              		.loc 1 129 0
 312 0072 1A1D     		add	r2, r3, #4
 313 0074 0192     		str	r2, [sp, #4]
 314              	.LVL38:
 130:.\debug.c     ****                         break; 
 315              		.loc 1 130 0
 316 0076 1868     		ldr	r0, [r3]
 317 0078 04E0     		b	.L26
 318              	.LVL39:
ARM GAS  C:\Users\310295~1\AppData\Local\Temp\ccVpEK8p.s 			page 10


 319              	.L21:
 133:.\debug.c     ****                         UART_Dbg_PutString(s); 
 320              		.loc 1 133 0
 321 007a 019B     		ldr	r3, [sp, #4]
 322 007c 1A1D     		add	r2, r3, #4
 323 007e 0192     		str	r2, [sp, #4]
 324              	.LVL40:
 134:.\debug.c     ****                         break; 
 325              		.loc 1 134 0
 326 0080 1868     		ldr	r0, [r3]
 327 0082 01E0     		b	.L27
 328              	.LVL41:
 329              	.L26:
 138:.\debug.c     ****                         break; 
 330              		.loc 1 138 0
 331 0084 FFF7FEFF 		bl	convert
 332              	.LVL42:
 333              	.L27:
 334 0088 FFF7FEFF 		bl	UART_Dbg_PutString
 335              	.LVL43:
 336              	.L16:
 103:.\debug.c     ****     { 
 337              		.loc 1 103 0 discriminator 2
 338 008c 0234     		add	r4, r4, #2
 339              	.LVL44:
 340 008e BCE7     		b	.L14
 341              	.L28:
 144:.\debug.c     **** 
 342              		.loc 1 144 0
 343              		@ sp needed
 344              	.LVL45:
 345 0090 37BC     		pop	{r0, r1, r2, r4, r5}
 346 0092 08BC     		pop	{r3}
 347 0094 04B0     		add	sp, sp, #16
 348 0096 1847     		bx	r3
 349              		.cfi_endproc
 350              	.LFE2:
 351              		.size	sk_printf, .-sk_printf
 352              		.section	.rodata
 353              		.set	.LANCHOR0,. + 0
 354              	.LC0:
 355 0000 0D       		.byte	13
 356 0001 0A       		.byte	10
 357              		.type	Representation.5301, %object
 358              		.size	Representation.5301, 17
 359              	Representation.5301:
 360 0002 30313233 		.ascii	"0123456789ABCDEF\000"
 360      34353637 
 360      38394142 
 360      43444546 
 360      00
 361              		.bss
 362              		.set	.LANCHOR1,. + 0
 363              		.type	buffer.5302, %object
 364              		.size	buffer.5302, 50
 365              	buffer.5302:
 366 0000 00000000 		.space	50
ARM GAS  C:\Users\310295~1\AppData\Local\Temp\ccVpEK8p.s 			page 11


 366      00000000 
 366      00000000 
 366      00000000 
 366      00000000 
 367              		.text
 368              	.Letext0:
 369              		.file 2 "c:\\program files (x86)\\cypress\\psoc creator\\3.3\\psoc creator\\import\\gnu\\arm\\4.9.
 370              		.file 3 "c:\\program files (x86)\\cypress\\psoc creator\\3.3\\psoc creator\\import\\gnu\\arm\\4.9.
 371              		.file 4 "c:\\program files (x86)\\cypress\\psoc creator\\3.3\\psoc creator\\import\\gnu\\arm\\4.9.
 372              		.file 5 "c:\\program files (x86)\\cypress\\psoc creator\\3.3\\psoc creator\\import\\gnu\\arm\\4.9.
 373              		.file 6 "Generated_Source\\PSoC4/cytypes.h"
 374              		.file 7 "Generated_Source\\PSoC4/UART_Dbg.h"
 375              		.file 8 "<built-in>"
 376              		.file 9 "c:\\program files (x86)\\cypress\\psoc creator\\3.3\\psoc creator\\import\\gnu\\arm\\4.9.
 377              		.section	.debug_info,"",%progbits
 378              	.Ldebug_info0:
 379 0000 CD030000 		.4byte	0x3cd
 380 0004 0400     		.2byte	0x4
 381 0006 00000000 		.4byte	.Ldebug_abbrev0
 382 000a 04       		.byte	0x4
 383 000b 01       		.uleb128 0x1
 384 000c 0A000000 		.4byte	.LASF36
 385 0010 01       		.byte	0x1
 386 0011 77010000 		.4byte	.LASF37
 387 0015 D4010000 		.4byte	.LASF38
 388 0019 00000000 		.4byte	.Ldebug_ranges0+0
 389 001d 00000000 		.4byte	0
 390 0021 00000000 		.4byte	.Ldebug_line0
 391 0025 02       		.uleb128 0x2
 392 0026 01       		.byte	0x1
 393 0027 06       		.byte	0x6
 394 0028 4D020000 		.4byte	.LASF0
 395 002c 03       		.uleb128 0x3
 396 002d 00000000 		.4byte	.LASF9
 397 0031 02       		.byte	0x2
 398 0032 1D       		.byte	0x1d
 399 0033 37000000 		.4byte	0x37
 400 0037 02       		.uleb128 0x2
 401 0038 01       		.byte	0x1
 402 0039 08       		.byte	0x8
 403 003a E5000000 		.4byte	.LASF1
 404 003e 02       		.uleb128 0x2
 405 003f 02       		.byte	0x2
 406 0040 05       		.byte	0x5
 407 0041 1F020000 		.4byte	.LASF2
 408 0045 02       		.uleb128 0x2
 409 0046 02       		.byte	0x2
 410 0047 07       		.byte	0x7
 411 0048 B2000000 		.4byte	.LASF3
 412 004c 02       		.uleb128 0x2
 413 004d 04       		.byte	0x4
 414 004e 05       		.byte	0x5
 415 004f 3F020000 		.4byte	.LASF4
 416 0053 02       		.uleb128 0x2
 417 0054 04       		.byte	0x4
 418 0055 07       		.byte	0x7
 419 0056 0C010000 		.4byte	.LASF5
ARM GAS  C:\Users\310295~1\AppData\Local\Temp\ccVpEK8p.s 			page 12


 420 005a 02       		.uleb128 0x2
 421 005b 08       		.byte	0x8
 422 005c 05       		.byte	0x5
 423 005d B6010000 		.4byte	.LASF6
 424 0061 02       		.uleb128 0x2
 425 0062 08       		.byte	0x8
 426 0063 07       		.byte	0x7
 427 0064 81010000 		.4byte	.LASF7
 428 0068 04       		.uleb128 0x4
 429 0069 04       		.byte	0x4
 430 006a 05       		.byte	0x5
 431 006b 696E7400 		.ascii	"int\000"
 432 006f 02       		.uleb128 0x2
 433 0070 04       		.byte	0x4
 434 0071 07       		.byte	0x7
 435 0072 6A010000 		.4byte	.LASF8
 436 0076 03       		.uleb128 0x3
 437 0077 24010000 		.4byte	.LASF10
 438 007b 03       		.byte	0x3
 439 007c D4       		.byte	0xd4
 440 007d 6F000000 		.4byte	0x6f
 441 0081 03       		.uleb128 0x3
 442 0082 3F010000 		.4byte	.LASF11
 443 0086 04       		.byte	0x4
 444 0087 28       		.byte	0x28
 445 0088 8C000000 		.4byte	0x8c
 446 008c 05       		.uleb128 0x5
 447 008d AC010000 		.4byte	.LASF39
 448 0091 04       		.byte	0x4
 449 0092 08       		.byte	0x8
 450 0093 00       		.byte	0
 451 0094 A3000000 		.4byte	0xa3
 452 0098 06       		.uleb128 0x6
 453 0099 A0010000 		.4byte	.LASF40
 454 009d A3000000 		.4byte	0xa3
 455 00a1 00       		.byte	0
 456 00a2 00       		.byte	0
 457 00a3 07       		.uleb128 0x7
 458 00a4 04       		.byte	0x4
 459 00a5 02       		.uleb128 0x2
 460 00a6 04       		.byte	0x4
 461 00a7 07       		.byte	0x7
 462 00a8 C4010000 		.4byte	.LASF12
 463 00ac 08       		.uleb128 0x8
 464 00ad 04       		.byte	0x4
 465 00ae B2000000 		.4byte	0xb2
 466 00b2 02       		.uleb128 0x2
 467 00b3 01       		.byte	0x1
 468 00b4 08       		.byte	0x8
 469 00b5 48020000 		.4byte	.LASF13
 470 00b9 08       		.uleb128 0x8
 471 00ba 04       		.byte	0x4
 472 00bb BF000000 		.4byte	0xbf
 473 00bf 09       		.uleb128 0x9
 474 00c0 B2000000 		.4byte	0xb2
 475 00c4 03       		.uleb128 0x3
 476 00c5 DD000000 		.4byte	.LASF14
ARM GAS  C:\Users\310295~1\AppData\Local\Temp\ccVpEK8p.s 			page 13


 477 00c9 04       		.byte	0x4
 478 00ca 62       		.byte	0x62
 479 00cb 81000000 		.4byte	0x81
 480 00cf 03       		.uleb128 0x3
 481 00d0 98010000 		.4byte	.LASF15
 482 00d4 05       		.byte	0x5
 483 00d5 15       		.byte	0x15
 484 00d6 2C000000 		.4byte	0x2c
 485 00da 0A       		.uleb128 0xa
 486 00db 1E010000 		.4byte	.LASF16
 487 00df 06       		.byte	0x6
 488 00e0 9801     		.2byte	0x198
 489 00e2 37000000 		.4byte	0x37
 490 00e6 0A       		.uleb128 0xa
 491 00e7 5E010000 		.4byte	.LASF17
 492 00eb 06       		.byte	0x6
 493 00ec 9A01     		.2byte	0x19a
 494 00ee 53000000 		.4byte	0x53
 495 00f2 02       		.uleb128 0x2
 496 00f3 04       		.byte	0x4
 497 00f4 04       		.byte	0x4
 498 00f5 98000000 		.4byte	.LASF18
 499 00f9 02       		.uleb128 0x2
 500 00fa 08       		.byte	0x8
 501 00fb 04       		.byte	0x4
 502 00fc 30010000 		.4byte	.LASF19
 503 0100 0A       		.uleb128 0xa
 504 0101 06010000 		.4byte	.LASF20
 505 0105 06       		.byte	0x6
 506 0106 A901     		.2byte	0x1a9
 507 0108 B2000000 		.4byte	0xb2
 508 010c 0B       		.uleb128 0xb
 509 010d 9E000000 		.4byte	.LASF28
 510 0111 01       		.byte	0x1
 511 0112 11       		.byte	0x11
 512 0113 00000000 		.4byte	.LFB0
 513 0117 34000000 		.4byte	.LFE0-.LFB0
 514 011b 01       		.uleb128 0x1
 515 011c 9C       		.byte	0x9c
 516 011d BA010000 		.4byte	0x1ba
 517 0121 0C       		.uleb128 0xc
 518 0122 74787400 		.ascii	"txt\000"
 519 0126 01       		.byte	0x1
 520 0127 11       		.byte	0x11
 521 0128 B9000000 		.4byte	0xb9
 522 012c 00000000 		.4byte	.LLST0
 523 0130 0D       		.uleb128 0xd
 524 0131 59020000 		.4byte	.LASF22
 525 0135 01       		.byte	0x1
 526 0136 13       		.byte	0x13
 527 0137 BA010000 		.4byte	0x1ba
 528 013b 02       		.uleb128 0x2
 529 013c 91       		.byte	0x91
 530 013d 6C       		.sleb128 -20
 531 013e 0E       		.uleb128 0xe
 532 013f 10000000 		.4byte	.LVL2
 533 0143 49030000 		.4byte	0x349
ARM GAS  C:\Users\310295~1\AppData\Local\Temp\ccVpEK8p.s 			page 14


 534 0147 61010000 		.4byte	0x161
 535 014b 0F       		.uleb128 0xf
 536 014c 01       		.uleb128 0x1
 537 014d 52       		.byte	0x52
 538 014e 02       		.uleb128 0x2
 539 014f 74       		.byte	0x74
 540 0150 00       		.sleb128 0
 541 0151 0F       		.uleb128 0xf
 542 0152 01       		.uleb128 0x1
 543 0153 51       		.byte	0x51
 544 0154 05       		.uleb128 0x5
 545 0155 03       		.byte	0x3
 546 0156 00000000 		.4byte	.LANCHOR0
 547 015a 0F       		.uleb128 0xf
 548 015b 01       		.uleb128 0x1
 549 015c 50       		.byte	0x50
 550 015d 02       		.uleb128 0x2
 551 015e 91       		.byte	0x91
 552 015f 6C       		.sleb128 -20
 553 0160 00       		.byte	0
 554 0161 0E       		.uleb128 0xe
 555 0162 18000000 		.4byte	.LVL3
 556 0166 6D030000 		.4byte	0x36d
 557 016a 7B010000 		.4byte	0x17b
 558 016e 0F       		.uleb128 0xf
 559 016f 01       		.uleb128 0x1
 560 0170 51       		.byte	0x51
 561 0171 02       		.uleb128 0x2
 562 0172 74       		.byte	0x74
 563 0173 00       		.sleb128 0
 564 0174 0F       		.uleb128 0xf
 565 0175 01       		.uleb128 0x1
 566 0176 50       		.byte	0x50
 567 0177 02       		.uleb128 0x2
 568 0178 91       		.byte	0x91
 569 0179 6C       		.sleb128 -20
 570 017a 00       		.byte	0
 571 017b 0E       		.uleb128 0xe
 572 017c 1E000000 		.4byte	.LVL4
 573 0180 8E030000 		.4byte	0x38e
 574 0184 8F010000 		.4byte	0x18f
 575 0188 0F       		.uleb128 0xf
 576 0189 01       		.uleb128 0x1
 577 018a 50       		.byte	0x50
 578 018b 02       		.uleb128 0x2
 579 018c 75       		.byte	0x75
 580 018d 00       		.sleb128 0
 581 018e 00       		.byte	0
 582 018f 0E       		.uleb128 0xe
 583 0190 26000000 		.4byte	.LVL5
 584 0194 6D030000 		.4byte	0x36d
 585 0198 A3010000 		.4byte	0x1a3
 586 019c 0F       		.uleb128 0xf
 587 019d 01       		.uleb128 0x1
 588 019e 50       		.byte	0x50
 589 019f 02       		.uleb128 0x2
 590 01a0 75       		.byte	0x75
ARM GAS  C:\Users\310295~1\AppData\Local\Temp\ccVpEK8p.s 			page 15


 591 01a1 00       		.sleb128 0
 592 01a2 00       		.byte	0
 593 01a3 10       		.uleb128 0x10
 594 01a4 2E000000 		.4byte	.LVL6
 595 01a8 6D030000 		.4byte	0x36d
 596 01ac 0F       		.uleb128 0xf
 597 01ad 01       		.uleb128 0x1
 598 01ae 51       		.byte	0x51
 599 01af 02       		.uleb128 0x2
 600 01b0 74       		.byte	0x74
 601 01b1 00       		.sleb128 0
 602 01b2 0F       		.uleb128 0xf
 603 01b3 01       		.uleb128 0x1
 604 01b4 50       		.byte	0x50
 605 01b5 02       		.uleb128 0x2
 606 01b6 91       		.byte	0x91
 607 01b7 6C       		.sleb128 -20
 608 01b8 00       		.byte	0
 609 01b9 00       		.byte	0
 610 01ba 11       		.uleb128 0x11
 611 01bb CF000000 		.4byte	0xcf
 612 01bf CA010000 		.4byte	0x1ca
 613 01c3 12       		.uleb128 0x12
 614 01c4 A5000000 		.4byte	0xa5
 615 01c8 01       		.byte	0x1
 616 01c9 00       		.byte	0
 617 01ca 13       		.uleb128 0x13
 618 01cb A5010000 		.4byte	.LASF23
 619 01cf 01       		.byte	0x1
 620 01d0 51       		.byte	0x51
 621 01d1 68000000 		.4byte	0x68
 622 01d5 00000000 		.4byte	.LFB1
 623 01d9 1C000000 		.4byte	.LFE1-.LFB1
 624 01dd 01       		.uleb128 0x1
 625 01de 9C       		.byte	0x9c
 626 01df 27020000 		.4byte	0x227
 627 01e3 14       		.uleb128 0x14
 628 01e4 2B010000 		.4byte	.LASF21
 629 01e8 01       		.byte	0x1
 630 01e9 51       		.byte	0x51
 631 01ea 68000000 		.4byte	0x68
 632 01ee 2C000000 		.4byte	.LLST1
 633 01f2 0C       		.uleb128 0xc
 634 01f3 70747200 		.ascii	"ptr\000"
 635 01f7 01       		.byte	0x1
 636 01f8 51       		.byte	0x51
 637 01f9 AC000000 		.4byte	0xac
 638 01fd 4D000000 		.4byte	.LLST2
 639 0201 0C       		.uleb128 0xc
 640 0202 6C656E00 		.ascii	"len\000"
 641 0206 01       		.byte	0x1
 642 0207 51       		.byte	0x51
 643 0208 68000000 		.4byte	0x68
 644 020c 83000000 		.4byte	.LLST3
 645 0210 15       		.uleb128 0x15
 646 0211 6900     		.ascii	"i\000"
 647 0213 01       		.byte	0x1
ARM GAS  C:\Users\310295~1\AppData\Local\Temp\ccVpEK8p.s 			page 16


 648 0214 53       		.byte	0x53
 649 0215 68000000 		.4byte	0x68
 650 0219 AC000000 		.4byte	.LLST4
 651 021d 16       		.uleb128 0x16
 652 021e 14000000 		.4byte	.LVL11
 653 0222 A3030000 		.4byte	0x3a3
 654 0226 00       		.byte	0
 655 0227 17       		.uleb128 0x17
 656 0228 37010000 		.4byte	.LASF24
 657 022c 01       		.byte	0x1
 658 022d 92       		.byte	0x92
 659 022e AC000000 		.4byte	0xac
 660 0232 00000000 		.4byte	.LFB3
 661 0236 38000000 		.4byte	.LFE3-.LFB3
 662 023a 01       		.uleb128 0x1
 663 023b 9C       		.byte	0x9c
 664 023c 90020000 		.4byte	0x290
 665 0240 0C       		.uleb128 0xc
 666 0241 6E756D00 		.ascii	"num\000"
 667 0245 01       		.byte	0x1
 668 0246 92       		.byte	0x92
 669 0247 6F000000 		.4byte	0x6f
 670 024b F2000000 		.4byte	.LLST5
 671 024f 14       		.uleb128 0x14
 672 0250 65010000 		.4byte	.LASF25
 673 0254 01       		.byte	0x1
 674 0255 92       		.byte	0x92
 675 0256 68000000 		.4byte	0x68
 676 025a 26010000 		.4byte	.LLST6
 677 025e 0D       		.uleb128 0xd
 678 025f 29020000 		.4byte	.LASF26
 679 0263 01       		.byte	0x1
 680 0264 94       		.byte	0x94
 681 0265 A0020000 		.4byte	0x2a0
 682 0269 05       		.uleb128 0x5
 683 026a 03       		.byte	0x3
 684 026b 02000000 		.4byte	Representation.5301
 685 026f 0D       		.uleb128 0xd
 686 0270 38020000 		.4byte	.LASF27
 687 0274 01       		.byte	0x1
 688 0275 95       		.byte	0x95
 689 0276 A5020000 		.4byte	0x2a5
 690 027a 05       		.uleb128 0x5
 691 027b 03       		.byte	0x3
 692 027c 00000000 		.4byte	buffer.5302
 693 0280 15       		.uleb128 0x15
 694 0281 70747200 		.ascii	"ptr\000"
 695 0285 01       		.byte	0x1
 696 0286 96       		.byte	0x96
 697 0287 AC000000 		.4byte	0xac
 698 028b 52010000 		.4byte	.LLST7
 699 028f 00       		.byte	0
 700 0290 11       		.uleb128 0x11
 701 0291 B2000000 		.4byte	0xb2
 702 0295 A0020000 		.4byte	0x2a0
 703 0299 12       		.uleb128 0x12
 704 029a A5000000 		.4byte	0xa5
ARM GAS  C:\Users\310295~1\AppData\Local\Temp\ccVpEK8p.s 			page 17


 705 029e 10       		.byte	0x10
 706 029f 00       		.byte	0
 707 02a0 09       		.uleb128 0x9
 708 02a1 90020000 		.4byte	0x290
 709 02a5 11       		.uleb128 0x11
 710 02a6 B2000000 		.4byte	0xb2
 711 02aa B5020000 		.4byte	0x2b5
 712 02ae 12       		.uleb128 0x12
 713 02af A5000000 		.4byte	0xa5
 714 02b3 31       		.byte	0x31
 715 02b4 00       		.byte	0
 716 02b5 0B       		.uleb128 0xb
 717 02b6 A8000000 		.4byte	.LASF29
 718 02ba 01       		.byte	0x1
 719 02bb 5D       		.byte	0x5d
 720 02bc 00000000 		.4byte	.LFB2
 721 02c0 98000000 		.4byte	.LFE2-.LFB2
 722 02c4 01       		.uleb128 0x1
 723 02c5 9C       		.byte	0x9c
 724 02c6 49030000 		.4byte	0x349
 725 02ca 18       		.uleb128 0x18
 726 02cb 57010000 		.4byte	.LASF30
 727 02cf 01       		.byte	0x1
 728 02d0 5D       		.byte	0x5d
 729 02d1 AC000000 		.4byte	0xac
 730 02d5 02       		.uleb128 0x2
 731 02d6 91       		.byte	0x91
 732 02d7 70       		.sleb128 -16
 733 02d8 19       		.uleb128 0x19
 734 02d9 1A       		.uleb128 0x1a
 735 02da 4E010000 		.4byte	.LASF31
 736 02de 01       		.byte	0x1
 737 02df 5F       		.byte	0x5f
 738 02e0 AC000000 		.4byte	0xac
 739 02e4 80010000 		.4byte	.LLST8
 740 02e8 15       		.uleb128 0x15
 741 02e9 6900     		.ascii	"i\000"
 742 02eb 01       		.byte	0x1
 743 02ec 60       		.byte	0x60
 744 02ed 68000000 		.4byte	0x68
 745 02f1 AB010000 		.4byte	.LLST9
 746 02f5 15       		.uleb128 0x15
 747 02f6 7300     		.ascii	"s\000"
 748 02f8 01       		.byte	0x1
 749 02f9 61       		.byte	0x61
 750 02fa AC000000 		.4byte	0xac
 751 02fe ED010000 		.4byte	.LLST10
 752 0302 1B       		.uleb128 0x1b
 753 0303 61726700 		.ascii	"arg\000"
 754 0307 01       		.byte	0x1
 755 0308 64       		.byte	0x64
 756 0309 C4000000 		.4byte	0xc4
 757 030d 02       		.uleb128 0x2
 758 030e 91       		.byte	0x91
 759 030f 5C       		.sleb128 -36
 760 0310 16       		.uleb128 0x16
 761 0311 1A000000 		.4byte	.LVL27
ARM GAS  C:\Users\310295~1\AppData\Local\Temp\ccVpEK8p.s 			page 18


 762 0315 A3030000 		.4byte	0x3a3
 763 0319 16       		.uleb128 0x16
 764 031a 52000000 		.4byte	.LVL33
 765 031e A3030000 		.4byte	0x3a3
 766 0322 0E       		.uleb128 0xe
 767 0323 68000000 		.4byte	.LVL36
 768 0327 A3030000 		.4byte	0x3a3
 769 032b 36030000 		.4byte	0x336
 770 032f 0F       		.uleb128 0xf
 771 0330 01       		.uleb128 0x1
 772 0331 50       		.byte	0x50
 773 0332 02       		.uleb128 0x2
 774 0333 08       		.byte	0x8
 775 0334 2D       		.byte	0x2d
 776 0335 00       		.byte	0
 777 0336 16       		.uleb128 0x16
 778 0337 88000000 		.4byte	.LVL42
 779 033b 27020000 		.4byte	0x227
 780 033f 16       		.uleb128 0x16
 781 0340 8C000000 		.4byte	.LVL43
 782 0344 B4030000 		.4byte	0x3b4
 783 0348 00       		.byte	0
 784 0349 1C       		.uleb128 0x1c
 785 034a CD010000 		.4byte	.LASF32
 786 034e A3000000 		.4byte	0xa3
 787 0352 66030000 		.4byte	0x366
 788 0356 1D       		.uleb128 0x1d
 789 0357 A3000000 		.4byte	0xa3
 790 035b 1D       		.uleb128 0x1d
 791 035c 66030000 		.4byte	0x366
 792 0360 1D       		.uleb128 0x1d
 793 0361 A5000000 		.4byte	0xa5
 794 0365 00       		.byte	0
 795 0366 08       		.uleb128 0x8
 796 0367 04       		.byte	0x4
 797 0368 6C030000 		.4byte	0x36c
 798 036c 1E       		.uleb128 0x1e
 799 036d 1F       		.uleb128 0x1f
 800 036e 0D020000 		.4byte	.LASF33
 801 0372 07       		.byte	0x7
 802 0373 27       		.byte	0x27
 803 0374 83030000 		.4byte	0x383
 804 0378 1D       		.uleb128 0x1d
 805 0379 83030000 		.4byte	0x383
 806 037d 1D       		.uleb128 0x1d
 807 037e E6000000 		.4byte	0xe6
 808 0382 00       		.byte	0
 809 0383 08       		.uleb128 0x8
 810 0384 04       		.byte	0x4
 811 0385 89030000 		.4byte	0x389
 812 0389 09       		.uleb128 0x9
 813 038a DA000000 		.4byte	0xda
 814 038e 20       		.uleb128 0x20
 815 038f D6000000 		.4byte	.LASF41
 816 0393 09       		.byte	0x9
 817 0394 21       		.byte	0x21
 818 0395 76000000 		.4byte	0x76
ARM GAS  C:\Users\310295~1\AppData\Local\Temp\ccVpEK8p.s 			page 19


 819 0399 A3030000 		.4byte	0x3a3
 820 039d 1D       		.uleb128 0x1d
 821 039e B9000000 		.4byte	0xb9
 822 03a2 00       		.byte	0
 823 03a3 1F       		.uleb128 0x1f
 824 03a4 C5000000 		.4byte	.LASF34
 825 03a8 07       		.byte	0x7
 826 03a9 25       		.byte	0x25
 827 03aa B4030000 		.4byte	0x3b4
 828 03ae 1D       		.uleb128 0x1d
 829 03af DA000000 		.4byte	0xda
 830 03b3 00       		.byte	0
 831 03b4 1F       		.uleb128 0x1f
 832 03b5 F3000000 		.4byte	.LASF35
 833 03b9 07       		.byte	0x7
 834 03ba 26       		.byte	0x26
 835 03bb C5030000 		.4byte	0x3c5
 836 03bf 1D       		.uleb128 0x1d
 837 03c0 C5030000 		.4byte	0x3c5
 838 03c4 00       		.byte	0
 839 03c5 08       		.uleb128 0x8
 840 03c6 04       		.byte	0x4
 841 03c7 CB030000 		.4byte	0x3cb
 842 03cb 09       		.uleb128 0x9
 843 03cc 00010000 		.4byte	0x100
 844 03d0 00       		.byte	0
 845              		.section	.debug_abbrev,"",%progbits
 846              	.Ldebug_abbrev0:
 847 0000 01       		.uleb128 0x1
 848 0001 11       		.uleb128 0x11
 849 0002 01       		.byte	0x1
 850 0003 25       		.uleb128 0x25
 851 0004 0E       		.uleb128 0xe
 852 0005 13       		.uleb128 0x13
 853 0006 0B       		.uleb128 0xb
 854 0007 03       		.uleb128 0x3
 855 0008 0E       		.uleb128 0xe
 856 0009 1B       		.uleb128 0x1b
 857 000a 0E       		.uleb128 0xe
 858 000b 55       		.uleb128 0x55
 859 000c 17       		.uleb128 0x17
 860 000d 11       		.uleb128 0x11
 861 000e 01       		.uleb128 0x1
 862 000f 10       		.uleb128 0x10
 863 0010 17       		.uleb128 0x17
 864 0011 00       		.byte	0
 865 0012 00       		.byte	0
 866 0013 02       		.uleb128 0x2
 867 0014 24       		.uleb128 0x24
 868 0015 00       		.byte	0
 869 0016 0B       		.uleb128 0xb
 870 0017 0B       		.uleb128 0xb
 871 0018 3E       		.uleb128 0x3e
 872 0019 0B       		.uleb128 0xb
 873 001a 03       		.uleb128 0x3
 874 001b 0E       		.uleb128 0xe
 875 001c 00       		.byte	0
ARM GAS  C:\Users\310295~1\AppData\Local\Temp\ccVpEK8p.s 			page 20


 876 001d 00       		.byte	0
 877 001e 03       		.uleb128 0x3
 878 001f 16       		.uleb128 0x16
 879 0020 00       		.byte	0
 880 0021 03       		.uleb128 0x3
 881 0022 0E       		.uleb128 0xe
 882 0023 3A       		.uleb128 0x3a
 883 0024 0B       		.uleb128 0xb
 884 0025 3B       		.uleb128 0x3b
 885 0026 0B       		.uleb128 0xb
 886 0027 49       		.uleb128 0x49
 887 0028 13       		.uleb128 0x13
 888 0029 00       		.byte	0
 889 002a 00       		.byte	0
 890 002b 04       		.uleb128 0x4
 891 002c 24       		.uleb128 0x24
 892 002d 00       		.byte	0
 893 002e 0B       		.uleb128 0xb
 894 002f 0B       		.uleb128 0xb
 895 0030 3E       		.uleb128 0x3e
 896 0031 0B       		.uleb128 0xb
 897 0032 03       		.uleb128 0x3
 898 0033 08       		.uleb128 0x8
 899 0034 00       		.byte	0
 900 0035 00       		.byte	0
 901 0036 05       		.uleb128 0x5
 902 0037 13       		.uleb128 0x13
 903 0038 01       		.byte	0x1
 904 0039 03       		.uleb128 0x3
 905 003a 0E       		.uleb128 0xe
 906 003b 0B       		.uleb128 0xb
 907 003c 0B       		.uleb128 0xb
 908 003d 3A       		.uleb128 0x3a
 909 003e 0B       		.uleb128 0xb
 910 003f 3B       		.uleb128 0x3b
 911 0040 0B       		.uleb128 0xb
 912 0041 01       		.uleb128 0x1
 913 0042 13       		.uleb128 0x13
 914 0043 00       		.byte	0
 915 0044 00       		.byte	0
 916 0045 06       		.uleb128 0x6
 917 0046 0D       		.uleb128 0xd
 918 0047 00       		.byte	0
 919 0048 03       		.uleb128 0x3
 920 0049 0E       		.uleb128 0xe
 921 004a 49       		.uleb128 0x49
 922 004b 13       		.uleb128 0x13
 923 004c 38       		.uleb128 0x38
 924 004d 0B       		.uleb128 0xb
 925 004e 34       		.uleb128 0x34
 926 004f 19       		.uleb128 0x19
 927 0050 00       		.byte	0
 928 0051 00       		.byte	0
 929 0052 07       		.uleb128 0x7
 930 0053 0F       		.uleb128 0xf
 931 0054 00       		.byte	0
 932 0055 0B       		.uleb128 0xb
ARM GAS  C:\Users\310295~1\AppData\Local\Temp\ccVpEK8p.s 			page 21


 933 0056 0B       		.uleb128 0xb
 934 0057 00       		.byte	0
 935 0058 00       		.byte	0
 936 0059 08       		.uleb128 0x8
 937 005a 0F       		.uleb128 0xf
 938 005b 00       		.byte	0
 939 005c 0B       		.uleb128 0xb
 940 005d 0B       		.uleb128 0xb
 941 005e 49       		.uleb128 0x49
 942 005f 13       		.uleb128 0x13
 943 0060 00       		.byte	0
 944 0061 00       		.byte	0
 945 0062 09       		.uleb128 0x9
 946 0063 26       		.uleb128 0x26
 947 0064 00       		.byte	0
 948 0065 49       		.uleb128 0x49
 949 0066 13       		.uleb128 0x13
 950 0067 00       		.byte	0
 951 0068 00       		.byte	0
 952 0069 0A       		.uleb128 0xa
 953 006a 16       		.uleb128 0x16
 954 006b 00       		.byte	0
 955 006c 03       		.uleb128 0x3
 956 006d 0E       		.uleb128 0xe
 957 006e 3A       		.uleb128 0x3a
 958 006f 0B       		.uleb128 0xb
 959 0070 3B       		.uleb128 0x3b
 960 0071 05       		.uleb128 0x5
 961 0072 49       		.uleb128 0x49
 962 0073 13       		.uleb128 0x13
 963 0074 00       		.byte	0
 964 0075 00       		.byte	0
 965 0076 0B       		.uleb128 0xb
 966 0077 2E       		.uleb128 0x2e
 967 0078 01       		.byte	0x1
 968 0079 3F       		.uleb128 0x3f
 969 007a 19       		.uleb128 0x19
 970 007b 03       		.uleb128 0x3
 971 007c 0E       		.uleb128 0xe
 972 007d 3A       		.uleb128 0x3a
 973 007e 0B       		.uleb128 0xb
 974 007f 3B       		.uleb128 0x3b
 975 0080 0B       		.uleb128 0xb
 976 0081 27       		.uleb128 0x27
 977 0082 19       		.uleb128 0x19
 978 0083 11       		.uleb128 0x11
 979 0084 01       		.uleb128 0x1
 980 0085 12       		.uleb128 0x12
 981 0086 06       		.uleb128 0x6
 982 0087 40       		.uleb128 0x40
 983 0088 18       		.uleb128 0x18
 984 0089 9742     		.uleb128 0x2117
 985 008b 19       		.uleb128 0x19
 986 008c 01       		.uleb128 0x1
 987 008d 13       		.uleb128 0x13
 988 008e 00       		.byte	0
 989 008f 00       		.byte	0
ARM GAS  C:\Users\310295~1\AppData\Local\Temp\ccVpEK8p.s 			page 22


 990 0090 0C       		.uleb128 0xc
 991 0091 05       		.uleb128 0x5
 992 0092 00       		.byte	0
 993 0093 03       		.uleb128 0x3
 994 0094 08       		.uleb128 0x8
 995 0095 3A       		.uleb128 0x3a
 996 0096 0B       		.uleb128 0xb
 997 0097 3B       		.uleb128 0x3b
 998 0098 0B       		.uleb128 0xb
 999 0099 49       		.uleb128 0x49
 1000 009a 13       		.uleb128 0x13
 1001 009b 02       		.uleb128 0x2
 1002 009c 17       		.uleb128 0x17
 1003 009d 00       		.byte	0
 1004 009e 00       		.byte	0
 1005 009f 0D       		.uleb128 0xd
 1006 00a0 34       		.uleb128 0x34
 1007 00a1 00       		.byte	0
 1008 00a2 03       		.uleb128 0x3
 1009 00a3 0E       		.uleb128 0xe
 1010 00a4 3A       		.uleb128 0x3a
 1011 00a5 0B       		.uleb128 0xb
 1012 00a6 3B       		.uleb128 0x3b
 1013 00a7 0B       		.uleb128 0xb
 1014 00a8 49       		.uleb128 0x49
 1015 00a9 13       		.uleb128 0x13
 1016 00aa 02       		.uleb128 0x2
 1017 00ab 18       		.uleb128 0x18
 1018 00ac 00       		.byte	0
 1019 00ad 00       		.byte	0
 1020 00ae 0E       		.uleb128 0xe
 1021 00af 898201   		.uleb128 0x4109
 1022 00b2 01       		.byte	0x1
 1023 00b3 11       		.uleb128 0x11
 1024 00b4 01       		.uleb128 0x1
 1025 00b5 31       		.uleb128 0x31
 1026 00b6 13       		.uleb128 0x13
 1027 00b7 01       		.uleb128 0x1
 1028 00b8 13       		.uleb128 0x13
 1029 00b9 00       		.byte	0
 1030 00ba 00       		.byte	0
 1031 00bb 0F       		.uleb128 0xf
 1032 00bc 8A8201   		.uleb128 0x410a
 1033 00bf 00       		.byte	0
 1034 00c0 02       		.uleb128 0x2
 1035 00c1 18       		.uleb128 0x18
 1036 00c2 9142     		.uleb128 0x2111
 1037 00c4 18       		.uleb128 0x18
 1038 00c5 00       		.byte	0
 1039 00c6 00       		.byte	0
 1040 00c7 10       		.uleb128 0x10
 1041 00c8 898201   		.uleb128 0x4109
 1042 00cb 01       		.byte	0x1
 1043 00cc 11       		.uleb128 0x11
 1044 00cd 01       		.uleb128 0x1
 1045 00ce 31       		.uleb128 0x31
 1046 00cf 13       		.uleb128 0x13
ARM GAS  C:\Users\310295~1\AppData\Local\Temp\ccVpEK8p.s 			page 23


 1047 00d0 00       		.byte	0
 1048 00d1 00       		.byte	0
 1049 00d2 11       		.uleb128 0x11
 1050 00d3 01       		.uleb128 0x1
 1051 00d4 01       		.byte	0x1
 1052 00d5 49       		.uleb128 0x49
 1053 00d6 13       		.uleb128 0x13
 1054 00d7 01       		.uleb128 0x1
 1055 00d8 13       		.uleb128 0x13
 1056 00d9 00       		.byte	0
 1057 00da 00       		.byte	0
 1058 00db 12       		.uleb128 0x12
 1059 00dc 21       		.uleb128 0x21
 1060 00dd 00       		.byte	0
 1061 00de 49       		.uleb128 0x49
 1062 00df 13       		.uleb128 0x13
 1063 00e0 2F       		.uleb128 0x2f
 1064 00e1 0B       		.uleb128 0xb
 1065 00e2 00       		.byte	0
 1066 00e3 00       		.byte	0
 1067 00e4 13       		.uleb128 0x13
 1068 00e5 2E       		.uleb128 0x2e
 1069 00e6 01       		.byte	0x1
 1070 00e7 3F       		.uleb128 0x3f
 1071 00e8 19       		.uleb128 0x19
 1072 00e9 03       		.uleb128 0x3
 1073 00ea 0E       		.uleb128 0xe
 1074 00eb 3A       		.uleb128 0x3a
 1075 00ec 0B       		.uleb128 0xb
 1076 00ed 3B       		.uleb128 0x3b
 1077 00ee 0B       		.uleb128 0xb
 1078 00ef 27       		.uleb128 0x27
 1079 00f0 19       		.uleb128 0x19
 1080 00f1 49       		.uleb128 0x49
 1081 00f2 13       		.uleb128 0x13
 1082 00f3 11       		.uleb128 0x11
 1083 00f4 01       		.uleb128 0x1
 1084 00f5 12       		.uleb128 0x12
 1085 00f6 06       		.uleb128 0x6
 1086 00f7 40       		.uleb128 0x40
 1087 00f8 18       		.uleb128 0x18
 1088 00f9 9742     		.uleb128 0x2117
 1089 00fb 19       		.uleb128 0x19
 1090 00fc 01       		.uleb128 0x1
 1091 00fd 13       		.uleb128 0x13
 1092 00fe 00       		.byte	0
 1093 00ff 00       		.byte	0
 1094 0100 14       		.uleb128 0x14
 1095 0101 05       		.uleb128 0x5
 1096 0102 00       		.byte	0
 1097 0103 03       		.uleb128 0x3
 1098 0104 0E       		.uleb128 0xe
 1099 0105 3A       		.uleb128 0x3a
 1100 0106 0B       		.uleb128 0xb
 1101 0107 3B       		.uleb128 0x3b
 1102 0108 0B       		.uleb128 0xb
 1103 0109 49       		.uleb128 0x49
ARM GAS  C:\Users\310295~1\AppData\Local\Temp\ccVpEK8p.s 			page 24


 1104 010a 13       		.uleb128 0x13
 1105 010b 02       		.uleb128 0x2
 1106 010c 17       		.uleb128 0x17
 1107 010d 00       		.byte	0
 1108 010e 00       		.byte	0
 1109 010f 15       		.uleb128 0x15
 1110 0110 34       		.uleb128 0x34
 1111 0111 00       		.byte	0
 1112 0112 03       		.uleb128 0x3
 1113 0113 08       		.uleb128 0x8
 1114 0114 3A       		.uleb128 0x3a
 1115 0115 0B       		.uleb128 0xb
 1116 0116 3B       		.uleb128 0x3b
 1117 0117 0B       		.uleb128 0xb
 1118 0118 49       		.uleb128 0x49
 1119 0119 13       		.uleb128 0x13
 1120 011a 02       		.uleb128 0x2
 1121 011b 17       		.uleb128 0x17
 1122 011c 00       		.byte	0
 1123 011d 00       		.byte	0
 1124 011e 16       		.uleb128 0x16
 1125 011f 898201   		.uleb128 0x4109
 1126 0122 00       		.byte	0
 1127 0123 11       		.uleb128 0x11
 1128 0124 01       		.uleb128 0x1
 1129 0125 31       		.uleb128 0x31
 1130 0126 13       		.uleb128 0x13
 1131 0127 00       		.byte	0
 1132 0128 00       		.byte	0
 1133 0129 17       		.uleb128 0x17
 1134 012a 2E       		.uleb128 0x2e
 1135 012b 01       		.byte	0x1
 1136 012c 3F       		.uleb128 0x3f
 1137 012d 19       		.uleb128 0x19
 1138 012e 03       		.uleb128 0x3
 1139 012f 0E       		.uleb128 0xe
 1140 0130 3A       		.uleb128 0x3a
 1141 0131 0B       		.uleb128 0xb
 1142 0132 3B       		.uleb128 0x3b
 1143 0133 0B       		.uleb128 0xb
 1144 0134 27       		.uleb128 0x27
 1145 0135 19       		.uleb128 0x19
 1146 0136 49       		.uleb128 0x49
 1147 0137 13       		.uleb128 0x13
 1148 0138 11       		.uleb128 0x11
 1149 0139 01       		.uleb128 0x1
 1150 013a 12       		.uleb128 0x12
 1151 013b 06       		.uleb128 0x6
 1152 013c 40       		.uleb128 0x40
 1153 013d 18       		.uleb128 0x18
 1154 013e 9642     		.uleb128 0x2116
 1155 0140 19       		.uleb128 0x19
 1156 0141 01       		.uleb128 0x1
 1157 0142 13       		.uleb128 0x13
 1158 0143 00       		.byte	0
 1159 0144 00       		.byte	0
 1160 0145 18       		.uleb128 0x18
ARM GAS  C:\Users\310295~1\AppData\Local\Temp\ccVpEK8p.s 			page 25


 1161 0146 05       		.uleb128 0x5
 1162 0147 00       		.byte	0
 1163 0148 03       		.uleb128 0x3
 1164 0149 0E       		.uleb128 0xe
 1165 014a 3A       		.uleb128 0x3a
 1166 014b 0B       		.uleb128 0xb
 1167 014c 3B       		.uleb128 0x3b
 1168 014d 0B       		.uleb128 0xb
 1169 014e 49       		.uleb128 0x49
 1170 014f 13       		.uleb128 0x13
 1171 0150 02       		.uleb128 0x2
 1172 0151 18       		.uleb128 0x18
 1173 0152 00       		.byte	0
 1174 0153 00       		.byte	0
 1175 0154 19       		.uleb128 0x19
 1176 0155 18       		.uleb128 0x18
 1177 0156 00       		.byte	0
 1178 0157 00       		.byte	0
 1179 0158 00       		.byte	0
 1180 0159 1A       		.uleb128 0x1a
 1181 015a 34       		.uleb128 0x34
 1182 015b 00       		.byte	0
 1183 015c 03       		.uleb128 0x3
 1184 015d 0E       		.uleb128 0xe
 1185 015e 3A       		.uleb128 0x3a
 1186 015f 0B       		.uleb128 0xb
 1187 0160 3B       		.uleb128 0x3b
 1188 0161 0B       		.uleb128 0xb
 1189 0162 49       		.uleb128 0x49
 1190 0163 13       		.uleb128 0x13
 1191 0164 02       		.uleb128 0x2
 1192 0165 17       		.uleb128 0x17
 1193 0166 00       		.byte	0
 1194 0167 00       		.byte	0
 1195 0168 1B       		.uleb128 0x1b
 1196 0169 34       		.uleb128 0x34
 1197 016a 00       		.byte	0
 1198 016b 03       		.uleb128 0x3
 1199 016c 08       		.uleb128 0x8
 1200 016d 3A       		.uleb128 0x3a
 1201 016e 0B       		.uleb128 0xb
 1202 016f 3B       		.uleb128 0x3b
 1203 0170 0B       		.uleb128 0xb
 1204 0171 49       		.uleb128 0x49
 1205 0172 13       		.uleb128 0x13
 1206 0173 02       		.uleb128 0x2
 1207 0174 18       		.uleb128 0x18
 1208 0175 00       		.byte	0
 1209 0176 00       		.byte	0
 1210 0177 1C       		.uleb128 0x1c
 1211 0178 2E       		.uleb128 0x2e
 1212 0179 01       		.byte	0x1
 1213 017a 3F       		.uleb128 0x3f
 1214 017b 19       		.uleb128 0x19
 1215 017c 03       		.uleb128 0x3
 1216 017d 0E       		.uleb128 0xe
 1217 017e 27       		.uleb128 0x27
ARM GAS  C:\Users\310295~1\AppData\Local\Temp\ccVpEK8p.s 			page 26


 1218 017f 19       		.uleb128 0x19
 1219 0180 49       		.uleb128 0x49
 1220 0181 13       		.uleb128 0x13
 1221 0182 34       		.uleb128 0x34
 1222 0183 19       		.uleb128 0x19
 1223 0184 3C       		.uleb128 0x3c
 1224 0185 19       		.uleb128 0x19
 1225 0186 01       		.uleb128 0x1
 1226 0187 13       		.uleb128 0x13
 1227 0188 00       		.byte	0
 1228 0189 00       		.byte	0
 1229 018a 1D       		.uleb128 0x1d
 1230 018b 05       		.uleb128 0x5
 1231 018c 00       		.byte	0
 1232 018d 49       		.uleb128 0x49
 1233 018e 13       		.uleb128 0x13
 1234 018f 00       		.byte	0
 1235 0190 00       		.byte	0
 1236 0191 1E       		.uleb128 0x1e
 1237 0192 26       		.uleb128 0x26
 1238 0193 00       		.byte	0
 1239 0194 00       		.byte	0
 1240 0195 00       		.byte	0
 1241 0196 1F       		.uleb128 0x1f
 1242 0197 2E       		.uleb128 0x2e
 1243 0198 01       		.byte	0x1
 1244 0199 3F       		.uleb128 0x3f
 1245 019a 19       		.uleb128 0x19
 1246 019b 03       		.uleb128 0x3
 1247 019c 0E       		.uleb128 0xe
 1248 019d 3A       		.uleb128 0x3a
 1249 019e 0B       		.uleb128 0xb
 1250 019f 3B       		.uleb128 0x3b
 1251 01a0 0B       		.uleb128 0xb
 1252 01a1 27       		.uleb128 0x27
 1253 01a2 19       		.uleb128 0x19
 1254 01a3 3C       		.uleb128 0x3c
 1255 01a4 19       		.uleb128 0x19
 1256 01a5 01       		.uleb128 0x1
 1257 01a6 13       		.uleb128 0x13
 1258 01a7 00       		.byte	0
 1259 01a8 00       		.byte	0
 1260 01a9 20       		.uleb128 0x20
 1261 01aa 2E       		.uleb128 0x2e
 1262 01ab 01       		.byte	0x1
 1263 01ac 3F       		.uleb128 0x3f
 1264 01ad 19       		.uleb128 0x19
 1265 01ae 03       		.uleb128 0x3
 1266 01af 0E       		.uleb128 0xe
 1267 01b0 3A       		.uleb128 0x3a
 1268 01b1 0B       		.uleb128 0xb
 1269 01b2 3B       		.uleb128 0x3b
 1270 01b3 0B       		.uleb128 0xb
 1271 01b4 27       		.uleb128 0x27
 1272 01b5 19       		.uleb128 0x19
 1273 01b6 49       		.uleb128 0x49
 1274 01b7 13       		.uleb128 0x13
ARM GAS  C:\Users\310295~1\AppData\Local\Temp\ccVpEK8p.s 			page 27


 1275 01b8 3C       		.uleb128 0x3c
 1276 01b9 19       		.uleb128 0x19
 1277 01ba 01       		.uleb128 0x1
 1278 01bb 13       		.uleb128 0x13
 1279 01bc 00       		.byte	0
 1280 01bd 00       		.byte	0
 1281 01be 00       		.byte	0
 1282              		.section	.debug_loc,"",%progbits
 1283              	.Ldebug_loc0:
 1284              	.LLST0:
 1285 0000 00000000 		.4byte	.LVL0
 1286 0004 0A000000 		.4byte	.LVL1
 1287 0008 0100     		.2byte	0x1
 1288 000a 50       		.byte	0x50
 1289 000b 0A000000 		.4byte	.LVL1
 1290 000f 2E000000 		.4byte	.LVL7
 1291 0013 0100     		.2byte	0x1
 1292 0015 55       		.byte	0x55
 1293 0016 2E000000 		.4byte	.LVL7
 1294 001a 34000000 		.4byte	.LFE0
 1295 001e 0400     		.2byte	0x4
 1296 0020 F3       		.byte	0xf3
 1297 0021 01       		.uleb128 0x1
 1298 0022 50       		.byte	0x50
 1299 0023 9F       		.byte	0x9f
 1300 0024 00000000 		.4byte	0
 1301 0028 00000000 		.4byte	0
 1302              	.LLST1:
 1303 002c 00000000 		.4byte	.LVL8
 1304 0030 08000000 		.4byte	.LVL9
 1305 0034 0100     		.2byte	0x1
 1306 0036 50       		.byte	0x50
 1307 0037 08000000 		.4byte	.LVL9
 1308 003b 1C000000 		.4byte	.LFE1
 1309 003f 0400     		.2byte	0x4
 1310 0041 F3       		.byte	0xf3
 1311 0042 01       		.uleb128 0x1
 1312 0043 50       		.byte	0x50
 1313 0044 9F       		.byte	0x9f
 1314 0045 00000000 		.4byte	0
 1315 0049 00000000 		.4byte	0
 1316              	.LLST2:
 1317 004d 00000000 		.4byte	.LVL8
 1318 0051 08000000 		.4byte	.LVL9
 1319 0055 0100     		.2byte	0x1
 1320 0057 51       		.byte	0x51
 1321 0058 08000000 		.4byte	.LVL9
 1322 005c 0E000000 		.4byte	.LVL10
 1323 0060 0100     		.2byte	0x1
 1324 0062 54       		.byte	0x54
 1325 0063 0E000000 		.4byte	.LVL10
 1326 0067 16000000 		.4byte	.LVL12
 1327 006b 0300     		.2byte	0x3
 1328 006d 74       		.byte	0x74
 1329 006e 01       		.sleb128 1
 1330 006f 9F       		.byte	0x9f
 1331 0070 16000000 		.4byte	.LVL12
ARM GAS  C:\Users\310295~1\AppData\Local\Temp\ccVpEK8p.s 			page 28


 1332 0074 1A000000 		.4byte	.LVL13
 1333 0078 0100     		.2byte	0x1
 1334 007a 54       		.byte	0x54
 1335 007b 00000000 		.4byte	0
 1336 007f 00000000 		.4byte	0
 1337              	.LLST3:
 1338 0083 00000000 		.4byte	.LVL8
 1339 0087 08000000 		.4byte	.LVL9
 1340 008b 0100     		.2byte	0x1
 1341 008d 52       		.byte	0x52
 1342 008e 08000000 		.4byte	.LVL9
 1343 0092 1A000000 		.4byte	.LVL14
 1344 0096 0100     		.2byte	0x1
 1345 0098 55       		.byte	0x55
 1346 0099 1A000000 		.4byte	.LVL14
 1347 009d 1C000000 		.4byte	.LFE1
 1348 00a1 0100     		.2byte	0x1
 1349 00a3 50       		.byte	0x50
 1350 00a4 00000000 		.4byte	0
 1351 00a8 00000000 		.4byte	0
 1352              	.LLST4:
 1353 00ac 00000000 		.4byte	.LVL8
 1354 00b0 08000000 		.4byte	.LVL9
 1355 00b4 0200     		.2byte	0x2
 1356 00b6 30       		.byte	0x30
 1357 00b7 9F       		.byte	0x9f
 1358 00b8 08000000 		.4byte	.LVL9
 1359 00bc 14000000 		.4byte	.LVL11
 1360 00c0 0600     		.2byte	0x6
 1361 00c2 74       		.byte	0x74
 1362 00c3 00       		.sleb128 0
 1363 00c4 76       		.byte	0x76
 1364 00c5 00       		.sleb128 0
 1365 00c6 1C       		.byte	0x1c
 1366 00c7 9F       		.byte	0x9f
 1367 00c8 14000000 		.4byte	.LVL11
 1368 00cc 16000000 		.4byte	.LVL12
 1369 00d0 0800     		.2byte	0x8
 1370 00d2 74       		.byte	0x74
 1371 00d3 00       		.sleb128 0
 1372 00d4 76       		.byte	0x76
 1373 00d5 00       		.sleb128 0
 1374 00d6 1C       		.byte	0x1c
 1375 00d7 23       		.byte	0x23
 1376 00d8 01       		.uleb128 0x1
 1377 00d9 9F       		.byte	0x9f
 1378 00da 16000000 		.4byte	.LVL12
 1379 00de 1A000000 		.4byte	.LVL13
 1380 00e2 0600     		.2byte	0x6
 1381 00e4 74       		.byte	0x74
 1382 00e5 00       		.sleb128 0
 1383 00e6 76       		.byte	0x76
 1384 00e7 00       		.sleb128 0
 1385 00e8 1C       		.byte	0x1c
 1386 00e9 9F       		.byte	0x9f
 1387 00ea 00000000 		.4byte	0
 1388 00ee 00000000 		.4byte	0
ARM GAS  C:\Users\310295~1\AppData\Local\Temp\ccVpEK8p.s 			page 29


 1389              	.LLST5:
 1390 00f2 00000000 		.4byte	.LVL15
 1391 00f6 15000000 		.4byte	.LVL17-1
 1392 00fa 0100     		.2byte	0x1
 1393 00fc 50       		.byte	0x50
 1394 00fd 15000000 		.4byte	.LVL17-1
 1395 0101 2A000000 		.4byte	.LVL20
 1396 0105 0100     		.2byte	0x1
 1397 0107 55       		.byte	0x55
 1398 0108 2A000000 		.4byte	.LVL20
 1399 010c 2E000000 		.4byte	.LVL21
 1400 0110 0100     		.2byte	0x1
 1401 0112 50       		.byte	0x50
 1402 0113 2E000000 		.4byte	.LVL21
 1403 0117 2E000000 		.4byte	.LVL23
 1404 011b 0100     		.2byte	0x1
 1405 011d 55       		.byte	0x55
 1406 011e 00000000 		.4byte	0
 1407 0122 00000000 		.4byte	0
 1408              	.LLST6:
 1409 0126 00000000 		.4byte	.LVL15
 1410 012a 0E000000 		.4byte	.LVL16
 1411 012e 0100     		.2byte	0x1
 1412 0130 51       		.byte	0x51
 1413 0131 0E000000 		.4byte	.LVL16
 1414 0135 2E000000 		.4byte	.LVL24
 1415 0139 0100     		.2byte	0x1
 1416 013b 56       		.byte	0x56
 1417 013c 2E000000 		.4byte	.LVL24
 1418 0140 38000000 		.4byte	.LFE3
 1419 0144 0400     		.2byte	0x4
 1420 0146 F3       		.byte	0xf3
 1421 0147 01       		.uleb128 0x1
 1422 0148 51       		.byte	0x51
 1423 0149 9F       		.byte	0x9f
 1424 014a 00000000 		.4byte	0
 1425 014e 00000000 		.4byte	0
 1426              	.LLST7:
 1427 0152 00000000 		.4byte	.LVL15
 1428 0156 0E000000 		.4byte	.LVL16
 1429 015a 0600     		.2byte	0x6
 1430 015c 03       		.byte	0x3
 1431 015d 31000000 		.4byte	buffer.5302+49
 1432 0161 9F       		.byte	0x9f
 1433 0162 0E000000 		.4byte	.LVL16
 1434 0166 2E000000 		.4byte	.LVL22
 1435 016a 0100     		.2byte	0x1
 1436 016c 54       		.byte	0x54
 1437 016d 2E000000 		.4byte	.LVL22
 1438 0171 38000000 		.4byte	.LFE3
 1439 0175 0100     		.2byte	0x1
 1440 0177 50       		.byte	0x50
 1441 0178 00000000 		.4byte	0
 1442 017c 00000000 		.4byte	0
 1443              	.LLST8:
 1444 0180 0A000000 		.4byte	.LVL26
 1445 0184 1E000000 		.4byte	.LVL29
ARM GAS  C:\Users\310295~1\AppData\Local\Temp\ccVpEK8p.s 			page 30


 1446 0188 0100     		.2byte	0x1
 1447 018a 54       		.byte	0x54
 1448 018b 1E000000 		.4byte	.LVL29
 1449 018f 8E000000 		.4byte	.LVL44
 1450 0193 0300     		.2byte	0x3
 1451 0195 74       		.byte	0x74
 1452 0196 01       		.sleb128 1
 1453 0197 9F       		.byte	0x9f
 1454 0198 8E000000 		.4byte	.LVL44
 1455 019c 90000000 		.4byte	.LVL45
 1456 01a0 0100     		.2byte	0x1
 1457 01a2 54       		.byte	0x54
 1458 01a3 00000000 		.4byte	0
 1459 01a7 00000000 		.4byte	0
 1460              	.LLST9:
 1461 01ab 40000000 		.4byte	.LVL30
 1462 01af 44000000 		.4byte	.LVL31
 1463 01b3 0200     		.2byte	0x2
 1464 01b5 73       		.byte	0x73
 1465 01b6 00       		.sleb128 0
 1466 01b7 4E000000 		.4byte	.LVL32
 1467 01bb 51000000 		.4byte	.LVL33-1
 1468 01bf 0200     		.2byte	0x2
 1469 01c1 73       		.byte	0x73
 1470 01c2 00       		.sleb128 0
 1471 01c3 58000000 		.4byte	.LVL34
 1472 01c7 6E000000 		.4byte	.LVL37
 1473 01cb 0100     		.2byte	0x1
 1474 01cd 55       		.byte	0x55
 1475 01ce 76000000 		.4byte	.LVL38
 1476 01d2 7A000000 		.4byte	.LVL39
 1477 01d6 0200     		.2byte	0x2
 1478 01d8 73       		.byte	0x73
 1479 01d9 00       		.sleb128 0
 1480 01da 84000000 		.4byte	.LVL41
 1481 01de 87000000 		.4byte	.LVL42-1
 1482 01e2 0100     		.2byte	0x1
 1483 01e4 50       		.byte	0x50
 1484 01e5 00000000 		.4byte	0
 1485 01e9 00000000 		.4byte	0
 1486              	.LLST10:
 1487 01ed 80000000 		.4byte	.LVL40
 1488 01f1 84000000 		.4byte	.LVL41
 1489 01f5 0200     		.2byte	0x2
 1490 01f7 73       		.byte	0x73
 1491 01f8 00       		.sleb128 0
 1492 01f9 00000000 		.4byte	0
 1493 01fd 00000000 		.4byte	0
 1494              		.section	.debug_aranges,"",%progbits
 1495 0000 34000000 		.4byte	0x34
 1496 0004 0200     		.2byte	0x2
 1497 0006 00000000 		.4byte	.Ldebug_info0
 1498 000a 04       		.byte	0x4
 1499 000b 00       		.byte	0
 1500 000c 0000     		.2byte	0
 1501 000e 0000     		.2byte	0
 1502 0010 00000000 		.4byte	.LFB0
ARM GAS  C:\Users\310295~1\AppData\Local\Temp\ccVpEK8p.s 			page 31


 1503 0014 34000000 		.4byte	.LFE0-.LFB0
 1504 0018 00000000 		.4byte	.LFB1
 1505 001c 1C000000 		.4byte	.LFE1-.LFB1
 1506 0020 00000000 		.4byte	.LFB3
 1507 0024 38000000 		.4byte	.LFE3-.LFB3
 1508 0028 00000000 		.4byte	.LFB2
 1509 002c 98000000 		.4byte	.LFE2-.LFB2
 1510 0030 00000000 		.4byte	0
 1511 0034 00000000 		.4byte	0
 1512              		.section	.debug_ranges,"",%progbits
 1513              	.Ldebug_ranges0:
 1514 0000 00000000 		.4byte	.LFB0
 1515 0004 34000000 		.4byte	.LFE0
 1516 0008 00000000 		.4byte	.LFB1
 1517 000c 1C000000 		.4byte	.LFE1
 1518 0010 00000000 		.4byte	.LFB3
 1519 0014 38000000 		.4byte	.LFE3
 1520 0018 00000000 		.4byte	.LFB2
 1521 001c 98000000 		.4byte	.LFE2
 1522 0020 00000000 		.4byte	0
 1523 0024 00000000 		.4byte	0
 1524              		.section	.debug_line,"",%progbits
 1525              	.Ldebug_line0:
 1526 0000 9E020000 		.section	.debug_str,"MS",%progbits,1
 1526      0200F201 
 1526      00000201 
 1526      FB0E0D00 
 1526      01010101 
 1527              	.LASF9:
 1528 0000 5F5F7569 		.ascii	"__uint8_t\000"
 1528      6E74385F 
 1528      7400
 1529              	.LASF36:
 1530 000a 474E5520 		.ascii	"GNU C 4.9.3 20150303 (release) [ARM/embedded-4_9-br"
 1530      4320342E 
 1530      392E3320 
 1530      32303135 
 1530      30333033 
 1531 003d 616E6368 		.ascii	"anch revision 221220] -mcpu=cortex-m0 -mthumb -g -O"
 1531      20726576 
 1531      6973696F 
 1531      6E203232 
 1531      31323230 
 1532 0070 73202D66 		.ascii	"s -ffunction-sections -ffat-lto-objects\000"
 1532      66756E63 
 1532      74696F6E 
 1532      2D736563 
 1532      74696F6E 
 1533              	.LASF18:
 1534 0098 666C6F61 		.ascii	"float\000"
 1534      7400
 1535              	.LASF28:
 1536 009e 44656275 		.ascii	"DebugCode\000"
 1536      67436F64 
 1536      6500
 1537              	.LASF29:
 1538 00a8 736B5F70 		.ascii	"sk_printf\000"
ARM GAS  C:\Users\310295~1\AppData\Local\Temp\ccVpEK8p.s 			page 32


 1538      72696E74 
 1538      6600
 1539              	.LASF3:
 1540 00b2 73686F72 		.ascii	"short unsigned int\000"
 1540      7420756E 
 1540      7369676E 
 1540      65642069 
 1540      6E7400
 1541              	.LASF34:
 1542 00c5 55415254 		.ascii	"UART_Dbg_PutChar\000"
 1542      5F446267 
 1542      5F507574 
 1542      43686172 
 1542      00
 1543              	.LASF41:
 1544 00d6 7374726C 		.ascii	"strlen\000"
 1544      656E00
 1545              	.LASF14:
 1546 00dd 76615F6C 		.ascii	"va_list\000"
 1546      69737400 
 1547              	.LASF1:
 1548 00e5 756E7369 		.ascii	"unsigned char\000"
 1548      676E6564 
 1548      20636861 
 1548      7200
 1549              	.LASF35:
 1550 00f3 55415254 		.ascii	"UART_Dbg_PutString\000"
 1550      5F446267 
 1550      5F507574 
 1550      53747269 
 1550      6E6700
 1551              	.LASF20:
 1552 0106 63686172 		.ascii	"char8\000"
 1552      3800
 1553              	.LASF5:
 1554 010c 6C6F6E67 		.ascii	"long unsigned int\000"
 1554      20756E73 
 1554      69676E65 
 1554      6420696E 
 1554      7400
 1555              	.LASF16:
 1556 011e 75696E74 		.ascii	"uint8\000"
 1556      3800
 1557              	.LASF10:
 1558 0124 73697A65 		.ascii	"size_t\000"
 1558      5F7400
 1559              	.LASF21:
 1560 012b 66696C65 		.ascii	"file\000"
 1560      00
 1561              	.LASF19:
 1562 0130 646F7562 		.ascii	"double\000"
 1562      6C6500
 1563              	.LASF24:
 1564 0137 636F6E76 		.ascii	"convert\000"
 1564      65727400 
 1565              	.LASF11:
 1566 013f 5F5F676E 		.ascii	"__gnuc_va_list\000"
ARM GAS  C:\Users\310295~1\AppData\Local\Temp\ccVpEK8p.s 			page 33


 1566      75635F76 
 1566      615F6C69 
 1566      737400
 1567              	.LASF31:
 1568 014e 74726176 		.ascii	"traverse\000"
 1568      65727365 
 1568      00
 1569              	.LASF30:
 1570 0157 666F726D 		.ascii	"format\000"
 1570      617400
 1571              	.LASF17:
 1572 015e 75696E74 		.ascii	"uint32\000"
 1572      333200
 1573              	.LASF25:
 1574 0165 62617365 		.ascii	"base\000"
 1574      00
 1575              	.LASF8:
 1576 016a 756E7369 		.ascii	"unsigned int\000"
 1576      676E6564 
 1576      20696E74 
 1576      00
 1577              	.LASF37:
 1578 0177 2E5C6465 		.ascii	".\\debug.c\000"
 1578      6275672E 
 1578      6300
 1579              	.LASF7:
 1580 0181 6C6F6E67 		.ascii	"long long unsigned int\000"
 1580      206C6F6E 
 1580      6720756E 
 1580      7369676E 
 1580      65642069 
 1581              	.LASF15:
 1582 0198 75696E74 		.ascii	"uint8_t\000"
 1582      385F7400 
 1583              	.LASF40:
 1584 01a0 5F5F6170 		.ascii	"__ap\000"
 1584      00
 1585              	.LASF23:
 1586 01a5 5F777269 		.ascii	"_write\000"
 1586      746500
 1587              	.LASF39:
 1588 01ac 5F5F7661 		.ascii	"__va_list\000"
 1588      5F6C6973 
 1588      7400
 1589              	.LASF6:
 1590 01b6 6C6F6E67 		.ascii	"long long int\000"
 1590      206C6F6E 
 1590      6720696E 
 1590      7400
 1591              	.LASF12:
 1592 01c4 73697A65 		.ascii	"sizetype\000"
 1592      74797065 
 1592      00
 1593              	.LASF32:
 1594 01cd 6D656D63 		.ascii	"memcpy\000"
 1594      707900
 1595              	.LASF38:
ARM GAS  C:\Users\310295~1\AppData\Local\Temp\ccVpEK8p.s 			page 34


 1596 01d4 433A5C57 		.ascii	"C:\\Work\\BLE_Proximity\\BLE_Proximity01\\BLE_Trans"
 1596      6F726B5C 
 1596      424C455F 
 1596      50726F78 
 1596      696D6974 
 1597 0203 6665722E 		.ascii	"fer.cydsn\000"
 1597      63796473 
 1597      6E00
 1598              	.LASF33:
 1599 020d 55415254 		.ascii	"UART_Dbg_PutArray\000"
 1599      5F446267 
 1599      5F507574 
 1599      41727261 
 1599      7900
 1600              	.LASF2:
 1601 021f 73686F72 		.ascii	"short int\000"
 1601      7420696E 
 1601      7400
 1602              	.LASF26:
 1603 0229 52657072 		.ascii	"Representation\000"
 1603      6573656E 
 1603      74617469 
 1603      6F6E00
 1604              	.LASF27:
 1605 0238 62756666 		.ascii	"buffer\000"
 1605      657200
 1606              	.LASF4:
 1607 023f 6C6F6E67 		.ascii	"long int\000"
 1607      20696E74 
 1607      00
 1608              	.LASF13:
 1609 0248 63686172 		.ascii	"char\000"
 1609      00
 1610              	.LASF0:
 1611 024d 7369676E 		.ascii	"signed char\000"
 1611      65642063 
 1611      68617200 
 1612              	.LASF22:
 1613 0259 656E646C 		.ascii	"endline\000"
 1613      696E6500 
 1614              		.ident	"GCC: (GNU Tools for ARM Embedded Processors) 4.9.3 20150303 (release) [ARM/embedded-4_9-br
