--------------- Rebuild Started: 02/22/2018 13:06:13 Project: BLE_Transfer, Configuration: ARM GCC 4.9-2015-q1-update Release ---------------
Deleting file ".\BLE_Transfer.cycdx"
Deleting file ".\BLE_Transfer.rpt"
Deleting file ".\BLE_Transfer_timing.html"
cydsfit.exe -.appdatapath "C:\Users\310295374\AppData\Local\Cypress Semiconductor\PSoC Creator\3.3" -.fdsnotice -.fdswarpdepfile=warp_dependencies.txt -.fdselabdepfile=elab_dependencies.txt -.fdsbldfile=generated_files.txt -p C:\Work\BLE_Proximity\BLE_Proximity01\BLE_Transfer.cydsn\BLE_Transfer.cyprj -d CY8C4247LQI-BL483 -s C:\Work\BLE_Proximity\BLE_Proximity01\BLE_Transfer.cydsn\Generated_Source\PSoC4 -- -yv2 -q10 -ygs -o2 -v3 -.fftcfgtype=LE
Elaborating Design...
HDL Generation ...
Synthesis ...
Place and Route ...
Tech mapping ...
Analog Placement ...
Analog Routing ...
Analog Code Generation ...
Digital Placement ...
Digital Routing ...
Bitstream Generation ...
Static timing analysis ...
API Generation ...
Dependency Generation ...
Clean Temporary Files ...
arm-none-eabi-gcc.exe -mcpu=cortex-m0 -mthumb -Wno-main -I. -IGenerated_Source\PSoC4 -Wa,-alh=.\CortexM0\ARM_GCC_493\Release/main.lst -g -D NDEBUG -Wall -ffunction-sections -Os -ffat-lto-objects -c .\main.c -o .\CortexM0\ARM_GCC_493\Release\main.o
arm-none-eabi-gcc.exe -mcpu=cortex-m0 -mthumb -Wno-main -I. -IGenerated_Source\PSoC4 -Wa,-alh=.\CortexM0\ARM_GCC_493\Release/debug.lst -g -D NDEBUG -Wall -ffunction-sections -Os -ffat-lto-objects -c .\debug.c -o .\CortexM0\ARM_GCC_493\Release\debug.o
arm-none-eabi-gcc.exe -mcpu=cortex-m0 -mthumb -Wno-main -I. -IGenerated_Source\PSoC4 -Wa,-alh=.\CortexM0\ARM_GCC_493\Release/cyfitter_cfg.lst -g -D NDEBUG -Wall -ffunction-sections -Os -ffat-lto-objects -c .\Generated_Source\PSoC4\cyfitter_cfg.c -o .\CortexM0\ARM_GCC_493\Release\cyfitter_cfg.o
arm-none-eabi-gcc.exe -mcpu=cortex-m0 -mthumb -Wno-main -I. -IGenerated_Source\PSoC4 -Wa,-alh=.\CortexM0\ARM_GCC_493\Release/cymetadata.lst -g -D NDEBUG -Wall -ffunction-sections -Os -ffat-lto-objects -c .\Generated_Source\PSoC4\cymetadata.c -o .\CortexM0\ARM_GCC_493\Release\cymetadata.o
arm-none-eabi-gcc.exe -mcpu=cortex-m0 -mthumb -Wno-main -I. -IGenerated_Source\PSoC4 -Wa,-alh=.\CortexM0\ARM_GCC_493\Release/BLE_System.lst -g -D NDEBUG -Wall -ffunction-sections -Os -ffat-lto-objects -c .\Generated_Source\PSoC4\BLE_System.c -o .\CortexM0\ARM_GCC_493\Release\BLE_System.o
arm-none-eabi-gcc.exe -mcpu=cortex-m0 -mthumb -Wno-main -I. -IGenerated_Source\PSoC4 -Wa,-alh=.\CortexM0\ARM_GCC_493\Release/BLE_System_gatt.lst -g -D NDEBUG -Wall -ffunction-sections -Os -ffat-lto-objects -c .\Generated_Source\PSoC4\BLE_System_gatt.c -o .\CortexM0\ARM_GCC_493\Release\BLE_System_gatt.o
arm-none-eabi-gcc.exe -mcpu=cortex-m0 -mthumb -Wno-main -I. -IGenerated_Source\PSoC4 -Wa,-alh=.\CortexM0\ARM_GCC_493\Release/BLE_System_eventHandler.lst -g -D NDEBUG -Wall -ffunction-sections -Os -ffat-lto-objects -c .\Generated_Source\PSoC4\BLE_System_eventHandler.c -o .\CortexM0\ARM_GCC_493\Release\BLE_System_eventHandler.o
arm-none-eabi-gcc.exe -mcpu=cortex-m0 -mthumb -Wno-main -I. -IGenerated_Source\PSoC4 -Wa,-alh=.\CortexM0\ARM_GCC_493\Release/BLE_System_HAL_INT.lst -g -D NDEBUG -Wall -ffunction-sections -Os -ffat-lto-objects -c .\Generated_Source\PSoC4\BLE_System_HAL_INT.c -o .\CortexM0\ARM_GCC_493\Release\BLE_System_HAL_INT.o
arm-none-eabi-gcc.exe -mcpu=cortex-m0 -mthumb -Wno-main -I. -IGenerated_Source\PSoC4 -Wa,-alh=.\CortexM0\ARM_GCC_493\Release/BLE_System_HAL_PVT.lst -g -D NDEBUG -Wall -ffunction-sections -Os -ffat-lto-objects -c .\Generated_Source\PSoC4\BLE_System_HAL_PVT.c -o .\CortexM0\ARM_GCC_493\Release\BLE_System_HAL_PVT.o
arm-none-eabi-gcc.exe -mcpu=cortex-m0 -mthumb -Wno-main -I. -IGenerated_Source\PSoC4 -Wa,-alh=.\CortexM0\ARM_GCC_493\Release/BLE_System_custom.lst -g -D NDEBUG -Wall -ffunction-sections -Os -ffat-lto-objects -c .\Generated_Source\PSoC4\BLE_System_custom.c -o .\CortexM0\ARM_GCC_493\Release\BLE_System_custom.o
arm-none-eabi-gcc.exe -mcpu=cortex-m0 -mthumb -Wno-main -I. -IGenerated_Source\PSoC4 -Wa,-alh=.\CortexM0\ARM_GCC_493\Release/BLE_System_bless_isr.lst -g -D NDEBUG -Wall -ffunction-sections -Os -ffat-lto-objects -c .\Generated_Source\PSoC4\BLE_System_bless_isr.c -o .\CortexM0\ARM_GCC_493\Release\BLE_System_bless_isr.o
arm-none-eabi-gcc.exe -mcpu=cortex-m0 -mthumb -Wno-main -I. -IGenerated_Source\PSoC4 -Wa,-alh=.\CortexM0\ARM_GCC_493\Release/Cm0Start.lst -g -D NDEBUG -Wall -ffunction-sections -Os -ffat-lto-objects -c .\Generated_Source\PSoC4\Cm0Start.c -o .\CortexM0\ARM_GCC_493\Release\Cm0Start.o
arm-none-eabi-as.exe -mcpu=cortex-m0 -mthumb -I. -IGenerated_Source\PSoC4 -alh=.\CortexM0\ARM_GCC_493\Release/CyBootAsmGnu.lst -g -W -o .\CortexM0\ARM_GCC_493\Release\CyBootAsmGnu.o .\Generated_Source\PSoC4\CyBootAsmGnu.s
arm-none-eabi-gcc.exe -mcpu=cortex-m0 -mthumb -Wno-main -I. -IGenerated_Source\PSoC4 -Wa,-alh=.\CortexM0\ARM_GCC_493\Release/CyFlash.lst -g -D NDEBUG -Wall -ffunction-sections -Os -ffat-lto-objects -c .\Generated_Source\PSoC4\CyFlash.c -o .\CortexM0\ARM_GCC_493\Release\CyFlash.o
arm-none-eabi-gcc.exe -mcpu=cortex-m0 -mthumb -Wno-main -I. -IGenerated_Source\PSoC4 -Wa,-alh=.\CortexM0\ARM_GCC_493\Release/CyLib.lst -g -D NDEBUG -Wall -ffunction-sections -Os -ffat-lto-objects -c .\Generated_Source\PSoC4\CyLib.c -o .\CortexM0\ARM_GCC_493\Release\CyLib.o
arm-none-eabi-gcc.exe -mcpu=cortex-m0 -mthumb -Wno-main -I. -IGenerated_Source\PSoC4 -Wa,-alh=.\CortexM0\ARM_GCC_493\Release/cyPm.lst -g -D NDEBUG -Wall -ffunction-sections -Os -ffat-lto-objects -c .\Generated_Source\PSoC4\cyPm.c -o .\CortexM0\ARM_GCC_493\Release\cyPm.o
arm-none-eabi-gcc.exe -mcpu=cortex-m0 -mthumb -Wno-main -I. -IGenerated_Source\PSoC4 -Wa,-alh=.\CortexM0\ARM_GCC_493\Release/cyutils.lst -g -D NDEBUG -Wall -ffunction-sections -Os -ffat-lto-objects -c .\Generated_Source\PSoC4\cyutils.c -o .\CortexM0\ARM_GCC_493\Release\cyutils.o
arm-none-eabi-gcc.exe -mcpu=cortex-m0 -mthumb -Wno-main -I. -IGenerated_Source\PSoC4 -Wa,-alh=.\CortexM0\ARM_GCC_493\Release/CyLFClk.lst -g -D NDEBUG -Wall -ffunction-sections -Os -ffat-lto-objects -c .\Generated_Source\PSoC4\CyLFClk.c -o .\CortexM0\ARM_GCC_493\Release\CyLFClk.o
arm-none-eabi-as.exe -mcpu=cortex-m0 -mthumb -I. -IGenerated_Source\PSoC4 -alh=.\CortexM0\ARM_GCC_493\Release/UART_Dbg_AsmGnu.lst -g -W -o .\CortexM0\ARM_GCC_493\Release\UART_Dbg_AsmGnu.o .\Generated_Source\PSoC4\UART_Dbg_AsmGnu.s
arm-none-eabi-gcc.exe -mcpu=cortex-m0 -mthumb -Wno-main -I. -IGenerated_Source\PSoC4 -Wa,-alh=.\CortexM0\ARM_GCC_493\Release/UART_Dbg.lst -g -D NDEBUG -Wall -ffunction-sections -Os -ffat-lto-objects -c .\Generated_Source\PSoC4\UART_Dbg.c -o .\CortexM0\ARM_GCC_493\Release\UART_Dbg.o
arm-none-eabi-gcc.exe -mcpu=cortex-m0 -mthumb -Wno-main -I. -IGenerated_Source\PSoC4 -Wa,-alh=.\CortexM0\ARM_GCC_493\Release/Button.lst -g -D NDEBUG -Wall -ffunction-sections -Os -ffat-lto-objects -c .\Generated_Source\PSoC4\Button.c -o .\CortexM0\ARM_GCC_493\Release\Button.o
arm-none-eabi-gcc.exe -mcpu=cortex-m0 -mthumb -Wno-main -I. -IGenerated_Source\PSoC4 -Wa,-alh=.\CortexM0\ARM_GCC_493\Release/Button_PM.lst -g -D NDEBUG -Wall -ffunction-sections -Os -ffat-lto-objects -c .\Generated_Source\PSoC4\Button_PM.c -o .\CortexM0\ARM_GCC_493\Release\Button_PM.o
arm-none-eabi-gcc.exe -mcpu=cortex-m0 -mthumb -Wno-main -I. -IGenerated_Source\PSoC4 -Wa,-alh=.\CortexM0\ARM_GCC_493\Release/PWR_CTR1.lst -g -D NDEBUG -Wall -ffunction-sections -Os -ffat-lto-objects -c .\Generated_Source\PSoC4\PWR_CTR1.c -o .\CortexM0\ARM_GCC_493\Release\PWR_CTR1.o
arm-none-eabi-gcc.exe -mcpu=cortex-m0 -mthumb -Wno-main -I. -IGenerated_Source\PSoC4 -Wa,-alh=.\CortexM0\ARM_GCC_493\Release/PWR_CTR1_PM.lst -g -D NDEBUG -Wall -ffunction-sections -Os -ffat-lto-objects -c .\Generated_Source\PSoC4\PWR_CTR1_PM.c -o .\CortexM0\ARM_GCC_493\Release\PWR_CTR1_PM.o
arm-none-eabi-gcc.exe -mcpu=cortex-m0 -mthumb -Wno-main -I. -IGenerated_Source\PSoC4 -Wa,-alh=.\CortexM0\ARM_GCC_493\Release/isr_Button.lst -g -D NDEBUG -Wall -ffunction-sections -Os -ffat-lto-objects -c .\Generated_Source\PSoC4\isr_Button.c -o .\CortexM0\ARM_GCC_493\Release\isr_Button.o
arm-none-eabi-gcc.exe -mcpu=cortex-m0 -mthumb -Wno-main -I. -IGenerated_Source\PSoC4 -Wa,-alh=.\CortexM0\ARM_GCC_493\Release/PWR_CTR2.lst -g -D NDEBUG -Wall -ffunction-sections -Os -ffat-lto-objects -c .\Generated_Source\PSoC4\PWR_CTR2.c -o .\CortexM0\ARM_GCC_493\Release\PWR_CTR2.o
arm-none-eabi-gcc.exe -mcpu=cortex-m0 -mthumb -Wno-main -I. -IGenerated_Source\PSoC4 -Wa,-alh=.\CortexM0\ARM_GCC_493\Release/PWR_CTR2_PM.lst -g -D NDEBUG -Wall -ffunction-sections -Os -ffat-lto-objects -c .\Generated_Source\PSoC4\PWR_CTR2_PM.c -o .\CortexM0\ARM_GCC_493\Release\PWR_CTR2_PM.o
arm-none-eabi-gcc.exe -mcpu=cortex-m0 -mthumb -Wno-main -I. -IGenerated_Source\PSoC4 -Wa,-alh=.\CortexM0\ARM_GCC_493\Release/PWR_CTR3.lst -g -D NDEBUG -Wall -ffunction-sections -Os -ffat-lto-objects -c .\Generated_Source\PSoC4\PWR_CTR3.c -o .\CortexM0\ARM_GCC_493\Release\PWR_CTR3.o
arm-none-eabi-gcc.exe -mcpu=cortex-m0 -mthumb -Wno-main -I. -IGenerated_Source\PSoC4 -Wa,-alh=.\CortexM0\ARM_GCC_493\Release/PWR_CTR3_PM.lst -g -D NDEBUG -Wall -ffunction-sections -Os -ffat-lto-objects -c .\Generated_Source\PSoC4\PWR_CTR3_PM.c -o .\CortexM0\ARM_GCC_493\Release\PWR_CTR3_PM.o
arm-none-eabi-gcc.exe -mcpu=cortex-m0 -mthumb -Wno-main -I. -IGenerated_Source\PSoC4 -Wa,-alh=.\CortexM0\ARM_GCC_493\Release/PWR_CTR4.lst -g -D NDEBUG -Wall -ffunction-sections -Os -ffat-lto-objects -c .\Generated_Source\PSoC4\PWR_CTR4.c -o .\CortexM0\ARM_GCC_493\Release\PWR_CTR4.o
arm-none-eabi-gcc.exe -mcpu=cortex-m0 -mthumb -Wno-main -I. -IGenerated_Source\PSoC4 -Wa,-alh=.\CortexM0\ARM_GCC_493\Release/PWR_CTR4_PM.lst -g -D NDEBUG -Wall -ffunction-sections -Os -ffat-lto-objects -c .\Generated_Source\PSoC4\PWR_CTR4_PM.c -o .\CortexM0\ARM_GCC_493\Release\PWR_CTR4_PM.o
arm-none-eabi-gcc.exe -mcpu=cortex-m0 -mthumb -Wno-main -I. -IGenerated_Source\PSoC4 -Wa,-alh=.\CortexM0\ARM_GCC_493\Release/pwr_set.lst -g -D NDEBUG -Wall -ffunction-sections -Os -ffat-lto-objects -c .\Generated_Source\PSoC4\pwr_set.c -o .\CortexM0\ARM_GCC_493\Release\pwr_set.o
arm-none-eabi-gcc.exe -mcpu=cortex-m0 -mthumb -Wno-main -I. -IGenerated_Source\PSoC4 -Wa,-alh=.\CortexM0\ARM_GCC_493\Release/pwr_set_PM.lst -g -D NDEBUG -Wall -ffunction-sections -Os -ffat-lto-objects -c .\Generated_Source\PSoC4\pwr_set_PM.c -o .\CortexM0\ARM_GCC_493\Release\pwr_set_PM.o
arm-none-eabi-ar.exe -rs .\CortexM0\ARM_GCC_493\Release\BLE_Transfer.a .\CortexM0\ARM_GCC_493\Release\cyfitter_cfg.o .\CortexM0\ARM_GCC_493\Release\BLE_System.o .\CortexM0\ARM_GCC_493\Release\BLE_System_gatt.o .\CortexM0\ARM_GCC_493\Release\BLE_System_eventHandler.o .\CortexM0\ARM_GCC_493\Release\BLE_System_HAL_INT.o .\CortexM0\ARM_GCC_493\Release\BLE_System_HAL_PVT.o .\CortexM0\ARM_GCC_493\Release\BLE_System_custom.o .\CortexM0\ARM_GCC_493\Release\BLE_System_bless_isr.o .\CortexM0\ARM_GCC_493\Release\CyBootAsmGnu.o .\CortexM0\ARM_GCC_493\Release\CyFlash.o .\CortexM0\ARM_GCC_493\Release\CyLib.o .\CortexM0\ARM_GCC_493\Release\cyPm.o .\CortexM0\ARM_GCC_493\Release\cyutils.o .\CortexM0\ARM_GCC_493\Release\CyLFClk.o .\CortexM0\ARM_GCC_493\Release\UART_Dbg_AsmGnu.o .\CortexM0\ARM_GCC_493\Release\UART_Dbg.o .\CortexM0\ARM_GCC_493\Release\Button.o .\CortexM0\ARM_GCC_493\Release\Button_PM.o .\CortexM0\ARM_GCC_493\Release\PWR_CTR1.o .\CortexM0\ARM_GCC_493\Release\PWR_CTR1_PM.o .\CortexM0\ARM_GCC_493\Release\isr_Button.o .\CortexM0\ARM_GCC_493\Release\PWR_CTR2.o .\CortexM0\ARM_GCC_493\Release\PWR_CTR2_PM.o .\CortexM0\ARM_GCC_493\Release\PWR_CTR3.o .\CortexM0\ARM_GCC_493\Release\PWR_CTR3_PM.o .\CortexM0\ARM_GCC_493\Release\PWR_CTR4.o .\CortexM0\ARM_GCC_493\Release\PWR_CTR4_PM.o .\CortexM0\ARM_GCC_493\Release\pwr_set.o .\CortexM0\ARM_GCC_493\Release\pwr_set_PM.o
arm-none-eabi-ar.exe: creating .\CortexM0\ARM_GCC_493\Release\BLE_Transfer.a
arm-none-eabi-gcc.exe -Wl,--start-group -o .\CortexM0\ARM_GCC_493\Release\BLE_Transfer.elf .\CortexM0\ARM_GCC_493\Release\main.o .\CortexM0\ARM_GCC_493\Release\debug.o .\CortexM0\ARM_GCC_493\Release\cymetadata.o .\CortexM0\ARM_GCC_493\Release\Cm0Start.o .\CortexM0\ARM_GCC_493\Release\BLE_Transfer.a "C:\Program Files (x86)\Cypress\PSoC Creator\3.3\PSoC Creator\psoc\content\cycomponentlibrary\CyComponentLibrary.cylib\BLE_v3_10\Library\gccCyBLEStack_BLE_SOC_PERIPHERAL.a" "C:\Program Files (x86)\Cypress\PSoC Creator\3.3\PSoC Creator\psoc\content\cycomponentlibrary\CyComponentLibrary.cylib\CortexM0\ARM_GCC_493\Release\CyComponentLibrary.a" -mcpu=cortex-m0 -mthumb -g -ffunction-sections -Os -ffat-lto-objects -L Generated_Source\PSoC4 -Wl,-Map,.\CortexM0\ARM_GCC_493\Release/BLE_Transfer.map -T Generated_Source\PSoC4\cm0gcc.ld -specs=nano.specs -Wl,--gc-sections -Wl,--end-group
cyelftool.exe -C C:\Work\BLE_Proximity\BLE_Proximity01\BLE_Transfer.cydsn\CortexM0\ARM_GCC_493\Release\BLE_Transfer.elf --flash_row_size 128 --flash_size 131072
cyelftool.exe -S C:\Work\BLE_Proximity\BLE_Proximity01\BLE_Transfer.cydsn\CortexM0\ARM_GCC_493\Release\BLE_Transfer.elf
Flash used: 3712 of 131072 bytes (2.8 %).
SRAM used: 6168 of 16384 bytes (37.6 %). Stack: 2048 bytes. Heap: 1024 bytes.
--------------- Rebuild Succeeded: 02/22/2018 13:06:33 ---------------
