--------------- Clean Started: 02/22/2018 12:56:56 Project: BLE_Transfer, Configuration: ARM GCC 4.9-2015-q1-update Debug ---------------
Deleting file ".\CortexM0\ARM_GCC_493\Debug\main.o"
Deleting file ".\CortexM0\ARM_GCC_493\Debug\cyfitter_cfg.o"
Deleting file ".\CortexM0\ARM_GCC_493\Debug\cymetadata.o"
Deleting file ".\CortexM0\ARM_GCC_493\Debug\BLE_System.o"
Deleting file ".\CortexM0\ARM_GCC_493\Debug\BLE_System_gatt.o"
Deleting file ".\CortexM0\ARM_GCC_493\Debug\BLE_System_eventHandler.o"
Deleting file ".\CortexM0\ARM_GCC_493\Debug\BLE_System_HAL_INT.o"
Deleting file ".\CortexM0\ARM_GCC_493\Debug\BLE_System_HAL_PVT.o"
Deleting file ".\CortexM0\ARM_GCC_493\Debug\BLE_System_custom.o"
Deleting file ".\CortexM0\ARM_GCC_493\Debug\BLE_System_bless_isr.o"
Deleting file ".\CortexM0\ARM_GCC_493\Debug\Cm0Start.o"
Deleting file ".\CortexM0\ARM_GCC_493\Debug\CyBootAsmGnu.o"
Deleting file ".\CortexM0\ARM_GCC_493\Debug\CyFlash.o"
Deleting file ".\CortexM0\ARM_GCC_493\Debug\CyLib.o"
Deleting file ".\CortexM0\ARM_GCC_493\Debug\cyPm.o"
Deleting file ".\CortexM0\ARM_GCC_493\Debug\cyutils.o"
Deleting file ".\CortexM0\ARM_GCC_493\Debug\CyLFClk.o"
Deleting file ".\CortexM0\ARM_GCC_493\Debug\UART_Dbg_AsmGnu.o"
Deleting file ".\CortexM0\ARM_GCC_493\Debug\UART_Dbg.o"
Deleting file ".\CortexM0\ARM_GCC_493\Debug\Button.o"
Deleting file ".\CortexM0\ARM_GCC_493\Debug\Button_PM.o"
Deleting file ".\CortexM0\ARM_GCC_493\Debug\PWR_CTR1.o"
Deleting file ".\CortexM0\ARM_GCC_493\Debug\PWR_CTR1_PM.o"
Deleting file ".\CortexM0\ARM_GCC_493\Debug\isr_Button.o"
Deleting file ".\CortexM0\ARM_GCC_493\Debug\PWR_CTR2.o"
Deleting file ".\CortexM0\ARM_GCC_493\Debug\PWR_CTR2_PM.o"
Deleting file ".\CortexM0\ARM_GCC_493\Debug\PWR_CTR3.o"
Deleting file ".\CortexM0\ARM_GCC_493\Debug\PWR_CTR3_PM.o"
Deleting file ".\CortexM0\ARM_GCC_493\Debug\PWR_CTR4.o"
Deleting file ".\CortexM0\ARM_GCC_493\Debug\PWR_CTR4_PM.o"
Deleting file ".\CortexM0\ARM_GCC_493\Debug\pwr_set.o"
Deleting file ".\CortexM0\ARM_GCC_493\Debug\pwr_set_PM.o"
Deleting file ".\CortexM0\ARM_GCC_493\Debug\BLE_Transfer.hex"
Deleting file ".\CortexM0\ARM_GCC_493\Debug\BLE_Transfer.elf"
Deleting file ".\CortexM0\ARM_GCC_493\Debug\BLE_Transfer.map"
Deleting file ".\BLE_Transfer.cycdx"
Deleting file ".\BLE_Transfer.rpt"
Deleting file ".\BLE_Transfer_timing.html"
Deleting file ".\CortexM0\ARM_GCC_493\Debug\.deps\C_FILE.P"
Deleting file ".\CortexM0\ARM_GCC_493\Debug\.deps\ARM_C_FILE.P"
Deleting file ".\CortexM0\ARM_GCC_493\Debug\.deps\GNU_ARM_ASM_FILE.P"
--------------- Clean Succeeded: 02/22/2018 12:56:56 ---------------
