ARM GAS  C:\Users\310295~1\AppData\Local\Temp\ccsQJw5L.s 			page 1


   1              		.cpu cortex-m0
   2              		.fpu softvfp
   3              		.eabi_attribute 20, 1
   4              		.eabi_attribute 21, 1
   5              		.eabi_attribute 23, 3
   6              		.eabi_attribute 24, 1
   7              		.eabi_attribute 25, 1
   8              		.eabi_attribute 26, 1
   9              		.eabi_attribute 30, 1
  10              		.eabi_attribute 34, 0
  11              		.eabi_attribute 18, 4
  12              		.code	16
  13              		.file	"debug.c"
  14              		.text
  15              	.Ltext0:
  16              		.cfi_sections	.debug_frame
  17              		.section	.text.DebugCode,"ax",%progbits
  18              		.align	2
  19              		.global	DebugCode
  20              		.code	16
  21              		.thumb_func
  22              		.type	DebugCode, %function
  23              	DebugCode:
  24              	.LFB0:
  25              		.file 1 ".\\debug.c"
   1:.\debug.c     **** /* ========================================
   2:.\debug.c     ****  *
   3:.\debug.c     ****  * Copyright YOUR COMPANY, THE YEAR
   4:.\debug.c     ****  * All Rights Reserved
   5:.\debug.c     ****  * UNPUBLISHED, LICENSED SOFTWARE.
   6:.\debug.c     ****  *
   7:.\debug.c     ****  * CONFIDENTIAL AND PROPRIETARY INFORMATION
   8:.\debug.c     ****  * WHICH IS THE PROPERTY OF your company.
   9:.\debug.c     ****  *
  10:.\debug.c     ****  * ========================================
  11:.\debug.c     **** */
  12:.\debug.c     **** #include "debug.h"
  13:.\debug.c     **** 
  14:.\debug.c     **** 
  15:.\debug.c     **** char* convert(unsigned int, int);       //Convert integer number into octal, hex, etc.
  16:.\debug.c     **** 
  17:.\debug.c     **** void DebugCode(const char* txt)
  18:.\debug.c     **** {
  26              		.loc 1 18 0
  27              		.cfi_startproc
  28              	.LVL0:
  29 0000 10B5     		push	{r4, lr}
  30              		.cfi_def_cfa_offset 8
  31              		.cfi_offset 4, -8
  32              		.cfi_offset 14, -4
  33 0002 82B0     		sub	sp, sp, #8
  34              		.cfi_def_cfa_offset 16
  35 0004 041C     		mov	r4, r0
  19:.\debug.c     ****         uint8_t endline[2] = { '\r', '\n' };
  36              		.loc 1 19 0
  37 0006 01A8     		add	r0, sp, #4
  38              	.LVL1:
ARM GAS  C:\Users\310295~1\AppData\Local\Temp\ccsQJw5L.s 			page 2


  39 0008 0A49     		ldr	r1, .L2
  40 000a 0222     		mov	r2, #2
  41 000c FFF7FEFF 		bl	memcpy
  42              	.LVL2:
  20:.\debug.c     ****         UART_Dbg_PutArray(endline, 2);
  43              		.loc 1 20 0
  44 0010 01A8     		add	r0, sp, #4
  45 0012 0221     		mov	r1, #2
  46 0014 FFF7FEFF 		bl	UART_Dbg_PutArray
  47              	.LVL3:
  21:.\debug.c     ****         UART_Dbg_PutArray((uint8_t*)txt, strlen(txt));
  48              		.loc 1 21 0
  49 0018 201C     		mov	r0, r4
  50 001a FFF7FEFF 		bl	strlen
  51              	.LVL4:
  52 001e 011C     		mov	r1, r0
  53 0020 201C     		mov	r0, r4
  54 0022 FFF7FEFF 		bl	UART_Dbg_PutArray
  55              	.LVL5:
  22:.\debug.c     ****         UART_Dbg_PutArray(endline, 2);
  56              		.loc 1 22 0
  57 0026 01A8     		add	r0, sp, #4
  58 0028 0221     		mov	r1, #2
  59 002a FFF7FEFF 		bl	UART_Dbg_PutArray
  60              	.LVL6:
  23:.\debug.c     **** }
  61              		.loc 1 23 0
  62 002e 02B0     		add	sp, sp, #8
  63              		@ sp needed
  64              	.LVL7:
  65 0030 10BD     		pop	{r4, pc}
  66              	.L3:
  67 0032 C046     		.align	2
  68              	.L2:
  69 0034 58000000 		.word	.LANCHOR0
  70              		.cfi_endproc
  71              	.LFE0:
  72              		.size	DebugCode, .-DebugCode
  73              		.global	__aeabi_uidivmod
  74              		.global	__aeabi_uidiv
  75              		.section	.text.convert,"ax",%progbits
  76              		.align	2
  77              		.global	convert
  78              		.code	16
  79              		.thumb_func
  80              		.type	convert, %function
  81              	convert:
  82              	.LFB2:
  24:.\debug.c     **** 
  25:.\debug.c     **** void sk_printf(char * format,...)
  26:.\debug.c     **** {
  27:.\debug.c     ****     char *traverse; 
  28:.\debug.c     ****     int i; 
  29:.\debug.c     ****     char *s; 
  30:.\debug.c     **** 
  31:.\debug.c     ****     //Module 1: Initializing Myprintf's arguments 
  32:.\debug.c     ****     va_list arg; 
ARM GAS  C:\Users\310295~1\AppData\Local\Temp\ccsQJw5L.s 			page 3


  33:.\debug.c     ****     va_start(arg, format); 
  34:.\debug.c     **** 
  35:.\debug.c     ****     for(traverse = format; *traverse != '\0'; traverse++) 
  36:.\debug.c     ****     { 
  37:.\debug.c     ****         while( *traverse != '%' ) 
  38:.\debug.c     ****         { 
  39:.\debug.c     ****             UART_Dbg_PutChar(*traverse);
  40:.\debug.c     ****             traverse++; 
  41:.\debug.c     ****         } 
  42:.\debug.c     **** 
  43:.\debug.c     ****         traverse++; 
  44:.\debug.c     **** 
  45:.\debug.c     ****         //Module 2: Fetching and executing arguments
  46:.\debug.c     ****         switch(*traverse) 
  47:.\debug.c     ****         { 
  48:.\debug.c     ****             case 'c' : i = va_arg(arg,int);     //Fetch char argument
  49:.\debug.c     ****                         UART_Dbg_PutChar(i);
  50:.\debug.c     ****                         break; 
  51:.\debug.c     **** 
  52:.\debug.c     ****             case 'd' : i = va_arg(arg,int);         //Fetch Decimal/Integer argument
  53:.\debug.c     ****                         if(i<0) 
  54:.\debug.c     ****                         { 
  55:.\debug.c     ****                             i = -i;
  56:.\debug.c     ****                             UART_Dbg_PutChar('-'); 
  57:.\debug.c     ****                         } 
  58:.\debug.c     ****                         UART_Dbg_PutString(convert(i,10));
  59:.\debug.c     ****                         break; 
  60:.\debug.c     **** 
  61:.\debug.c     ****             case 'o': i = va_arg(arg,unsigned int); //Fetch Octal representation
  62:.\debug.c     ****                         UART_Dbg_PutString(convert(i,8));
  63:.\debug.c     ****                         break; 
  64:.\debug.c     **** 
  65:.\debug.c     ****             case 's': s = va_arg(arg,char *);       //Fetch string
  66:.\debug.c     ****                         UART_Dbg_PutString(s); 
  67:.\debug.c     ****                         break; 
  68:.\debug.c     **** 
  69:.\debug.c     ****             case 'x': i = va_arg(arg,unsigned int); //Fetch Hexadecimal representation
  70:.\debug.c     ****                         UART_Dbg_PutString(convert(i,16));
  71:.\debug.c     ****                         break; 
  72:.\debug.c     ****         }   
  73:.\debug.c     ****     } 
  74:.\debug.c     ****     //Module 3: Closing argument list to necessary clean-up
  75:.\debug.c     ****     va_end(arg); 
  76:.\debug.c     **** } 
  77:.\debug.c     **** 
  78:.\debug.c     **** char *convert(unsigned int num, int base) 
  79:.\debug.c     **** { 
  83              		.loc 1 79 0
  84              		.cfi_startproc
  85              	.LVL8:
  86 0000 70B5     		push	{r4, r5, r6, lr}
  87              		.cfi_def_cfa_offset 16
  88              		.cfi_offset 4, -16
  89              		.cfi_offset 5, -12
  90              		.cfi_offset 6, -8
  91              		.cfi_offset 14, -4
  92 0002 041C     		mov	r4, r0
ARM GAS  C:\Users\310295~1\AppData\Local\Temp\ccsQJw5L.s 			page 4


  93 0004 0D1C     		mov	r5, r1
  94              	.LVL9:
  80:.\debug.c     ****     static char Representation[]= "0123456789ABCDEF";
  81:.\debug.c     ****     static char buffer[50]; 
  82:.\debug.c     ****     char *ptr; 
  83:.\debug.c     **** 
  84:.\debug.c     ****     ptr = &buffer[49]; 
  85:.\debug.c     ****     *ptr = '\0'; 
  95              		.loc 1 85 0
  96 0006 0B4E     		ldr	r6, .L6
  97 0008 0022     		mov	r2, #0
  98 000a 3123     		mov	r3, #49
  99 000c F254     		strb	r2, [r6, r3]
  84:.\debug.c     ****     *ptr = '\0'; 
 100              		.loc 1 84 0
 101 000e 3136     		add	r6, r6, #49
 102              	.LVL10:
 103              	.L5:
  86:.\debug.c     **** 
  87:.\debug.c     ****     do 
  88:.\debug.c     ****     { 
  89:.\debug.c     ****         *--ptr = Representation[num%base]; 
 104              		.loc 1 89 0 discriminator 1
 105 0010 013E     		sub	r6, r6, #1
 106              	.LVL11:
 107 0012 201C     		mov	r0, r4
 108 0014 291C     		mov	r1, r5
 109 0016 FFF7FEFF 		bl	__aeabi_uidivmod
 110              	.LVL12:
 111 001a 074B     		ldr	r3, .L6+4
 112 001c 5918     		add	r1, r3, r1
 113 001e 0B79     		ldrb	r3, [r1, #4]
 114 0020 3370     		strb	r3, [r6]
  90:.\debug.c     ****         num /= base; 
 115              		.loc 1 90 0 discriminator 1
 116 0022 201C     		mov	r0, r4
 117 0024 291C     		mov	r1, r5
 118 0026 FFF7FEFF 		bl	__aeabi_uidiv
 119              	.LVL13:
 120 002a 041E     		sub	r4, r0, #0
 121              	.LVL14:
  91:.\debug.c     ****     }while(num != 0); 
 122              		.loc 1 91 0 discriminator 1
 123 002c F0D1     		bne	.L5
  92:.\debug.c     **** 
  93:.\debug.c     ****     return(ptr); 
  94:.\debug.c     **** }
 124              		.loc 1 94 0
 125 002e 301C     		mov	r0, r6
 126              	.LVL15:
 127              		@ sp needed
 128              	.LVL16:
 129              	.LVL17:
 130              	.LVL18:
 131 0030 70BD     		pop	{r4, r5, r6, pc}
 132              	.L7:
 133 0032 C046     		.align	2
ARM GAS  C:\Users\310295~1\AppData\Local\Temp\ccsQJw5L.s 			page 5


 134              	.L6:
 135 0034 00000000 		.word	.LANCHOR1
 136 0038 58000000 		.word	.LANCHOR0
 137              		.cfi_endproc
 138              	.LFE2:
 139              		.size	convert, .-convert
 140              		.section	.text.sk_printf,"ax",%progbits
 141              		.align	2
 142              		.global	sk_printf
 143              		.code	16
 144              		.thumb_func
 145              		.type	sk_printf, %function
 146              	sk_printf:
 147              	.LFB1:
  26:.\debug.c     ****     char *traverse; 
 148              		.loc 1 26 0
 149              		.cfi_startproc
 150              	.LVL19:
 151 0000 0FB4     		push	{r0, r1, r2, r3}
 152              		.cfi_def_cfa_offset 16
 153 0002 30B5     		push	{r4, r5, lr}
 154              		.cfi_def_cfa_offset 28
 155              		.cfi_offset 4, -28
 156              		.cfi_offset 5, -24
 157              		.cfi_offset 14, -20
 158 0004 83B0     		sub	sp, sp, #12
 159              		.cfi_def_cfa_offset 40
 160 0006 06AB     		add	r3, sp, #24
 161 0008 10CB     		ldmia	r3!, {r4}
  33:.\debug.c     **** 
 162              		.loc 1 33 0
 163 000a 0193     		str	r3, [sp, #4]
 164              	.LVL20:
  35:.\debug.c     ****     { 
 165              		.loc 1 35 0
 166 000c 41E0     		b	.L9
 167              	.L10:
  39:.\debug.c     ****             traverse++; 
 168              		.loc 1 39 0
 169 000e FFF7FEFF 		bl	UART_Dbg_PutChar
 170              	.LVL21:
  40:.\debug.c     ****         } 
 171              		.loc 1 40 0
 172 0012 0134     		add	r4, r4, #1
 173              	.LVL22:
 174              	.L19:
  37:.\debug.c     ****         { 
 175              		.loc 1 37 0
 176 0014 2078     		ldrb	r0, [r4]
 177 0016 2528     		cmp	r0, #37
 178 0018 F9D1     		bne	.L10
 179              	.LVL23:
  46:.\debug.c     ****         { 
 180              		.loc 1 46 0
 181 001a 6378     		ldrb	r3, [r4, #1]
 182 001c 633B     		sub	r3, r3, #99
 183 001e DAB2     		uxtb	r2, r3
ARM GAS  C:\Users\310295~1\AppData\Local\Temp\ccsQJw5L.s 			page 6


 184 0020 152A     		cmp	r2, #21
 185 0022 35D8     		bhi	.L11
 186 0024 9300     		lsl	r3, r2, #2
 187 0026 1F4A     		ldr	r2, .L20
 188 0028 D358     		ldr	r3, [r2, r3]
 189 002a 9F46     		mov	pc, r3
 190              		.section	.rodata
 191              		.align	2
 192              	.L13:
 193 0000 2C000000 		.word	.L12
 194 0004 3A000000 		.word	.L14
 195 0008 90000000 		.word	.L11
 196 000c 90000000 		.word	.L11
 197 0010 90000000 		.word	.L11
 198 0014 90000000 		.word	.L11
 199 0018 90000000 		.word	.L11
 200 001c 90000000 		.word	.L11
 201 0020 90000000 		.word	.L11
 202 0024 90000000 		.word	.L11
 203 0028 90000000 		.word	.L11
 204 002c 90000000 		.word	.L11
 205 0030 5C000000 		.word	.L15
 206 0034 90000000 		.word	.L11
 207 0038 90000000 		.word	.L11
 208 003c 90000000 		.word	.L11
 209 0040 70000000 		.word	.L16
 210 0044 90000000 		.word	.L11
 211 0048 90000000 		.word	.L11
 212 004c 90000000 		.word	.L11
 213 0050 90000000 		.word	.L11
 214 0054 7E000000 		.word	.L17
 215              		.section	.text.sk_printf
 216              	.L12:
  48:.\debug.c     ****                         UART_Dbg_PutChar(i);
 217              		.loc 1 48 0
 218 002c 019B     		ldr	r3, [sp, #4]
 219 002e 1A1D     		add	r2, r3, #4
 220 0030 0192     		str	r2, [sp, #4]
 221              	.LVL24:
  49:.\debug.c     ****                         break; 
 222              		.loc 1 49 0
 223 0032 1878     		ldrb	r0, [r3]
 224 0034 FFF7FEFF 		bl	UART_Dbg_PutChar
 225              	.LVL25:
  50:.\debug.c     **** 
 226              		.loc 1 50 0
 227 0038 2AE0     		b	.L11
 228              	.L14:
  52:.\debug.c     ****                         if(i<0) 
 229              		.loc 1 52 0
 230 003a 019B     		ldr	r3, [sp, #4]
 231 003c 1A1D     		add	r2, r3, #4
 232 003e 0192     		str	r2, [sp, #4]
 233 0040 1D68     		ldr	r5, [r3]
 234              	.LVL26:
  53:.\debug.c     ****                         { 
 235              		.loc 1 53 0
ARM GAS  C:\Users\310295~1\AppData\Local\Temp\ccsQJw5L.s 			page 7


 236 0042 002D     		cmp	r5, #0
 237 0044 03DA     		bge	.L18
  55:.\debug.c     ****                             UART_Dbg_PutChar('-'); 
 238              		.loc 1 55 0
 239 0046 6D42     		neg	r5, r5
 240              	.LVL27:
  56:.\debug.c     ****                         } 
 241              		.loc 1 56 0
 242 0048 2D20     		mov	r0, #45
 243 004a FFF7FEFF 		bl	UART_Dbg_PutChar
 244              	.LVL28:
 245              	.L18:
  58:.\debug.c     ****                         break; 
 246              		.loc 1 58 0
 247 004e 281C     		mov	r0, r5
 248 0050 0A21     		mov	r1, #10
 249 0052 FFF7FEFF 		bl	convert
 250              	.LVL29:
 251 0056 FFF7FEFF 		bl	UART_Dbg_PutString
 252              	.LVL30:
  59:.\debug.c     **** 
 253              		.loc 1 59 0
 254 005a 19E0     		b	.L11
 255              	.LVL31:
 256              	.L15:
  61:.\debug.c     ****                         UART_Dbg_PutString(convert(i,8));
 257              		.loc 1 61 0
 258 005c 019B     		ldr	r3, [sp, #4]
 259 005e 1A1D     		add	r2, r3, #4
 260 0060 0192     		str	r2, [sp, #4]
 261 0062 1868     		ldr	r0, [r3]
 262              	.LVL32:
  62:.\debug.c     ****                         break; 
 263              		.loc 1 62 0
 264 0064 0821     		mov	r1, #8
 265 0066 FFF7FEFF 		bl	convert
 266              	.LVL33:
 267 006a FFF7FEFF 		bl	UART_Dbg_PutString
 268              	.LVL34:
  63:.\debug.c     **** 
 269              		.loc 1 63 0
 270 006e 0FE0     		b	.L11
 271              	.L16:
  65:.\debug.c     ****                         UART_Dbg_PutString(s); 
 272              		.loc 1 65 0
 273 0070 019B     		ldr	r3, [sp, #4]
 274 0072 1A1D     		add	r2, r3, #4
 275 0074 0192     		str	r2, [sp, #4]
 276 0076 1868     		ldr	r0, [r3]
 277              	.LVL35:
  66:.\debug.c     ****                         break; 
 278              		.loc 1 66 0
 279 0078 FFF7FEFF 		bl	UART_Dbg_PutString
 280              	.LVL36:
  67:.\debug.c     **** 
 281              		.loc 1 67 0
 282 007c 08E0     		b	.L11
ARM GAS  C:\Users\310295~1\AppData\Local\Temp\ccsQJw5L.s 			page 8


 283              	.L17:
  69:.\debug.c     ****                         UART_Dbg_PutString(convert(i,16));
 284              		.loc 1 69 0
 285 007e 019B     		ldr	r3, [sp, #4]
 286 0080 1A1D     		add	r2, r3, #4
 287 0082 0192     		str	r2, [sp, #4]
 288 0084 1868     		ldr	r0, [r3]
 289              	.LVL37:
  70:.\debug.c     ****                         break; 
 290              		.loc 1 70 0
 291 0086 1021     		mov	r1, #16
 292 0088 FFF7FEFF 		bl	convert
 293              	.LVL38:
 294 008c FFF7FEFF 		bl	UART_Dbg_PutString
 295              	.LVL39:
 296              	.L11:
  35:.\debug.c     ****     { 
 297              		.loc 1 35 0 discriminator 2
 298 0090 0234     		add	r4, r4, #2
 299              	.LVL40:
 300              	.L9:
  35:.\debug.c     ****     { 
 301              		.loc 1 35 0 is_stmt 0 discriminator 1
 302 0092 2378     		ldrb	r3, [r4]
 303 0094 002B     		cmp	r3, #0
 304 0096 BDD1     		bne	.L19
  76:.\debug.c     **** 
 305              		.loc 1 76 0 is_stmt 1
 306 0098 03B0     		add	sp, sp, #12
 307              		@ sp needed
 308              	.LVL41:
 309 009a 30BC     		pop	{r4, r5}
 310 009c 08BC     		pop	{r3}
 311 009e 04B0     		add	sp, sp, #16
 312 00a0 1847     		bx	r3
 313              	.L21:
 314 00a2 C046     		.align	2
 315              	.L20:
 316 00a4 00000000 		.word	.L13
 317              		.cfi_endproc
 318              	.LFE1:
 319              		.size	sk_printf, .-sk_printf
 320              		.section	.rodata
 321              		.align	2
 322              		.set	.LANCHOR0,. + 0
 323              	.LC0:
 324 0058 0D       		.byte	13
 325 0059 0A       		.byte	10
 326 005a 0000     		.space	2
 327              		.type	Representation.5292, %object
 328              		.size	Representation.5292, 17
 329              	Representation.5292:
 330 005c 30313233 		.ascii	"0123456789ABCDEF\000"
 330      34353637 
 330      38394142 
 330      43444546 
 330      00
ARM GAS  C:\Users\310295~1\AppData\Local\Temp\ccsQJw5L.s 			page 9


 331 006d 000000   		.bss
 332              		.align	2
 333              		.set	.LANCHOR1,. + 0
 334              		.type	buffer.5293, %object
 335              		.size	buffer.5293, 50
 336              	buffer.5293:
 337 0000 00000000 		.space	50
 337      00000000 
 337      00000000 
 337      00000000 
 337      00000000 
 338 0032 0000     		.text
 339              	.Letext0:
 340              		.file 2 "c:\\program files (x86)\\cypress\\psoc creator\\3.3\\psoc creator\\import\\gnu\\arm\\4.9.
 341              		.file 3 "c:\\program files (x86)\\cypress\\psoc creator\\3.3\\psoc creator\\import\\gnu\\arm\\4.9.
 342              		.file 4 "c:\\program files (x86)\\cypress\\psoc creator\\3.3\\psoc creator\\import\\gnu\\arm\\4.9.
 343              		.file 5 "c:\\program files (x86)\\cypress\\psoc creator\\3.3\\psoc creator\\import\\gnu\\arm\\4.9.
 344              		.file 6 "Generated_Source\\PSoC4/cytypes.h"
 345              		.file 7 "Generated_Source\\PSoC4/UART_Dbg.h"
 346              		.file 8 "<built-in>"
 347              		.file 9 "c:\\program files (x86)\\cypress\\psoc creator\\3.3\\psoc creator\\import\\gnu\\arm\\4.9.
 348              		.section	.debug_info,"",%progbits
 349              	.Ldebug_info0:
 350 0000 BE030000 		.4byte	0x3be
 351 0004 0400     		.2byte	0x4
 352 0006 00000000 		.4byte	.Ldebug_abbrev0
 353 000a 04       		.byte	0x4
 354 000b 01       		.uleb128 0x1
 355 000c 1B010000 		.4byte	.LASF33
 356 0010 01       		.byte	0x1
 357 0011 E4000000 		.4byte	.LASF34
 358 0015 C8010000 		.4byte	.LASF35
 359 0019 00000000 		.4byte	.Ldebug_ranges0+0
 360 001d 00000000 		.4byte	0
 361 0021 00000000 		.4byte	.Ldebug_line0
 362 0025 02       		.uleb128 0x2
 363 0026 01       		.byte	0x1
 364 0027 06       		.byte	0x6
 365 0028 41020000 		.4byte	.LASF0
 366 002c 03       		.uleb128 0x3
 367 002d 00000000 		.4byte	.LASF9
 368 0031 02       		.byte	0x2
 369 0032 1D       		.byte	0x1d
 370 0033 37000000 		.4byte	0x37
 371 0037 02       		.uleb128 0x2
 372 0038 01       		.byte	0x1
 373 0039 08       		.byte	0x8
 374 003a 5E000000 		.4byte	.LASF1
 375 003e 02       		.uleb128 0x2
 376 003f 02       		.byte	0x2
 377 0040 05       		.byte	0x5
 378 0041 13020000 		.4byte	.LASF2
 379 0045 02       		.uleb128 0x2
 380 0046 02       		.byte	0x2
 381 0047 07       		.byte	0x7
 382 0048 2B000000 		.4byte	.LASF3
 383 004c 02       		.uleb128 0x2
ARM GAS  C:\Users\310295~1\AppData\Local\Temp\ccsQJw5L.s 			page 10


 384 004d 04       		.byte	0x4
 385 004e 05       		.byte	0x5
 386 004f 33020000 		.4byte	.LASF4
 387 0053 02       		.uleb128 0x2
 388 0054 04       		.byte	0x4
 389 0055 07       		.byte	0x7
 390 0056 85000000 		.4byte	.LASF5
 391 005a 02       		.uleb128 0x2
 392 005b 08       		.byte	0x8
 393 005c 05       		.byte	0x5
 394 005d B3010000 		.4byte	.LASF6
 395 0061 02       		.uleb128 0x2
 396 0062 08       		.byte	0x8
 397 0063 07       		.byte	0x7
 398 0064 EE000000 		.4byte	.LASF7
 399 0068 04       		.uleb128 0x4
 400 0069 04       		.byte	0x4
 401 006a 05       		.byte	0x5
 402 006b 696E7400 		.ascii	"int\000"
 403 006f 02       		.uleb128 0x2
 404 0070 04       		.byte	0x4
 405 0071 07       		.byte	0x7
 406 0072 D7000000 		.4byte	.LASF8
 407 0076 03       		.uleb128 0x3
 408 0077 0A000000 		.4byte	.LASF10
 409 007b 03       		.byte	0x3
 410 007c D4       		.byte	0xd4
 411 007d 6F000000 		.4byte	0x6f
 412 0081 03       		.uleb128 0x3
 413 0082 AC000000 		.4byte	.LASF11
 414 0086 04       		.byte	0x4
 415 0087 28       		.byte	0x28
 416 0088 8C000000 		.4byte	0x8c
 417 008c 05       		.uleb128 0x5
 418 008d A9010000 		.4byte	.LASF36
 419 0091 04       		.byte	0x4
 420 0092 08       		.byte	0x8
 421 0093 00       		.byte	0
 422 0094 A3000000 		.4byte	0xa3
 423 0098 06       		.uleb128 0x6
 424 0099 0D010000 		.4byte	.LASF37
 425 009d A3000000 		.4byte	0xa3
 426 00a1 00       		.byte	0
 427 00a2 00       		.byte	0
 428 00a3 07       		.uleb128 0x7
 429 00a4 04       		.byte	0x4
 430 00a5 02       		.uleb128 0x2
 431 00a6 04       		.byte	0x4
 432 00a7 07       		.byte	0x7
 433 00a8 12010000 		.4byte	.LASF12
 434 00ac 08       		.uleb128 0x8
 435 00ad 04       		.byte	0x4
 436 00ae B2000000 		.4byte	0xb2
 437 00b2 02       		.uleb128 0x2
 438 00b3 01       		.byte	0x1
 439 00b4 08       		.byte	0x8
 440 00b5 3C020000 		.4byte	.LASF13
ARM GAS  C:\Users\310295~1\AppData\Local\Temp\ccsQJw5L.s 			page 11


 441 00b9 08       		.uleb128 0x8
 442 00ba 04       		.byte	0x4
 443 00bb BF000000 		.4byte	0xbf
 444 00bf 09       		.uleb128 0x9
 445 00c0 B2000000 		.4byte	0xb2
 446 00c4 03       		.uleb128 0x3
 447 00c5 56000000 		.4byte	.LASF14
 448 00c9 04       		.byte	0x4
 449 00ca 62       		.byte	0x62
 450 00cb 81000000 		.4byte	0x81
 451 00cf 03       		.uleb128 0x3
 452 00d0 05010000 		.4byte	.LASF15
 453 00d4 05       		.byte	0x5
 454 00d5 15       		.byte	0x15
 455 00d6 2C000000 		.4byte	0x2c
 456 00da 0A       		.uleb128 0xa
 457 00db 97000000 		.4byte	.LASF16
 458 00df 06       		.byte	0x6
 459 00e0 9801     		.2byte	0x198
 460 00e2 37000000 		.4byte	0x37
 461 00e6 0A       		.uleb128 0xa
 462 00e7 CB000000 		.4byte	.LASF17
 463 00eb 06       		.byte	0x6
 464 00ec 9A01     		.2byte	0x19a
 465 00ee 53000000 		.4byte	0x53
 466 00f2 02       		.uleb128 0x2
 467 00f3 04       		.byte	0x4
 468 00f4 04       		.byte	0x4
 469 00f5 11000000 		.4byte	.LASF18
 470 00f9 02       		.uleb128 0x2
 471 00fa 08       		.byte	0x8
 472 00fb 04       		.byte	0x4
 473 00fc 9D000000 		.4byte	.LASF19
 474 0100 0A       		.uleb128 0xa
 475 0101 7F000000 		.4byte	.LASF20
 476 0105 06       		.byte	0x6
 477 0106 A901     		.2byte	0x1a9
 478 0108 B2000000 		.4byte	0xb2
 479 010c 0B       		.uleb128 0xb
 480 010d 17000000 		.4byte	.LASF25
 481 0111 01       		.byte	0x1
 482 0112 11       		.byte	0x11
 483 0113 00000000 		.4byte	.LFB0
 484 0117 38000000 		.4byte	.LFE0-.LFB0
 485 011b 01       		.uleb128 0x1
 486 011c 9C       		.byte	0x9c
 487 011d B7010000 		.4byte	0x1b7
 488 0121 0C       		.uleb128 0xc
 489 0122 74787400 		.ascii	"txt\000"
 490 0126 01       		.byte	0x1
 491 0127 11       		.byte	0x11
 492 0128 B9000000 		.4byte	0xb9
 493 012c 00000000 		.4byte	.LLST0
 494 0130 0D       		.uleb128 0xd
 495 0131 4D020000 		.4byte	.LASF22
 496 0135 01       		.byte	0x1
 497 0136 13       		.byte	0x13
ARM GAS  C:\Users\310295~1\AppData\Local\Temp\ccsQJw5L.s 			page 12


 498 0137 B7010000 		.4byte	0x1b7
 499 013b 02       		.uleb128 0x2
 500 013c 91       		.byte	0x91
 501 013d 74       		.sleb128 -12
 502 013e 0E       		.uleb128 0xe
 503 013f 10000000 		.4byte	.LVL2
 504 0143 3A030000 		.4byte	0x33a
 505 0147 60010000 		.4byte	0x160
 506 014b 0F       		.uleb128 0xf
 507 014c 01       		.uleb128 0x1
 508 014d 52       		.byte	0x52
 509 014e 01       		.uleb128 0x1
 510 014f 32       		.byte	0x32
 511 0150 0F       		.uleb128 0xf
 512 0151 01       		.uleb128 0x1
 513 0152 51       		.byte	0x51
 514 0153 05       		.uleb128 0x5
 515 0154 03       		.byte	0x3
 516 0155 58000000 		.4byte	.LANCHOR0
 517 0159 0F       		.uleb128 0xf
 518 015a 01       		.uleb128 0x1
 519 015b 50       		.byte	0x50
 520 015c 02       		.uleb128 0x2
 521 015d 91       		.byte	0x91
 522 015e 74       		.sleb128 -12
 523 015f 00       		.byte	0
 524 0160 0E       		.uleb128 0xe
 525 0161 18000000 		.4byte	.LVL3
 526 0165 5E030000 		.4byte	0x35e
 527 0169 79010000 		.4byte	0x179
 528 016d 0F       		.uleb128 0xf
 529 016e 01       		.uleb128 0x1
 530 016f 51       		.byte	0x51
 531 0170 01       		.uleb128 0x1
 532 0171 32       		.byte	0x32
 533 0172 0F       		.uleb128 0xf
 534 0173 01       		.uleb128 0x1
 535 0174 50       		.byte	0x50
 536 0175 02       		.uleb128 0x2
 537 0176 91       		.byte	0x91
 538 0177 74       		.sleb128 -12
 539 0178 00       		.byte	0
 540 0179 0E       		.uleb128 0xe
 541 017a 1E000000 		.4byte	.LVL4
 542 017e 7F030000 		.4byte	0x37f
 543 0182 8D010000 		.4byte	0x18d
 544 0186 0F       		.uleb128 0xf
 545 0187 01       		.uleb128 0x1
 546 0188 50       		.byte	0x50
 547 0189 02       		.uleb128 0x2
 548 018a 74       		.byte	0x74
 549 018b 00       		.sleb128 0
 550 018c 00       		.byte	0
 551 018d 0E       		.uleb128 0xe
 552 018e 26000000 		.4byte	.LVL5
 553 0192 5E030000 		.4byte	0x35e
 554 0196 A1010000 		.4byte	0x1a1
ARM GAS  C:\Users\310295~1\AppData\Local\Temp\ccsQJw5L.s 			page 13


 555 019a 0F       		.uleb128 0xf
 556 019b 01       		.uleb128 0x1
 557 019c 50       		.byte	0x50
 558 019d 02       		.uleb128 0x2
 559 019e 74       		.byte	0x74
 560 019f 00       		.sleb128 0
 561 01a0 00       		.byte	0
 562 01a1 10       		.uleb128 0x10
 563 01a2 2E000000 		.4byte	.LVL6
 564 01a6 5E030000 		.4byte	0x35e
 565 01aa 0F       		.uleb128 0xf
 566 01ab 01       		.uleb128 0x1
 567 01ac 51       		.byte	0x51
 568 01ad 01       		.uleb128 0x1
 569 01ae 32       		.byte	0x32
 570 01af 0F       		.uleb128 0xf
 571 01b0 01       		.uleb128 0x1
 572 01b1 50       		.byte	0x50
 573 01b2 02       		.uleb128 0x2
 574 01b3 91       		.byte	0x91
 575 01b4 74       		.sleb128 -12
 576 01b5 00       		.byte	0
 577 01b6 00       		.byte	0
 578 01b7 11       		.uleb128 0x11
 579 01b8 CF000000 		.4byte	0xcf
 580 01bc C7010000 		.4byte	0x1c7
 581 01c0 12       		.uleb128 0x12
 582 01c1 A5000000 		.4byte	0xa5
 583 01c5 01       		.byte	0x1
 584 01c6 00       		.byte	0
 585 01c7 13       		.uleb128 0x13
 586 01c8 A4000000 		.4byte	.LASF38
 587 01cc 01       		.byte	0x1
 588 01cd 4E       		.byte	0x4e
 589 01ce AC000000 		.4byte	0xac
 590 01d2 00000000 		.4byte	.LFB2
 591 01d6 3C000000 		.4byte	.LFE2-.LFB2
 592 01da 01       		.uleb128 0x1
 593 01db 9C       		.byte	0x9c
 594 01dc 30020000 		.4byte	0x230
 595 01e0 0C       		.uleb128 0xc
 596 01e1 6E756D00 		.ascii	"num\000"
 597 01e5 01       		.byte	0x1
 598 01e6 4E       		.byte	0x4e
 599 01e7 6F000000 		.4byte	0x6f
 600 01eb 2C000000 		.4byte	.LLST1
 601 01ef 14       		.uleb128 0x14
 602 01f0 D2000000 		.4byte	.LASF21
 603 01f4 01       		.byte	0x1
 604 01f5 4E       		.byte	0x4e
 605 01f6 68000000 		.4byte	0x68
 606 01fa 60000000 		.4byte	.LLST2
 607 01fe 0D       		.uleb128 0xd
 608 01ff 1D020000 		.4byte	.LASF23
 609 0203 01       		.byte	0x1
 610 0204 50       		.byte	0x50
 611 0205 40020000 		.4byte	0x240
ARM GAS  C:\Users\310295~1\AppData\Local\Temp\ccsQJw5L.s 			page 14


 612 0209 05       		.uleb128 0x5
 613 020a 03       		.byte	0x3
 614 020b 5C000000 		.4byte	Representation.5292
 615 020f 0D       		.uleb128 0xd
 616 0210 2C020000 		.4byte	.LASF24
 617 0214 01       		.byte	0x1
 618 0215 51       		.byte	0x51
 619 0216 45020000 		.4byte	0x245
 620 021a 05       		.uleb128 0x5
 621 021b 03       		.byte	0x3
 622 021c 00000000 		.4byte	buffer.5293
 623 0220 15       		.uleb128 0x15
 624 0221 70747200 		.ascii	"ptr\000"
 625 0225 01       		.byte	0x1
 626 0226 52       		.byte	0x52
 627 0227 AC000000 		.4byte	0xac
 628 022b 8C000000 		.4byte	.LLST3
 629 022f 00       		.byte	0
 630 0230 11       		.uleb128 0x11
 631 0231 B2000000 		.4byte	0xb2
 632 0235 40020000 		.4byte	0x240
 633 0239 12       		.uleb128 0x12
 634 023a A5000000 		.4byte	0xa5
 635 023e 10       		.byte	0x10
 636 023f 00       		.byte	0
 637 0240 09       		.uleb128 0x9
 638 0241 30020000 		.4byte	0x230
 639 0245 11       		.uleb128 0x11
 640 0246 B2000000 		.4byte	0xb2
 641 024a 55020000 		.4byte	0x255
 642 024e 12       		.uleb128 0x12
 643 024f A5000000 		.4byte	0xa5
 644 0253 31       		.byte	0x31
 645 0254 00       		.byte	0
 646 0255 0B       		.uleb128 0xb
 647 0256 21000000 		.4byte	.LASF26
 648 025a 01       		.byte	0x1
 649 025b 19       		.byte	0x19
 650 025c 00000000 		.4byte	.LFB1
 651 0260 A8000000 		.4byte	.LFE1-.LFB1
 652 0264 01       		.uleb128 0x1
 653 0265 9C       		.byte	0x9c
 654 0266 3A030000 		.4byte	0x33a
 655 026a 16       		.uleb128 0x16
 656 026b C4000000 		.4byte	.LASF27
 657 026f 01       		.byte	0x1
 658 0270 19       		.byte	0x19
 659 0271 AC000000 		.4byte	0xac
 660 0275 02       		.uleb128 0x2
 661 0276 91       		.byte	0x91
 662 0277 70       		.sleb128 -16
 663 0278 17       		.uleb128 0x17
 664 0279 18       		.uleb128 0x18
 665 027a BB000000 		.4byte	.LASF28
 666 027e 01       		.byte	0x1
 667 027f 1B       		.byte	0x1b
 668 0280 AC000000 		.4byte	0xac
ARM GAS  C:\Users\310295~1\AppData\Local\Temp\ccsQJw5L.s 			page 15


 669 0284 BA000000 		.4byte	.LLST4
 670 0288 15       		.uleb128 0x15
 671 0289 6900     		.ascii	"i\000"
 672 028b 01       		.byte	0x1
 673 028c 1C       		.byte	0x1c
 674 028d 68000000 		.4byte	0x68
 675 0291 E5000000 		.4byte	.LLST5
 676 0295 15       		.uleb128 0x15
 677 0296 7300     		.ascii	"s\000"
 678 0298 01       		.byte	0x1
 679 0299 1D       		.byte	0x1d
 680 029a AC000000 		.4byte	0xac
 681 029e 1A010000 		.4byte	.LLST6
 682 02a2 19       		.uleb128 0x19
 683 02a3 61726700 		.ascii	"arg\000"
 684 02a7 01       		.byte	0x1
 685 02a8 20       		.byte	0x20
 686 02a9 C4000000 		.4byte	0xc4
 687 02ad 02       		.uleb128 0x2
 688 02ae 91       		.byte	0x91
 689 02af 5C       		.sleb128 -36
 690 02b0 1A       		.uleb128 0x1a
 691 02b1 12000000 		.4byte	.LVL21
 692 02b5 94030000 		.4byte	0x394
 693 02b9 1A       		.uleb128 0x1a
 694 02ba 38000000 		.4byte	.LVL25
 695 02be 94030000 		.4byte	0x394
 696 02c2 0E       		.uleb128 0xe
 697 02c3 4E000000 		.4byte	.LVL28
 698 02c7 94030000 		.4byte	0x394
 699 02cb D6020000 		.4byte	0x2d6
 700 02cf 0F       		.uleb128 0xf
 701 02d0 01       		.uleb128 0x1
 702 02d1 50       		.byte	0x50
 703 02d2 02       		.uleb128 0x2
 704 02d3 08       		.byte	0x8
 705 02d4 2D       		.byte	0x2d
 706 02d5 00       		.byte	0
 707 02d6 0E       		.uleb128 0xe
 708 02d7 56000000 		.4byte	.LVL29
 709 02db C7010000 		.4byte	0x1c7
 710 02df EF020000 		.4byte	0x2ef
 711 02e3 0F       		.uleb128 0xf
 712 02e4 01       		.uleb128 0x1
 713 02e5 51       		.byte	0x51
 714 02e6 01       		.uleb128 0x1
 715 02e7 3A       		.byte	0x3a
 716 02e8 0F       		.uleb128 0xf
 717 02e9 01       		.uleb128 0x1
 718 02ea 50       		.byte	0x50
 719 02eb 02       		.uleb128 0x2
 720 02ec 75       		.byte	0x75
 721 02ed 00       		.sleb128 0
 722 02ee 00       		.byte	0
 723 02ef 1A       		.uleb128 0x1a
 724 02f0 5A000000 		.4byte	.LVL30
 725 02f4 A5030000 		.4byte	0x3a5
ARM GAS  C:\Users\310295~1\AppData\Local\Temp\ccsQJw5L.s 			page 16


 726 02f8 0E       		.uleb128 0xe
 727 02f9 6A000000 		.4byte	.LVL33
 728 02fd C7010000 		.4byte	0x1c7
 729 0301 0B030000 		.4byte	0x30b
 730 0305 0F       		.uleb128 0xf
 731 0306 01       		.uleb128 0x1
 732 0307 51       		.byte	0x51
 733 0308 01       		.uleb128 0x1
 734 0309 38       		.byte	0x38
 735 030a 00       		.byte	0
 736 030b 1A       		.uleb128 0x1a
 737 030c 6E000000 		.4byte	.LVL34
 738 0310 A5030000 		.4byte	0x3a5
 739 0314 1A       		.uleb128 0x1a
 740 0315 7C000000 		.4byte	.LVL36
 741 0319 A5030000 		.4byte	0x3a5
 742 031d 0E       		.uleb128 0xe
 743 031e 8C000000 		.4byte	.LVL38
 744 0322 C7010000 		.4byte	0x1c7
 745 0326 30030000 		.4byte	0x330
 746 032a 0F       		.uleb128 0xf
 747 032b 01       		.uleb128 0x1
 748 032c 51       		.byte	0x51
 749 032d 01       		.uleb128 0x1
 750 032e 40       		.byte	0x40
 751 032f 00       		.byte	0
 752 0330 1A       		.uleb128 0x1a
 753 0331 90000000 		.4byte	.LVL39
 754 0335 A5030000 		.4byte	0x3a5
 755 0339 00       		.byte	0
 756 033a 1B       		.uleb128 0x1b
 757 033b C1010000 		.4byte	.LASF29
 758 033f A3000000 		.4byte	0xa3
 759 0343 57030000 		.4byte	0x357
 760 0347 1C       		.uleb128 0x1c
 761 0348 A3000000 		.4byte	0xa3
 762 034c 1C       		.uleb128 0x1c
 763 034d 57030000 		.4byte	0x357
 764 0351 1C       		.uleb128 0x1c
 765 0352 A5000000 		.4byte	0xa5
 766 0356 00       		.byte	0
 767 0357 08       		.uleb128 0x8
 768 0358 04       		.byte	0x4
 769 0359 5D030000 		.4byte	0x35d
 770 035d 1D       		.uleb128 0x1d
 771 035e 1E       		.uleb128 0x1e
 772 035f 01020000 		.4byte	.LASF30
 773 0363 07       		.byte	0x7
 774 0364 27       		.byte	0x27
 775 0365 74030000 		.4byte	0x374
 776 0369 1C       		.uleb128 0x1c
 777 036a 74030000 		.4byte	0x374
 778 036e 1C       		.uleb128 0x1c
 779 036f E6000000 		.4byte	0xe6
 780 0373 00       		.byte	0
 781 0374 08       		.uleb128 0x8
 782 0375 04       		.byte	0x4
ARM GAS  C:\Users\310295~1\AppData\Local\Temp\ccsQJw5L.s 			page 17


 783 0376 7A030000 		.4byte	0x37a
 784 037a 09       		.uleb128 0x9
 785 037b DA000000 		.4byte	0xda
 786 037f 1F       		.uleb128 0x1f
 787 0380 4F000000 		.4byte	.LASF39
 788 0384 09       		.byte	0x9
 789 0385 21       		.byte	0x21
 790 0386 76000000 		.4byte	0x76
 791 038a 94030000 		.4byte	0x394
 792 038e 1C       		.uleb128 0x1c
 793 038f B9000000 		.4byte	0xb9
 794 0393 00       		.byte	0
 795 0394 1E       		.uleb128 0x1e
 796 0395 3E000000 		.4byte	.LASF31
 797 0399 07       		.byte	0x7
 798 039a 25       		.byte	0x25
 799 039b A5030000 		.4byte	0x3a5
 800 039f 1C       		.uleb128 0x1c
 801 03a0 DA000000 		.4byte	0xda
 802 03a4 00       		.byte	0
 803 03a5 1E       		.uleb128 0x1e
 804 03a6 6C000000 		.4byte	.LASF32
 805 03aa 07       		.byte	0x7
 806 03ab 26       		.byte	0x26
 807 03ac B6030000 		.4byte	0x3b6
 808 03b0 1C       		.uleb128 0x1c
 809 03b1 B6030000 		.4byte	0x3b6
 810 03b5 00       		.byte	0
 811 03b6 08       		.uleb128 0x8
 812 03b7 04       		.byte	0x4
 813 03b8 BC030000 		.4byte	0x3bc
 814 03bc 09       		.uleb128 0x9
 815 03bd 00010000 		.4byte	0x100
 816 03c1 00       		.byte	0
 817              		.section	.debug_abbrev,"",%progbits
 818              	.Ldebug_abbrev0:
 819 0000 01       		.uleb128 0x1
 820 0001 11       		.uleb128 0x11
 821 0002 01       		.byte	0x1
 822 0003 25       		.uleb128 0x25
 823 0004 0E       		.uleb128 0xe
 824 0005 13       		.uleb128 0x13
 825 0006 0B       		.uleb128 0xb
 826 0007 03       		.uleb128 0x3
 827 0008 0E       		.uleb128 0xe
 828 0009 1B       		.uleb128 0x1b
 829 000a 0E       		.uleb128 0xe
 830 000b 55       		.uleb128 0x55
 831 000c 17       		.uleb128 0x17
 832 000d 11       		.uleb128 0x11
 833 000e 01       		.uleb128 0x1
 834 000f 10       		.uleb128 0x10
 835 0010 17       		.uleb128 0x17
 836 0011 00       		.byte	0
 837 0012 00       		.byte	0
 838 0013 02       		.uleb128 0x2
 839 0014 24       		.uleb128 0x24
ARM GAS  C:\Users\310295~1\AppData\Local\Temp\ccsQJw5L.s 			page 18


 840 0015 00       		.byte	0
 841 0016 0B       		.uleb128 0xb
 842 0017 0B       		.uleb128 0xb
 843 0018 3E       		.uleb128 0x3e
 844 0019 0B       		.uleb128 0xb
 845 001a 03       		.uleb128 0x3
 846 001b 0E       		.uleb128 0xe
 847 001c 00       		.byte	0
 848 001d 00       		.byte	0
 849 001e 03       		.uleb128 0x3
 850 001f 16       		.uleb128 0x16
 851 0020 00       		.byte	0
 852 0021 03       		.uleb128 0x3
 853 0022 0E       		.uleb128 0xe
 854 0023 3A       		.uleb128 0x3a
 855 0024 0B       		.uleb128 0xb
 856 0025 3B       		.uleb128 0x3b
 857 0026 0B       		.uleb128 0xb
 858 0027 49       		.uleb128 0x49
 859 0028 13       		.uleb128 0x13
 860 0029 00       		.byte	0
 861 002a 00       		.byte	0
 862 002b 04       		.uleb128 0x4
 863 002c 24       		.uleb128 0x24
 864 002d 00       		.byte	0
 865 002e 0B       		.uleb128 0xb
 866 002f 0B       		.uleb128 0xb
 867 0030 3E       		.uleb128 0x3e
 868 0031 0B       		.uleb128 0xb
 869 0032 03       		.uleb128 0x3
 870 0033 08       		.uleb128 0x8
 871 0034 00       		.byte	0
 872 0035 00       		.byte	0
 873 0036 05       		.uleb128 0x5
 874 0037 13       		.uleb128 0x13
 875 0038 01       		.byte	0x1
 876 0039 03       		.uleb128 0x3
 877 003a 0E       		.uleb128 0xe
 878 003b 0B       		.uleb128 0xb
 879 003c 0B       		.uleb128 0xb
 880 003d 3A       		.uleb128 0x3a
 881 003e 0B       		.uleb128 0xb
 882 003f 3B       		.uleb128 0x3b
 883 0040 0B       		.uleb128 0xb
 884 0041 01       		.uleb128 0x1
 885 0042 13       		.uleb128 0x13
 886 0043 00       		.byte	0
 887 0044 00       		.byte	0
 888 0045 06       		.uleb128 0x6
 889 0046 0D       		.uleb128 0xd
 890 0047 00       		.byte	0
 891 0048 03       		.uleb128 0x3
 892 0049 0E       		.uleb128 0xe
 893 004a 49       		.uleb128 0x49
 894 004b 13       		.uleb128 0x13
 895 004c 38       		.uleb128 0x38
 896 004d 0B       		.uleb128 0xb
ARM GAS  C:\Users\310295~1\AppData\Local\Temp\ccsQJw5L.s 			page 19


 897 004e 34       		.uleb128 0x34
 898 004f 19       		.uleb128 0x19
 899 0050 00       		.byte	0
 900 0051 00       		.byte	0
 901 0052 07       		.uleb128 0x7
 902 0053 0F       		.uleb128 0xf
 903 0054 00       		.byte	0
 904 0055 0B       		.uleb128 0xb
 905 0056 0B       		.uleb128 0xb
 906 0057 00       		.byte	0
 907 0058 00       		.byte	0
 908 0059 08       		.uleb128 0x8
 909 005a 0F       		.uleb128 0xf
 910 005b 00       		.byte	0
 911 005c 0B       		.uleb128 0xb
 912 005d 0B       		.uleb128 0xb
 913 005e 49       		.uleb128 0x49
 914 005f 13       		.uleb128 0x13
 915 0060 00       		.byte	0
 916 0061 00       		.byte	0
 917 0062 09       		.uleb128 0x9
 918 0063 26       		.uleb128 0x26
 919 0064 00       		.byte	0
 920 0065 49       		.uleb128 0x49
 921 0066 13       		.uleb128 0x13
 922 0067 00       		.byte	0
 923 0068 00       		.byte	0
 924 0069 0A       		.uleb128 0xa
 925 006a 16       		.uleb128 0x16
 926 006b 00       		.byte	0
 927 006c 03       		.uleb128 0x3
 928 006d 0E       		.uleb128 0xe
 929 006e 3A       		.uleb128 0x3a
 930 006f 0B       		.uleb128 0xb
 931 0070 3B       		.uleb128 0x3b
 932 0071 05       		.uleb128 0x5
 933 0072 49       		.uleb128 0x49
 934 0073 13       		.uleb128 0x13
 935 0074 00       		.byte	0
 936 0075 00       		.byte	0
 937 0076 0B       		.uleb128 0xb
 938 0077 2E       		.uleb128 0x2e
 939 0078 01       		.byte	0x1
 940 0079 3F       		.uleb128 0x3f
 941 007a 19       		.uleb128 0x19
 942 007b 03       		.uleb128 0x3
 943 007c 0E       		.uleb128 0xe
 944 007d 3A       		.uleb128 0x3a
 945 007e 0B       		.uleb128 0xb
 946 007f 3B       		.uleb128 0x3b
 947 0080 0B       		.uleb128 0xb
 948 0081 27       		.uleb128 0x27
 949 0082 19       		.uleb128 0x19
 950 0083 11       		.uleb128 0x11
 951 0084 01       		.uleb128 0x1
 952 0085 12       		.uleb128 0x12
 953 0086 06       		.uleb128 0x6
ARM GAS  C:\Users\310295~1\AppData\Local\Temp\ccsQJw5L.s 			page 20


 954 0087 40       		.uleb128 0x40
 955 0088 18       		.uleb128 0x18
 956 0089 9742     		.uleb128 0x2117
 957 008b 19       		.uleb128 0x19
 958 008c 01       		.uleb128 0x1
 959 008d 13       		.uleb128 0x13
 960 008e 00       		.byte	0
 961 008f 00       		.byte	0
 962 0090 0C       		.uleb128 0xc
 963 0091 05       		.uleb128 0x5
 964 0092 00       		.byte	0
 965 0093 03       		.uleb128 0x3
 966 0094 08       		.uleb128 0x8
 967 0095 3A       		.uleb128 0x3a
 968 0096 0B       		.uleb128 0xb
 969 0097 3B       		.uleb128 0x3b
 970 0098 0B       		.uleb128 0xb
 971 0099 49       		.uleb128 0x49
 972 009a 13       		.uleb128 0x13
 973 009b 02       		.uleb128 0x2
 974 009c 17       		.uleb128 0x17
 975 009d 00       		.byte	0
 976 009e 00       		.byte	0
 977 009f 0D       		.uleb128 0xd
 978 00a0 34       		.uleb128 0x34
 979 00a1 00       		.byte	0
 980 00a2 03       		.uleb128 0x3
 981 00a3 0E       		.uleb128 0xe
 982 00a4 3A       		.uleb128 0x3a
 983 00a5 0B       		.uleb128 0xb
 984 00a6 3B       		.uleb128 0x3b
 985 00a7 0B       		.uleb128 0xb
 986 00a8 49       		.uleb128 0x49
 987 00a9 13       		.uleb128 0x13
 988 00aa 02       		.uleb128 0x2
 989 00ab 18       		.uleb128 0x18
 990 00ac 00       		.byte	0
 991 00ad 00       		.byte	0
 992 00ae 0E       		.uleb128 0xe
 993 00af 898201   		.uleb128 0x4109
 994 00b2 01       		.byte	0x1
 995 00b3 11       		.uleb128 0x11
 996 00b4 01       		.uleb128 0x1
 997 00b5 31       		.uleb128 0x31
 998 00b6 13       		.uleb128 0x13
 999 00b7 01       		.uleb128 0x1
 1000 00b8 13       		.uleb128 0x13
 1001 00b9 00       		.byte	0
 1002 00ba 00       		.byte	0
 1003 00bb 0F       		.uleb128 0xf
 1004 00bc 8A8201   		.uleb128 0x410a
 1005 00bf 00       		.byte	0
 1006 00c0 02       		.uleb128 0x2
 1007 00c1 18       		.uleb128 0x18
 1008 00c2 9142     		.uleb128 0x2111
 1009 00c4 18       		.uleb128 0x18
 1010 00c5 00       		.byte	0
ARM GAS  C:\Users\310295~1\AppData\Local\Temp\ccsQJw5L.s 			page 21


 1011 00c6 00       		.byte	0
 1012 00c7 10       		.uleb128 0x10
 1013 00c8 898201   		.uleb128 0x4109
 1014 00cb 01       		.byte	0x1
 1015 00cc 11       		.uleb128 0x11
 1016 00cd 01       		.uleb128 0x1
 1017 00ce 31       		.uleb128 0x31
 1018 00cf 13       		.uleb128 0x13
 1019 00d0 00       		.byte	0
 1020 00d1 00       		.byte	0
 1021 00d2 11       		.uleb128 0x11
 1022 00d3 01       		.uleb128 0x1
 1023 00d4 01       		.byte	0x1
 1024 00d5 49       		.uleb128 0x49
 1025 00d6 13       		.uleb128 0x13
 1026 00d7 01       		.uleb128 0x1
 1027 00d8 13       		.uleb128 0x13
 1028 00d9 00       		.byte	0
 1029 00da 00       		.byte	0
 1030 00db 12       		.uleb128 0x12
 1031 00dc 21       		.uleb128 0x21
 1032 00dd 00       		.byte	0
 1033 00de 49       		.uleb128 0x49
 1034 00df 13       		.uleb128 0x13
 1035 00e0 2F       		.uleb128 0x2f
 1036 00e1 0B       		.uleb128 0xb
 1037 00e2 00       		.byte	0
 1038 00e3 00       		.byte	0
 1039 00e4 13       		.uleb128 0x13
 1040 00e5 2E       		.uleb128 0x2e
 1041 00e6 01       		.byte	0x1
 1042 00e7 3F       		.uleb128 0x3f
 1043 00e8 19       		.uleb128 0x19
 1044 00e9 03       		.uleb128 0x3
 1045 00ea 0E       		.uleb128 0xe
 1046 00eb 3A       		.uleb128 0x3a
 1047 00ec 0B       		.uleb128 0xb
 1048 00ed 3B       		.uleb128 0x3b
 1049 00ee 0B       		.uleb128 0xb
 1050 00ef 27       		.uleb128 0x27
 1051 00f0 19       		.uleb128 0x19
 1052 00f1 49       		.uleb128 0x49
 1053 00f2 13       		.uleb128 0x13
 1054 00f3 11       		.uleb128 0x11
 1055 00f4 01       		.uleb128 0x1
 1056 00f5 12       		.uleb128 0x12
 1057 00f6 06       		.uleb128 0x6
 1058 00f7 40       		.uleb128 0x40
 1059 00f8 18       		.uleb128 0x18
 1060 00f9 9642     		.uleb128 0x2116
 1061 00fb 19       		.uleb128 0x19
 1062 00fc 01       		.uleb128 0x1
 1063 00fd 13       		.uleb128 0x13
 1064 00fe 00       		.byte	0
 1065 00ff 00       		.byte	0
 1066 0100 14       		.uleb128 0x14
 1067 0101 05       		.uleb128 0x5
ARM GAS  C:\Users\310295~1\AppData\Local\Temp\ccsQJw5L.s 			page 22


 1068 0102 00       		.byte	0
 1069 0103 03       		.uleb128 0x3
 1070 0104 0E       		.uleb128 0xe
 1071 0105 3A       		.uleb128 0x3a
 1072 0106 0B       		.uleb128 0xb
 1073 0107 3B       		.uleb128 0x3b
 1074 0108 0B       		.uleb128 0xb
 1075 0109 49       		.uleb128 0x49
 1076 010a 13       		.uleb128 0x13
 1077 010b 02       		.uleb128 0x2
 1078 010c 17       		.uleb128 0x17
 1079 010d 00       		.byte	0
 1080 010e 00       		.byte	0
 1081 010f 15       		.uleb128 0x15
 1082 0110 34       		.uleb128 0x34
 1083 0111 00       		.byte	0
 1084 0112 03       		.uleb128 0x3
 1085 0113 08       		.uleb128 0x8
 1086 0114 3A       		.uleb128 0x3a
 1087 0115 0B       		.uleb128 0xb
 1088 0116 3B       		.uleb128 0x3b
 1089 0117 0B       		.uleb128 0xb
 1090 0118 49       		.uleb128 0x49
 1091 0119 13       		.uleb128 0x13
 1092 011a 02       		.uleb128 0x2
 1093 011b 17       		.uleb128 0x17
 1094 011c 00       		.byte	0
 1095 011d 00       		.byte	0
 1096 011e 16       		.uleb128 0x16
 1097 011f 05       		.uleb128 0x5
 1098 0120 00       		.byte	0
 1099 0121 03       		.uleb128 0x3
 1100 0122 0E       		.uleb128 0xe
 1101 0123 3A       		.uleb128 0x3a
 1102 0124 0B       		.uleb128 0xb
 1103 0125 3B       		.uleb128 0x3b
 1104 0126 0B       		.uleb128 0xb
 1105 0127 49       		.uleb128 0x49
 1106 0128 13       		.uleb128 0x13
 1107 0129 02       		.uleb128 0x2
 1108 012a 18       		.uleb128 0x18
 1109 012b 00       		.byte	0
 1110 012c 00       		.byte	0
 1111 012d 17       		.uleb128 0x17
 1112 012e 18       		.uleb128 0x18
 1113 012f 00       		.byte	0
 1114 0130 00       		.byte	0
 1115 0131 00       		.byte	0
 1116 0132 18       		.uleb128 0x18
 1117 0133 34       		.uleb128 0x34
 1118 0134 00       		.byte	0
 1119 0135 03       		.uleb128 0x3
 1120 0136 0E       		.uleb128 0xe
 1121 0137 3A       		.uleb128 0x3a
 1122 0138 0B       		.uleb128 0xb
 1123 0139 3B       		.uleb128 0x3b
 1124 013a 0B       		.uleb128 0xb
ARM GAS  C:\Users\310295~1\AppData\Local\Temp\ccsQJw5L.s 			page 23


 1125 013b 49       		.uleb128 0x49
 1126 013c 13       		.uleb128 0x13
 1127 013d 02       		.uleb128 0x2
 1128 013e 17       		.uleb128 0x17
 1129 013f 00       		.byte	0
 1130 0140 00       		.byte	0
 1131 0141 19       		.uleb128 0x19
 1132 0142 34       		.uleb128 0x34
 1133 0143 00       		.byte	0
 1134 0144 03       		.uleb128 0x3
 1135 0145 08       		.uleb128 0x8
 1136 0146 3A       		.uleb128 0x3a
 1137 0147 0B       		.uleb128 0xb
 1138 0148 3B       		.uleb128 0x3b
 1139 0149 0B       		.uleb128 0xb
 1140 014a 49       		.uleb128 0x49
 1141 014b 13       		.uleb128 0x13
 1142 014c 02       		.uleb128 0x2
 1143 014d 18       		.uleb128 0x18
 1144 014e 00       		.byte	0
 1145 014f 00       		.byte	0
 1146 0150 1A       		.uleb128 0x1a
 1147 0151 898201   		.uleb128 0x4109
 1148 0154 00       		.byte	0
 1149 0155 11       		.uleb128 0x11
 1150 0156 01       		.uleb128 0x1
 1151 0157 31       		.uleb128 0x31
 1152 0158 13       		.uleb128 0x13
 1153 0159 00       		.byte	0
 1154 015a 00       		.byte	0
 1155 015b 1B       		.uleb128 0x1b
 1156 015c 2E       		.uleb128 0x2e
 1157 015d 01       		.byte	0x1
 1158 015e 3F       		.uleb128 0x3f
 1159 015f 19       		.uleb128 0x19
 1160 0160 03       		.uleb128 0x3
 1161 0161 0E       		.uleb128 0xe
 1162 0162 27       		.uleb128 0x27
 1163 0163 19       		.uleb128 0x19
 1164 0164 49       		.uleb128 0x49
 1165 0165 13       		.uleb128 0x13
 1166 0166 34       		.uleb128 0x34
 1167 0167 19       		.uleb128 0x19
 1168 0168 3C       		.uleb128 0x3c
 1169 0169 19       		.uleb128 0x19
 1170 016a 01       		.uleb128 0x1
 1171 016b 13       		.uleb128 0x13
 1172 016c 00       		.byte	0
 1173 016d 00       		.byte	0
 1174 016e 1C       		.uleb128 0x1c
 1175 016f 05       		.uleb128 0x5
 1176 0170 00       		.byte	0
 1177 0171 49       		.uleb128 0x49
 1178 0172 13       		.uleb128 0x13
 1179 0173 00       		.byte	0
 1180 0174 00       		.byte	0
 1181 0175 1D       		.uleb128 0x1d
ARM GAS  C:\Users\310295~1\AppData\Local\Temp\ccsQJw5L.s 			page 24


 1182 0176 26       		.uleb128 0x26
 1183 0177 00       		.byte	0
 1184 0178 00       		.byte	0
 1185 0179 00       		.byte	0
 1186 017a 1E       		.uleb128 0x1e
 1187 017b 2E       		.uleb128 0x2e
 1188 017c 01       		.byte	0x1
 1189 017d 3F       		.uleb128 0x3f
 1190 017e 19       		.uleb128 0x19
 1191 017f 03       		.uleb128 0x3
 1192 0180 0E       		.uleb128 0xe
 1193 0181 3A       		.uleb128 0x3a
 1194 0182 0B       		.uleb128 0xb
 1195 0183 3B       		.uleb128 0x3b
 1196 0184 0B       		.uleb128 0xb
 1197 0185 27       		.uleb128 0x27
 1198 0186 19       		.uleb128 0x19
 1199 0187 3C       		.uleb128 0x3c
 1200 0188 19       		.uleb128 0x19
 1201 0189 01       		.uleb128 0x1
 1202 018a 13       		.uleb128 0x13
 1203 018b 00       		.byte	0
 1204 018c 00       		.byte	0
 1205 018d 1F       		.uleb128 0x1f
 1206 018e 2E       		.uleb128 0x2e
 1207 018f 01       		.byte	0x1
 1208 0190 3F       		.uleb128 0x3f
 1209 0191 19       		.uleb128 0x19
 1210 0192 03       		.uleb128 0x3
 1211 0193 0E       		.uleb128 0xe
 1212 0194 3A       		.uleb128 0x3a
 1213 0195 0B       		.uleb128 0xb
 1214 0196 3B       		.uleb128 0x3b
 1215 0197 0B       		.uleb128 0xb
 1216 0198 27       		.uleb128 0x27
 1217 0199 19       		.uleb128 0x19
 1218 019a 49       		.uleb128 0x49
 1219 019b 13       		.uleb128 0x13
 1220 019c 3C       		.uleb128 0x3c
 1221 019d 19       		.uleb128 0x19
 1222 019e 01       		.uleb128 0x1
 1223 019f 13       		.uleb128 0x13
 1224 01a0 00       		.byte	0
 1225 01a1 00       		.byte	0
 1226 01a2 00       		.byte	0
 1227              		.section	.debug_loc,"",%progbits
 1228              	.Ldebug_loc0:
 1229              	.LLST0:
 1230 0000 00000000 		.4byte	.LVL0
 1231 0004 08000000 		.4byte	.LVL1
 1232 0008 0100     		.2byte	0x1
 1233 000a 50       		.byte	0x50
 1234 000b 08000000 		.4byte	.LVL1
 1235 000f 30000000 		.4byte	.LVL7
 1236 0013 0100     		.2byte	0x1
 1237 0015 54       		.byte	0x54
 1238 0016 30000000 		.4byte	.LVL7
ARM GAS  C:\Users\310295~1\AppData\Local\Temp\ccsQJw5L.s 			page 25


 1239 001a 38000000 		.4byte	.LFE0
 1240 001e 0400     		.2byte	0x4
 1241 0020 F3       		.byte	0xf3
 1242 0021 01       		.uleb128 0x1
 1243 0022 50       		.byte	0x50
 1244 0023 9F       		.byte	0x9f
 1245 0024 00000000 		.4byte	0
 1246 0028 00000000 		.4byte	0
 1247              	.LLST1:
 1248 002c 00000000 		.4byte	.LVL8
 1249 0030 19000000 		.4byte	.LVL12-1
 1250 0034 0100     		.2byte	0x1
 1251 0036 50       		.byte	0x50
 1252 0037 19000000 		.4byte	.LVL12-1
 1253 003b 2C000000 		.4byte	.LVL14
 1254 003f 0100     		.2byte	0x1
 1255 0041 54       		.byte	0x54
 1256 0042 2C000000 		.4byte	.LVL14
 1257 0046 30000000 		.4byte	.LVL15
 1258 004a 0100     		.2byte	0x1
 1259 004c 50       		.byte	0x50
 1260 004d 30000000 		.4byte	.LVL15
 1261 0051 30000000 		.4byte	.LVL16
 1262 0055 0100     		.2byte	0x1
 1263 0057 54       		.byte	0x54
 1264 0058 00000000 		.4byte	0
 1265 005c 00000000 		.4byte	0
 1266              	.LLST2:
 1267 0060 00000000 		.4byte	.LVL8
 1268 0064 10000000 		.4byte	.LVL10
 1269 0068 0100     		.2byte	0x1
 1270 006a 51       		.byte	0x51
 1271 006b 10000000 		.4byte	.LVL10
 1272 006f 30000000 		.4byte	.LVL17
 1273 0073 0100     		.2byte	0x1
 1274 0075 55       		.byte	0x55
 1275 0076 30000000 		.4byte	.LVL17
 1276 007a 3C000000 		.4byte	.LFE2
 1277 007e 0400     		.2byte	0x4
 1278 0080 F3       		.byte	0xf3
 1279 0081 01       		.uleb128 0x1
 1280 0082 51       		.byte	0x51
 1281 0083 9F       		.byte	0x9f
 1282 0084 00000000 		.4byte	0
 1283 0088 00000000 		.4byte	0
 1284              	.LLST3:
 1285 008c 06000000 		.4byte	.LVL9
 1286 0090 10000000 		.4byte	.LVL10
 1287 0094 0600     		.2byte	0x6
 1288 0096 03       		.byte	0x3
 1289 0097 31000000 		.4byte	buffer.5293+49
 1290 009b 9F       		.byte	0x9f
 1291 009c 10000000 		.4byte	.LVL10
 1292 00a0 30000000 		.4byte	.LVL18
 1293 00a4 0100     		.2byte	0x1
 1294 00a6 56       		.byte	0x56
 1295 00a7 30000000 		.4byte	.LVL18
ARM GAS  C:\Users\310295~1\AppData\Local\Temp\ccsQJw5L.s 			page 26


 1296 00ab 3C000000 		.4byte	.LFE2
 1297 00af 0100     		.2byte	0x1
 1298 00b1 50       		.byte	0x50
 1299 00b2 00000000 		.4byte	0
 1300 00b6 00000000 		.4byte	0
 1301              	.LLST4:
 1302 00ba 0C000000 		.4byte	.LVL20
 1303 00be 1A000000 		.4byte	.LVL23
 1304 00c2 0100     		.2byte	0x1
 1305 00c4 54       		.byte	0x54
 1306 00c5 1A000000 		.4byte	.LVL23
 1307 00c9 92000000 		.4byte	.LVL40
 1308 00cd 0300     		.2byte	0x3
 1309 00cf 74       		.byte	0x74
 1310 00d0 01       		.sleb128 1
 1311 00d1 9F       		.byte	0x9f
 1312 00d2 92000000 		.4byte	.LVL40
 1313 00d6 9A000000 		.4byte	.LVL41
 1314 00da 0100     		.2byte	0x1
 1315 00dc 54       		.byte	0x54
 1316 00dd 00000000 		.4byte	0
 1317 00e1 00000000 		.4byte	0
 1318              	.LLST5:
 1319 00e5 32000000 		.4byte	.LVL24
 1320 00e9 37000000 		.4byte	.LVL25-1
 1321 00ed 0200     		.2byte	0x2
 1322 00ef 73       		.byte	0x73
 1323 00f0 00       		.sleb128 0
 1324 00f1 42000000 		.4byte	.LVL26
 1325 00f5 5C000000 		.4byte	.LVL31
 1326 00f9 0100     		.2byte	0x1
 1327 00fb 55       		.byte	0x55
 1328 00fc 64000000 		.4byte	.LVL32
 1329 0100 69000000 		.4byte	.LVL33-1
 1330 0104 0100     		.2byte	0x1
 1331 0106 50       		.byte	0x50
 1332 0107 86000000 		.4byte	.LVL37
 1333 010b 8B000000 		.4byte	.LVL38-1
 1334 010f 0100     		.2byte	0x1
 1335 0111 50       		.byte	0x50
 1336 0112 00000000 		.4byte	0
 1337 0116 00000000 		.4byte	0
 1338              	.LLST6:
 1339 011a 78000000 		.4byte	.LVL35
 1340 011e 7B000000 		.4byte	.LVL36-1
 1341 0122 0100     		.2byte	0x1
 1342 0124 50       		.byte	0x50
 1343 0125 00000000 		.4byte	0
 1344 0129 00000000 		.4byte	0
 1345              		.section	.debug_aranges,"",%progbits
 1346 0000 2C000000 		.4byte	0x2c
 1347 0004 0200     		.2byte	0x2
 1348 0006 00000000 		.4byte	.Ldebug_info0
 1349 000a 04       		.byte	0x4
 1350 000b 00       		.byte	0
 1351 000c 0000     		.2byte	0
 1352 000e 0000     		.2byte	0
ARM GAS  C:\Users\310295~1\AppData\Local\Temp\ccsQJw5L.s 			page 27


 1353 0010 00000000 		.4byte	.LFB0
 1354 0014 38000000 		.4byte	.LFE0-.LFB0
 1355 0018 00000000 		.4byte	.LFB2
 1356 001c 3C000000 		.4byte	.LFE2-.LFB2
 1357 0020 00000000 		.4byte	.LFB1
 1358 0024 A8000000 		.4byte	.LFE1-.LFB1
 1359 0028 00000000 		.4byte	0
 1360 002c 00000000 		.4byte	0
 1361              		.section	.debug_ranges,"",%progbits
 1362              	.Ldebug_ranges0:
 1363 0000 00000000 		.4byte	.LFB0
 1364 0004 38000000 		.4byte	.LFE0
 1365 0008 00000000 		.4byte	.LFB2
 1366 000c 3C000000 		.4byte	.LFE2
 1367 0010 00000000 		.4byte	.LFB1
 1368 0014 A8000000 		.4byte	.LFE1
 1369 0018 00000000 		.4byte	0
 1370 001c 00000000 		.4byte	0
 1371              		.section	.debug_line,"",%progbits
 1372              	.Ldebug_line0:
 1373 0000 67020000 		.section	.debug_str,"MS",%progbits,1
 1373      0200F201 
 1373      00000201 
 1373      FB0E0D00 
 1373      01010101 
 1374              	.LASF9:
 1375 0000 5F5F7569 		.ascii	"__uint8_t\000"
 1375      6E74385F 
 1375      7400
 1376              	.LASF10:
 1377 000a 73697A65 		.ascii	"size_t\000"
 1377      5F7400
 1378              	.LASF18:
 1379 0011 666C6F61 		.ascii	"float\000"
 1379      7400
 1380              	.LASF25:
 1381 0017 44656275 		.ascii	"DebugCode\000"
 1381      67436F64 
 1381      6500
 1382              	.LASF26:
 1383 0021 736B5F70 		.ascii	"sk_printf\000"
 1383      72696E74 
 1383      6600
 1384              	.LASF3:
 1385 002b 73686F72 		.ascii	"short unsigned int\000"
 1385      7420756E 
 1385      7369676E 
 1385      65642069 
 1385      6E7400
 1386              	.LASF31:
 1387 003e 55415254 		.ascii	"UART_Dbg_PutChar\000"
 1387      5F446267 
 1387      5F507574 
 1387      43686172 
 1387      00
 1388              	.LASF39:
 1389 004f 7374726C 		.ascii	"strlen\000"
ARM GAS  C:\Users\310295~1\AppData\Local\Temp\ccsQJw5L.s 			page 28


 1389      656E00
 1390              	.LASF14:
 1391 0056 76615F6C 		.ascii	"va_list\000"
 1391      69737400 
 1392              	.LASF1:
 1393 005e 756E7369 		.ascii	"unsigned char\000"
 1393      676E6564 
 1393      20636861 
 1393      7200
 1394              	.LASF32:
 1395 006c 55415254 		.ascii	"UART_Dbg_PutString\000"
 1395      5F446267 
 1395      5F507574 
 1395      53747269 
 1395      6E6700
 1396              	.LASF20:
 1397 007f 63686172 		.ascii	"char8\000"
 1397      3800
 1398              	.LASF5:
 1399 0085 6C6F6E67 		.ascii	"long unsigned int\000"
 1399      20756E73 
 1399      69676E65 
 1399      6420696E 
 1399      7400
 1400              	.LASF16:
 1401 0097 75696E74 		.ascii	"uint8\000"
 1401      3800
 1402              	.LASF19:
 1403 009d 646F7562 		.ascii	"double\000"
 1403      6C6500
 1404              	.LASF38:
 1405 00a4 636F6E76 		.ascii	"convert\000"
 1405      65727400 
 1406              	.LASF11:
 1407 00ac 5F5F676E 		.ascii	"__gnuc_va_list\000"
 1407      75635F76 
 1407      615F6C69 
 1407      737400
 1408              	.LASF28:
 1409 00bb 74726176 		.ascii	"traverse\000"
 1409      65727365 
 1409      00
 1410              	.LASF27:
 1411 00c4 666F726D 		.ascii	"format\000"
 1411      617400
 1412              	.LASF17:
 1413 00cb 75696E74 		.ascii	"uint32\000"
 1413      333200
 1414              	.LASF21:
 1415 00d2 62617365 		.ascii	"base\000"
 1415      00
 1416              	.LASF8:
 1417 00d7 756E7369 		.ascii	"unsigned int\000"
 1417      676E6564 
 1417      20696E74 
 1417      00
 1418              	.LASF34:
ARM GAS  C:\Users\310295~1\AppData\Local\Temp\ccsQJw5L.s 			page 29


 1419 00e4 2E5C6465 		.ascii	".\\debug.c\000"
 1419      6275672E 
 1419      6300
 1420              	.LASF7:
 1421 00ee 6C6F6E67 		.ascii	"long long unsigned int\000"
 1421      206C6F6E 
 1421      6720756E 
 1421      7369676E 
 1421      65642069 
 1422              	.LASF15:
 1423 0105 75696E74 		.ascii	"uint8_t\000"
 1423      385F7400 
 1424              	.LASF37:
 1425 010d 5F5F6170 		.ascii	"__ap\000"
 1425      00
 1426              	.LASF12:
 1427 0112 73697A65 		.ascii	"sizetype\000"
 1427      74797065 
 1427      00
 1428              	.LASF33:
 1429 011b 474E5520 		.ascii	"GNU C 4.9.3 20150303 (release) [ARM/embedded-4_9-br"
 1429      4320342E 
 1429      392E3320 
 1429      32303135 
 1429      30333033 
 1430 014e 616E6368 		.ascii	"anch revision 221220] -mcpu=cortex-m0 -mthumb -g -O"
 1430      20726576 
 1430      6973696F 
 1430      6E203232 
 1430      31323230 
 1431 0181 67202D66 		.ascii	"g -ffunction-sections -ffat-lto-objects\000"
 1431      66756E63 
 1431      74696F6E 
 1431      2D736563 
 1431      74696F6E 
 1432              	.LASF36:
 1433 01a9 5F5F7661 		.ascii	"__va_list\000"
 1433      5F6C6973 
 1433      7400
 1434              	.LASF6:
 1435 01b3 6C6F6E67 		.ascii	"long long int\000"
 1435      206C6F6E 
 1435      6720696E 
 1435      7400
 1436              	.LASF29:
 1437 01c1 6D656D63 		.ascii	"memcpy\000"
 1437      707900
 1438              	.LASF35:
 1439 01c8 433A5C57 		.ascii	"C:\\Work\\BLE_Proximity\\BLE_Proximity01\\BLE_Trans"
 1439      6F726B5C 
 1439      424C455F 
 1439      50726F78 
 1439      696D6974 
 1440 01f7 6665722E 		.ascii	"fer.cydsn\000"
 1440      63796473 
 1440      6E00
 1441              	.LASF30:
ARM GAS  C:\Users\310295~1\AppData\Local\Temp\ccsQJw5L.s 			page 30


 1442 0201 55415254 		.ascii	"UART_Dbg_PutArray\000"
 1442      5F446267 
 1442      5F507574 
 1442      41727261 
 1442      7900
 1443              	.LASF2:
 1444 0213 73686F72 		.ascii	"short int\000"
 1444      7420696E 
 1444      7400
 1445              	.LASF23:
 1446 021d 52657072 		.ascii	"Representation\000"
 1446      6573656E 
 1446      74617469 
 1446      6F6E00
 1447              	.LASF24:
 1448 022c 62756666 		.ascii	"buffer\000"
 1448      657200
 1449              	.LASF4:
 1450 0233 6C6F6E67 		.ascii	"long int\000"
 1450      20696E74 
 1450      00
 1451              	.LASF13:
 1452 023c 63686172 		.ascii	"char\000"
 1452      00
 1453              	.LASF0:
 1454 0241 7369676E 		.ascii	"signed char\000"
 1454      65642063 
 1454      68617200 
 1455              	.LASF22:
 1456 024d 656E646C 		.ascii	"endline\000"
 1456      696E6500 
 1457              		.ident	"GCC: (GNU Tools for ARM Embedded Processors) 4.9.3 20150303 (release) [ARM/embedded-4_9-br
