ARM GAS  C:\Users\310295~1\AppData\Local\Temp\ccUjehwv.s 			page 1


   1              		.cpu cortex-m0
   2              		.fpu softvfp
   3              		.eabi_attribute 20, 1
   4              		.eabi_attribute 21, 1
   5              		.eabi_attribute 23, 3
   6              		.eabi_attribute 24, 1
   7              		.eabi_attribute 25, 1
   8              		.eabi_attribute 26, 1
   9              		.eabi_attribute 30, 1
  10              		.eabi_attribute 34, 0
  11              		.eabi_attribute 18, 4
  12              		.code	16
  13              		.file	"main.c"
  14              		.text
  15              	.Ltext0:
  16              		.cfi_sections	.debug_frame
  17              		.section	.text.WakeupIsrHandler,"ax",%progbits
  18              		.align	2
  19              		.global	WakeupIsrHandler
  20              		.code	16
  21              		.thumb_func
  22              		.type	WakeupIsrHandler, %function
  23              	WakeupIsrHandler:
  24              	.LFB39:
  25              		.file 1 ".\\main.c"
   1:.\main.c      **** /* ========================================
   2:.\main.c      ****  *
   3:.\main.c      ****  * Copyright YOUR COMPANY, THE YEAR
   4:.\main.c      ****  * All Rights Reserved
   5:.\main.c      ****  * UNPUBLISHED, LICENSED SOFTWARE.
   6:.\main.c      ****  *
   7:.\main.c      ****  * CONFIDENTIAL AND PROPRIETARY INFORMATION
   8:.\main.c      ****  * WHICH IS THE PROPERTY OF your company.
   9:.\main.c      ****  *
  10:.\main.c      ****  * ========================================
  11:.\main.c      **** */
  12:.\main.c      **** #include <project.h>
  13:.\main.c      **** #include "main.h"
  14:.\main.c      **** 
  15:.\main.c      **** 
  16:.\main.c      **** static void EnableStop(void)
  17:.\main.c      **** {
  18:.\main.c      ****     DebugCode("SHREY: Turning Off the Chip");
  19:.\main.c      ****     UART_Dbg_Stop(); 
  20:.\main.c      ****     CySysPmStop();
  21:.\main.c      **** }
  22:.\main.c      **** /*******************************************************************************
  23:.\main.c      **** * Function Name: StackEventHandler
  24:.\main.c      **** ********************************************************************************
  25:.\main.c      **** *
  26:.\main.c      **** * Summary:
  27:.\main.c      **** *  This is an event callback function to receive events from the BLE Component.
  28:.\main.c      **** *
  29:.\main.c      **** * Parameters:
  30:.\main.c      **** *  uint8 event:       Event from the CYBLE component
  31:.\main.c      **** *  void* eventParams: A structure instance for corresponding event type. The
  32:.\main.c      **** *                     list of event structure is described in the component
ARM GAS  C:\Users\310295~1\AppData\Local\Temp\ccUjehwv.s 			page 2


  33:.\main.c      **** *                     datasheet.
  34:.\main.c      **** *
  35:.\main.c      **** * Return:
  36:.\main.c      **** *  None
  37:.\main.c      **** *
  38:.\main.c      **** *******************************************************************************/
  39:.\main.c      **** void StackEventHandler(uint32 event, void *eventParam)
  40:.\main.c      **** {
  41:.\main.c      ****     switch(event)
  42:.\main.c      ****     {
  43:.\main.c      ****         /* Mandatory events to be handled by Find Me Target design */
  44:.\main.c      ****         case CYBLE_EVT_STACK_ON:
  45:.\main.c      ****         case CYBLE_EVT_GAP_DEVICE_DISCONNECTED:
  46:.\main.c      ****             /* Start BLE advertisement for 30 seconds and update link
  47:.\main.c      ****              * status on LEDs */
  48:.\main.c      ****             CyBle_GappStartAdvertisement(CYBLE_ADVERTISING_FAST);
  49:.\main.c      ****             break;
  50:.\main.c      **** 
  51:.\main.c      ****         case CYBLE_EVT_GAP_DEVICE_CONNECTED:
  52:.\main.c      ****             /* BLE link is established */
  53:.\main.c      ****             break;
  54:.\main.c      **** 
  55:.\main.c      ****         case CYBLE_EVT_GAPP_ADVERTISEMENT_START_STOP:
  56:.\main.c      ****             if(CyBle_GetState() == CYBLE_STATE_DISCONNECTED)
  57:.\main.c      ****             {
  58:.\main.c      ****                 /* Advertisement event timed out, go to low power
  59:.\main.c      ****                  * mode (Stop mode) and wait for device reset
  60:.\main.c      ****                  * event to wake up the device again */
  61:.\main.c      ****                 CySysPmSetWakeupPolarity(CY_PM_STOP_WAKEUP_ACTIVE_HIGH);
  62:.\main.c      ****                 CySysPmStop();
  63:.\main.c      ****                
  64:.\main.c      ****                 /* Code execution will not reach here */
  65:.\main.c      ****             }
  66:.\main.c      ****             break;
  67:.\main.c      **** 
  68:.\main.c      ****         /* Other events that are generated by the BLE Component that
  69:.\main.c      ****          * are not required for functioning of this design */
  70:.\main.c      ****         /**********************************************************
  71:.\main.c      ****         *                       General Events
  72:.\main.c      ****         ***********************************************************/
  73:.\main.c      ****         case CYBLE_EVT_HARDWARE_ERROR:    /* This event indicates that some internal HW error has o
  74:.\main.c      ****             break;
  75:.\main.c      **** 
  76:.\main.c      ****         case CYBLE_EVT_HCI_STATUS:
  77:.\main.c      ****             break;
  78:.\main.c      **** 
  79:.\main.c      ****         /**********************************************************
  80:.\main.c      ****         *                       GAP Events
  81:.\main.c      ****         ***********************************************************/
  82:.\main.c      ****         case CYBLE_EVT_GAP_AUTH_REQ:
  83:.\main.c      ****             break;
  84:.\main.c      **** 
  85:.\main.c      ****         case CYBLE_EVT_GAP_PASSKEY_ENTRY_REQUEST:
  86:.\main.c      ****             break;
  87:.\main.c      **** 
  88:.\main.c      ****         case CYBLE_EVT_GAP_PASSKEY_DISPLAY_REQUEST:
  89:.\main.c      ****             break;
ARM GAS  C:\Users\310295~1\AppData\Local\Temp\ccUjehwv.s 			page 3


  90:.\main.c      **** 
  91:.\main.c      ****         case CYBLE_EVT_GAP_AUTH_COMPLETE:
  92:.\main.c      **** 
  93:.\main.c      ****             break;
  94:.\main.c      ****         case CYBLE_EVT_GAP_AUTH_FAILED:
  95:.\main.c      **** 
  96:.\main.c      ****             break;
  97:.\main.c      **** 
  98:.\main.c      ****         case CYBLE_EVT_GAP_ENCRYPT_CHANGE:
  99:.\main.c      ****             break;
 100:.\main.c      **** 
 101:.\main.c      ****         case CYBLE_EVT_GAPC_CONNECTION_UPDATE_COMPLETE:
 102:.\main.c      ****             break;
 103:.\main.c      **** 
 104:.\main.c      ****         /**********************************************************
 105:.\main.c      ****         *                       GATT Events
 106:.\main.c      ****         ***********************************************************/
 107:.\main.c      ****         case CYBLE_EVT_GATT_CONNECT_IND:
 108:.\main.c      ****             break;
 109:.\main.c      **** 
 110:.\main.c      ****         case CYBLE_EVT_GATT_DISCONNECT_IND:
 111:.\main.c      ****             break;
 112:.\main.c      **** 
 113:.\main.c      ****         case CYBLE_EVT_GATTS_XCNHG_MTU_REQ:
 114:.\main.c      ****             break;
 115:.\main.c      **** 
 116:.\main.c      ****         case CYBLE_EVT_GATTS_READ_CHAR_VAL_ACCESS_REQ:
 117:.\main.c      ****             break;
 118:.\main.c      **** 
 119:.\main.c      ****         /**********************************************************
 120:.\main.c      ****         *                       Other Events
 121:.\main.c      ****         ***********************************************************/
 122:.\main.c      ****         case CYBLE_EVT_PENDING_FLASH_WRITE:
 123:.\main.c      ****             break;
 124:.\main.c      **** 
 125:.\main.c      ****         default:
 126:.\main.c      ****             break;
 127:.\main.c      ****     }
 128:.\main.c      **** }
 129:.\main.c      **** 
 130:.\main.c      **** CY_ISR(WakeupIsrHandler)
 131:.\main.c      **** {
  26              		.loc 1 131 0
  27              		.cfi_startproc
  28 0000 08B5     		push	{r3, lr}
  29              		.cfi_def_cfa_offset 8
  30              		.cfi_offset 3, -8
  31              		.cfi_offset 14, -4
 132:.\main.c      **** //    static u8 sw_reg=0;
 133:.\main.c      ****     /* Clear pending Interrupt */
 134:.\main.c      ****     isr_Button_ClearPending();
  32              		.loc 1 134 0
  33 0002 FFF7FEFF 		bl	isr_Button_ClearPending
  34              	.LVL0:
 135:.\main.c      **** 
 136:.\main.c      ****     /* Clear pin Interrupt */
 137:.\main.c      ****     Button_ClearInterrupt();
ARM GAS  C:\Users\310295~1\AppData\Local\Temp\ccUjehwv.s 			page 4


  35              		.loc 1 137 0
  36 0006 FFF7FEFF 		bl	Button_ClearInterrupt
  37              	.LVL1:
 138:.\main.c      ****     
 139:.\main.c      **** }
  38              		.loc 1 139 0
  39              		@ sp needed
  40 000a 08BD     		pop	{r3, pc}
  41              		.cfi_endproc
  42              	.LFE39:
  43              		.size	WakeupIsrHandler, .-WakeupIsrHandler
  44              		.section	.text.EnableStop,"ax",%progbits
  45              		.align	2
  46              		.code	16
  47              		.thumb_func
  48              		.type	EnableStop, %function
  49              	EnableStop:
  50              	.LFB37:
  17:.\main.c      ****     DebugCode("SHREY: Turning Off the Chip");
  51              		.loc 1 17 0
  52              		.cfi_startproc
  53 0000 08B5     		push	{r3, lr}
  54              		.cfi_def_cfa_offset 8
  55              		.cfi_offset 3, -8
  56              		.cfi_offset 14, -4
  18:.\main.c      ****     UART_Dbg_Stop(); 
  57              		.loc 1 18 0
  58 0002 0448     		ldr	r0, .L3
  59 0004 FFF7FEFF 		bl	DebugCode
  60              	.LVL2:
  19:.\main.c      ****     CySysPmStop();
  61              		.loc 1 19 0
  62 0008 FFF7FEFF 		bl	UART_Dbg_Stop
  63              	.LVL3:
  20:.\main.c      **** }
  64              		.loc 1 20 0
  65 000c FFF7FEFF 		bl	CySysPmStop
  66              	.LVL4:
  21:.\main.c      **** /*******************************************************************************
  67              		.loc 1 21 0
  68              		@ sp needed
  69 0010 08BD     		pop	{r3, pc}
  70              	.L4:
  71 0012 C046     		.align	2
  72              	.L3:
  73 0014 00000000 		.word	.LC0
  74              		.cfi_endproc
  75              	.LFE37:
  76              		.size	EnableStop, .-EnableStop
  77              		.section	.text.StackEventHandler,"ax",%progbits
  78              		.align	2
  79              		.global	StackEventHandler
  80              		.code	16
  81              		.thumb_func
  82              		.type	StackEventHandler, %function
  83              	StackEventHandler:
  84              	.LFB38:
ARM GAS  C:\Users\310295~1\AppData\Local\Temp\ccUjehwv.s 			page 5


  40:.\main.c      ****     switch(event)
  85              		.loc 1 40 0
  86              		.cfi_startproc
  87              	.LVL5:
  88 0000 08B5     		push	{r3, lr}
  89              		.cfi_def_cfa_offset 8
  90              		.cfi_offset 3, -8
  91              		.cfi_offset 14, -4
  41:.\main.c      ****     {
  92              		.loc 1 41 0
  93 0002 2628     		cmp	r0, #38
  94 0004 07D0     		beq	.L7
  95 0006 2828     		cmp	r0, #40
  96 0008 01D0     		beq	.L8
  97 000a 0128     		cmp	r0, #1
  98 000c 0CD1     		bne	.L5
  99              	.L8:
  48:.\main.c      ****             break;
 100              		.loc 1 48 0
 101 000e 0020     		mov	r0, #0
 102              	.LVL6:
 103 0010 FFF7FEFF 		bl	CyBle_GappStartAdvertisement
 104              	.LVL7:
  49:.\main.c      **** 
 105              		.loc 1 49 0
 106 0014 08E0     		b	.L5
 107              	.LVL8:
 108              	.L7:
  56:.\main.c      ****             {
 109              		.loc 1 56 0
 110 0016 054B     		ldr	r3, .L9
 111 0018 1B78     		ldrb	r3, [r3]
 112 001a 042B     		cmp	r3, #4
 113 001c 04D1     		bne	.L5
  61:.\main.c      ****                 CySysPmStop();
 114              		.loc 1 61 0
 115 001e 0120     		mov	r0, #1
 116              	.LVL9:
 117 0020 FFF7FEFF 		bl	CySysPmSetWakeupPolarity
 118              	.LVL10:
  62:.\main.c      ****                
 119              		.loc 1 62 0
 120 0024 FFF7FEFF 		bl	CySysPmStop
 121              	.LVL11:
 122              	.L5:
 128:.\main.c      **** 
 123              		.loc 1 128 0
 124              		@ sp needed
 125 0028 08BD     		pop	{r3, pc}
 126              	.L10:
 127 002a C046     		.align	2
 128              	.L9:
 129 002c 00000000 		.word	cyBle_state
 130              		.cfi_endproc
 131              	.LFE38:
 132              		.size	StackEventHandler, .-StackEventHandler
 133              		.section	.text.main,"ax",%progbits
ARM GAS  C:\Users\310295~1\AppData\Local\Temp\ccUjehwv.s 			page 6


 134              		.align	2
 135              		.global	main
 136              		.code	16
 137              		.thumb_func
 138              		.type	main, %function
 139              	main:
 140              	.LFB40:
 140:.\main.c      **** 
 141:.\main.c      **** 
 142:.\main.c      **** int main()
 143:.\main.c      **** {
 141              		.loc 1 143 0
 142              		.cfi_startproc
 143 0000 10B5     		push	{r4, lr}
 144              		.cfi_def_cfa_offset 8
 145              		.cfi_offset 4, -8
 146              		.cfi_offset 14, -4
 144:.\main.c      ****     /*Enable the UART Debuger to get hold of data*/
 145:.\main.c      ****     UART_Dbg_Start(); 
 147              		.loc 1 145 0
 148 0002 FFF7FEFF 		bl	UART_Dbg_Start
 149              	.LVL12:
 150              	.L12:
 146:.\main.c      ****     
 147:.\main.c      ****     /*Wait till the button is pressed */
 148:.\main.c      ****     while(Button_Read() == 0u);
 151              		.loc 1 148 0 discriminator 1
 152 0006 FFF7FEFF 		bl	Button_Read
 153              	.LVL13:
 154 000a 0028     		cmp	r0, #0
 155 000c FBD0     		beq	.L12
 149:.\main.c      ****     CyDelay(500); 
 156              		.loc 1 149 0
 157 000e FA20     		mov	r0, #250
 158 0010 4000     		lsl	r0, r0, #1
 159 0012 FFF7FEFF 		bl	CyDelay
 160              	.LVL14:
 161              	.L13:
 150:.\main.c      ****     while(Button_Read() == 0u); 
 162              		.loc 1 150 0 discriminator 1
 163 0016 FFF7FEFF 		bl	Button_Read
 164              	.LVL15:
 165 001a 0028     		cmp	r0, #0
 166 001c FBD0     		beq	.L13
 151:.\main.c      ****     
 152:.\main.c      ****     /*Process the button interrupts*/
 153:.\main.c      ****     isr_Button_StartEx(WakeupIsrHandler);
 167              		.loc 1 153 0
 168 001e 1048     		ldr	r0, .L14
 169 0020 FFF7FEFF 		bl	isr_Button_StartEx
 170              	.LVL16:
 154:.\main.c      ****     Button_ClearInterrupt();
 171              		.loc 1 154 0
 172 0024 FFF7FEFF 		bl	Button_ClearInterrupt
 173              	.LVL17:
 155:.\main.c      ****     isr_Button_ClearPending(); 
 174              		.loc 1 155 0
ARM GAS  C:\Users\310295~1\AppData\Local\Temp\ccUjehwv.s 			page 7


 175 0028 FFF7FEFF 		bl	isr_Button_ClearPending
 176              	.LVL18:
 156:.\main.c      ****     
 157:.\main.c      ****     /*Unfreeze the GPIOS*/
 158:.\main.c      ****     CySysPmUnfreezeIo(); 
 177              		.loc 1 158 0
 178 002c FFF7FEFF 		bl	CySysPmUnfreezeIo
 179              	.LVL19:
 159:.\main.c      ****     SET_DCDC_2_0V();
 180              		.loc 1 159 0
 181 0030 0020     		mov	r0, #0
 182 0032 FFF7FEFF 		bl	pwr_set_Write
 183              	.LVL20:
 160:.\main.c      ****     
 161:.\main.c      ****     CyGlobalIntEnable; /* Enable global interrupts. */
 184              		.loc 1 161 0
 185              	@ 161 ".\main.c" 1
 186 0036 62B6     		CPSIE   i
 187              	@ 0 "" 2
 162:.\main.c      ****     
 163:.\main.c      ****     DebugCode("SHREY Sleeve V1.0");
 188              		.loc 1 163 0
 189              		.code	16
 190 0038 0A48     		ldr	r0, .L14+4
 191 003a FFF7FEFF 		bl	DebugCode
 192              	.LVL21:
 164:.\main.c      ****     DebugCode("*****************************************");
 193              		.loc 1 164 0
 194 003e 0A4C     		ldr	r4, .L14+8
 195 0040 201C     		mov	r0, r4
 196 0042 FFF7FEFF 		bl	DebugCode
 197              	.LVL22:
 165:.\main.c      ****     DebugCode("Hello World");
 198              		.loc 1 165 0
 199 0046 0948     		ldr	r0, .L14+12
 200 0048 FFF7FEFF 		bl	DebugCode
 201              	.LVL23:
 166:.\main.c      ****     DebugCode("*****************************************");
 202              		.loc 1 166 0
 203 004c 201C     		mov	r0, r4
 204 004e FFF7FEFF 		bl	DebugCode
 205              	.LVL24:
 167:.\main.c      **** 
 168:.\main.c      **** #ifdef BLE_TEST
 169:.\main.c      ****     while(1)
 170:.\main.c      ****     {
 171:.\main.c      ****         
 172:.\main.c      ****     }
 173:.\main.c      **** #endif 
 174:.\main.c      ****     SET_DCDC_2_0V(); 
 206              		.loc 1 174 0
 207 0052 0020     		mov	r0, #0
 208 0054 FFF7FEFF 		bl	pwr_set_Write
 209              	.LVL25:
 175:.\main.c      ****     EnableStop(); 
 210              		.loc 1 175 0
 211 0058 FFF7FEFF 		bl	EnableStop
ARM GAS  C:\Users\310295~1\AppData\Local\Temp\ccUjehwv.s 			page 8


 212              	.LVL26:
 176:.\main.c      ****     return 0;
 177:.\main.c      **** }
 213              		.loc 1 177 0
 214 005c 0020     		mov	r0, #0
 215              		@ sp needed
 216 005e 10BD     		pop	{r4, pc}
 217              	.L15:
 218              		.align	2
 219              	.L14:
 220 0060 00000000 		.word	WakeupIsrHandler
 221 0064 1C000000 		.word	.LC4
 222 0068 30000000 		.word	.LC6
 223 006c 5C000000 		.word	.LC8
 224              		.cfi_endproc
 225              	.LFE40:
 226              		.size	main, .-main
 227              		.section	.rodata.str1.4,"aMS",%progbits,1
 228              		.align	2
 229              	.LC0:
 230 0000 53485245 		.ascii	"SHREY: Turning Off the Chip\000"
 230      593A2054 
 230      75726E69 
 230      6E67204F 
 230      66662074 
 231              	.LC4:
 232 001c 53485245 		.ascii	"SHREY Sleeve V1.0\000"
 232      5920536C 
 232      65657665 
 232      2056312E 
 232      3000
 233 002e 0000     		.space	2
 234              	.LC6:
 235 0030 2A2A2A2A 		.ascii	"*****************************************\000"
 235      2A2A2A2A 
 235      2A2A2A2A 
 235      2A2A2A2A 
 235      2A2A2A2A 
 236 005a 0000     		.space	2
 237              	.LC8:
 238 005c 48656C6C 		.ascii	"Hello World\000"
 238      6F20576F 
 238      726C6400 
 239              		.text
 240              	.Letext0:
 241              		.file 2 "Generated_Source\\PSoC4/cytypes.h"
 242              		.file 3 "Generated_Source\\PSoC4/BLE_System_Stack.h"
 243              		.file 4 "Generated_Source\\PSoC4/BLE_System_eventHandler.h"
 244              		.file 5 "Generated_Source\\PSoC4/isr_Button.h"
 245              		.file 6 "Generated_Source\\PSoC4/UART_Dbg.h"
 246              		.file 7 "Generated_Source\\PSoC4/cyPm.h"
 247              		.file 8 ".\\debug.h"
 248              		.file 9 "Generated_Source\\PSoC4/Button.h"
 249              		.file 10 "Generated_Source\\PSoC4/CyLib.h"
 250              		.file 11 "Generated_Source\\PSoC4/BLE_System.h"
 251              		.file 12 "Generated_Source\\PSoC4/pwr_set.h"
 252              		.section	.debug_info,"",%progbits
ARM GAS  C:\Users\310295~1\AppData\Local\Temp\ccUjehwv.s 			page 9


 253              	.Ldebug_info0:
 254 0000 00060000 		.4byte	0x600
 255 0004 0400     		.2byte	0x4
 256 0006 00000000 		.4byte	.Ldebug_abbrev0
 257 000a 04       		.byte	0x4
 258 000b 01       		.uleb128 0x1
 259 000c 1B0A0000 		.4byte	.LASF137
 260 0010 01       		.byte	0x1
 261 0011 8C0B0000 		.4byte	.LASF138
 262 0015 AD0B0000 		.4byte	.LASF139
 263 0019 00000000 		.4byte	.Ldebug_ranges0+0
 264 001d 00000000 		.4byte	0
 265 0021 00000000 		.4byte	.Ldebug_line0
 266 0025 02       		.uleb128 0x2
 267 0026 01       		.byte	0x1
 268 0027 06       		.byte	0x6
 269 0028 EE020000 		.4byte	.LASF0
 270 002c 02       		.uleb128 0x2
 271 002d 01       		.byte	0x1
 272 002e 08       		.byte	0x8
 273 002f E9090000 		.4byte	.LASF1
 274 0033 02       		.uleb128 0x2
 275 0034 02       		.byte	0x2
 276 0035 05       		.byte	0x5
 277 0036 C20A0000 		.4byte	.LASF2
 278 003a 02       		.uleb128 0x2
 279 003b 02       		.byte	0x2
 280 003c 07       		.byte	0x7
 281 003d 1E0D0000 		.4byte	.LASF3
 282 0041 02       		.uleb128 0x2
 283 0042 04       		.byte	0x4
 284 0043 05       		.byte	0x5
 285 0044 AB010000 		.4byte	.LASF4
 286 0048 02       		.uleb128 0x2
 287 0049 04       		.byte	0x4
 288 004a 07       		.byte	0x7
 289 004b B8050000 		.4byte	.LASF5
 290 004f 02       		.uleb128 0x2
 291 0050 08       		.byte	0x8
 292 0051 05       		.byte	0x5
 293 0052 E0020000 		.4byte	.LASF6
 294 0056 02       		.uleb128 0x2
 295 0057 08       		.byte	0x8
 296 0058 07       		.byte	0x7
 297 0059 19050000 		.4byte	.LASF7
 298 005d 03       		.uleb128 0x3
 299 005e 04       		.byte	0x4
 300 005f 05       		.byte	0x5
 301 0060 696E7400 		.ascii	"int\000"
 302 0064 02       		.uleb128 0x2
 303 0065 04       		.byte	0x4
 304 0066 07       		.byte	0x7
 305 0067 350C0000 		.4byte	.LASF8
 306 006b 04       		.uleb128 0x4
 307 006c 18040000 		.4byte	.LASF9
 308 0070 02       		.byte	0x2
 309 0071 9801     		.2byte	0x198
ARM GAS  C:\Users\310295~1\AppData\Local\Temp\ccUjehwv.s 			page 10


 310 0073 2C000000 		.4byte	0x2c
 311 0077 04       		.uleb128 0x4
 312 0078 73040000 		.4byte	.LASF10
 313 007c 02       		.byte	0x2
 314 007d 9A01     		.2byte	0x19a
 315 007f 48000000 		.4byte	0x48
 316 0083 02       		.uleb128 0x2
 317 0084 04       		.byte	0x4
 318 0085 04       		.byte	0x4
 319 0086 7F090000 		.4byte	.LASF11
 320 008a 02       		.uleb128 0x2
 321 008b 08       		.byte	0x8
 322 008c 04       		.byte	0x4
 323 008d 3D040000 		.4byte	.LASF12
 324 0091 02       		.uleb128 0x2
 325 0092 01       		.byte	0x1
 326 0093 08       		.byte	0x8
 327 0094 A80B0000 		.4byte	.LASF13
 328 0098 04       		.uleb128 0x4
 329 0099 280C0000 		.4byte	.LASF14
 330 009d 02       		.byte	0x2
 331 009e 5402     		.2byte	0x254
 332 00a0 A4000000 		.4byte	0xa4
 333 00a4 05       		.uleb128 0x5
 334 00a5 04       		.byte	0x4
 335 00a6 AA000000 		.4byte	0xaa
 336 00aa 06       		.uleb128 0x6
 337 00ab 02       		.uleb128 0x2
 338 00ac 04       		.byte	0x4
 339 00ad 07       		.byte	0x7
 340 00ae FF070000 		.4byte	.LASF15
 341 00b2 07       		.uleb128 0x7
 342 00b3 04       		.byte	0x4
 343 00b4 05       		.uleb128 0x5
 344 00b5 04       		.byte	0x4
 345 00b6 BA000000 		.4byte	0xba
 346 00ba 08       		.uleb128 0x8
 347 00bb 91000000 		.4byte	0x91
 348 00bf 09       		.uleb128 0x9
 349 00c0 01       		.byte	0x1
 350 00c1 03       		.byte	0x3
 351 00c2 4201     		.2byte	0x142
 352 00c4 7C020000 		.4byte	0x27c
 353 00c8 0A       		.uleb128 0xa
 354 00c9 8C060000 		.4byte	.LASF16
 355 00cd 00       		.sleb128 0
 356 00ce 0A       		.uleb128 0xa
 357 00cf FA020000 		.4byte	.LASF17
 358 00d3 01       		.sleb128 1
 359 00d4 0A       		.uleb128 0xa
 360 00d5 99010000 		.4byte	.LASF18
 361 00d9 02       		.sleb128 2
 362 00da 0A       		.uleb128 0xa
 363 00db 050D0000 		.4byte	.LASF19
 364 00df 03       		.sleb128 3
 365 00e0 0A       		.uleb128 0xa
 366 00e1 19020000 		.4byte	.LASF20
ARM GAS  C:\Users\310295~1\AppData\Local\Temp\ccUjehwv.s 			page 11


 367 00e5 04       		.sleb128 4
 368 00e6 0A       		.uleb128 0xa
 369 00e7 23000000 		.4byte	.LASF21
 370 00eb 05       		.sleb128 5
 371 00ec 0A       		.uleb128 0xa
 372 00ed C1060000 		.4byte	.LASF22
 373 00f1 06       		.sleb128 6
 374 00f2 0A       		.uleb128 0xa
 375 00f3 92070000 		.4byte	.LASF23
 376 00f7 20       		.sleb128 32
 377 00f8 0A       		.uleb128 0xa
 378 00f9 4C030000 		.4byte	.LASF24
 379 00fd 21       		.sleb128 33
 380 00fe 0A       		.uleb128 0xa
 381 00ff E6060000 		.4byte	.LASF25
 382 0103 22       		.sleb128 34
 383 0104 0A       		.uleb128 0xa
 384 0105 35070000 		.4byte	.LASF26
 385 0109 23       		.sleb128 35
 386 010a 0A       		.uleb128 0xa
 387 010b C3080000 		.4byte	.LASF27
 388 010f 24       		.sleb128 36
 389 0110 0A       		.uleb128 0xa
 390 0111 21080000 		.4byte	.LASF28
 391 0115 25       		.sleb128 37
 392 0116 0A       		.uleb128 0xa
 393 0117 CD030000 		.4byte	.LASF29
 394 011b 26       		.sleb128 38
 395 011c 0A       		.uleb128 0xa
 396 011d 0A070000 		.4byte	.LASF30
 397 0121 27       		.sleb128 39
 398 0122 0A       		.uleb128 0xa
 399 0123 060C0000 		.4byte	.LASF31
 400 0127 28       		.sleb128 40
 401 0128 0A       		.uleb128 0xa
 402 0129 82020000 		.4byte	.LASF32
 403 012d 29       		.sleb128 41
 404 012e 0A       		.uleb128 0xa
 405 012f 97000000 		.4byte	.LASF33
 406 0133 2A       		.sleb128 42
 407 0134 0A       		.uleb128 0xa
 408 0135 2E020000 		.4byte	.LASF34
 409 0139 2B       		.sleb128 43
 410 013a 0A       		.uleb128 0xa
 411 013b 8D0E0000 		.4byte	.LASF35
 412 013f 2C       		.sleb128 44
 413 0140 0A       		.uleb128 0xa
 414 0141 9F020000 		.4byte	.LASF36
 415 0145 2D       		.sleb128 45
 416 0146 0A       		.uleb128 0xa
 417 0147 F7090000 		.4byte	.LASF37
 418 014b 2E       		.sleb128 46
 419 014c 0A       		.uleb128 0xa
 420 014d 14010000 		.4byte	.LASF38
 421 0151 2F       		.sleb128 47
 422 0152 0A       		.uleb128 0xa
 423 0153 97080000 		.4byte	.LASF39
ARM GAS  C:\Users\310295~1\AppData\Local\Temp\ccUjehwv.s 			page 12


 424 0157 30       		.sleb128 48
 425 0158 0A       		.uleb128 0xa
 426 0159 F20E0000 		.4byte	.LASF40
 427 015d 31       		.sleb128 49
 428 015e 0A       		.uleb128 0xa
 429 015f 76080000 		.4byte	.LASF41
 430 0163 32       		.sleb128 50
 431 0164 0A       		.uleb128 0xa
 432 0165 650B0000 		.4byte	.LASF42
 433 0169 33       		.sleb128 51
 434 016a 0A       		.uleb128 0xa
 435 016b 97040000 		.4byte	.LASF43
 436 016f C000     		.sleb128 64
 437 0171 0A       		.uleb128 0xa
 438 0172 5B070000 		.4byte	.LASF44
 439 0176 C100     		.sleb128 65
 440 0178 0A       		.uleb128 0xa
 441 0179 D7040000 		.4byte	.LASF45
 442 017d C200     		.sleb128 66
 443 017f 0A       		.uleb128 0xa
 444 0180 770D0000 		.4byte	.LASF46
 445 0184 C300     		.sleb128 67
 446 0186 0A       		.uleb128 0xa
 447 0187 E4050000 		.4byte	.LASF47
 448 018b C400     		.sleb128 68
 449 018d 0A       		.uleb128 0xa
 450 018e 58090000 		.4byte	.LASF48
 451 0192 C500     		.sleb128 69
 452 0194 0A       		.uleb128 0xa
 453 0195 DE070000 		.4byte	.LASF49
 454 0199 C600     		.sleb128 70
 455 019b 0A       		.uleb128 0xa
 456 019c A3060000 		.4byte	.LASF50
 457 01a0 C700     		.sleb128 71
 458 01a2 0A       		.uleb128 0xa
 459 01a3 510E0000 		.4byte	.LASF51
 460 01a7 C800     		.sleb128 72
 461 01a9 0A       		.uleb128 0xa
 462 01aa 63030000 		.4byte	.LASF52
 463 01ae C900     		.sleb128 73
 464 01b0 0A       		.uleb128 0xa
 465 01b1 AE0D0000 		.4byte	.LASF53
 466 01b5 CA00     		.sleb128 74
 467 01b7 0A       		.uleb128 0xa
 468 01b8 3D010000 		.4byte	.LASF54
 469 01bc CB00     		.sleb128 75
 470 01be 0A       		.uleb128 0xa
 471 01bf CA050000 		.4byte	.LASF55
 472 01c3 CC00     		.sleb128 76
 473 01c5 0A       		.uleb128 0xa
 474 01c6 3B080000 		.4byte	.LASF56
 475 01ca CD00     		.sleb128 77
 476 01cc 0A       		.uleb128 0xa
 477 01cd 96030000 		.4byte	.LASF57
 478 01d1 CE00     		.sleb128 78
 479 01d3 0A       		.uleb128 0xa
 480 01d4 070B0000 		.4byte	.LASF58
ARM GAS  C:\Users\310295~1\AppData\Local\Temp\ccUjehwv.s 			page 13


 481 01d8 CF00     		.sleb128 79
 482 01da 0A       		.uleb128 0xa
 483 01db 5C010000 		.4byte	.LASF59
 484 01df D000     		.sleb128 80
 485 01e1 0A       		.uleb128 0xa
 486 01e2 1E040000 		.4byte	.LASF60
 487 01e6 D100     		.sleb128 81
 488 01e8 0A       		.uleb128 0xa
 489 01e9 00090000 		.4byte	.LASF61
 490 01ed D200     		.sleb128 82
 491 01ef 0A       		.uleb128 0xa
 492 01f0 CC0A0000 		.4byte	.LASF62
 493 01f4 D300     		.sleb128 83
 494 01f6 0A       		.uleb128 0xa
 495 01f7 260B0000 		.4byte	.LASF63
 496 01fb D400     		.sleb128 84
 497 01fd 0A       		.uleb128 0xa
 498 01fe 02060000 		.4byte	.LASF64
 499 0202 D500     		.sleb128 85
 500 0204 0A       		.uleb128 0xa
 501 0205 30050000 		.4byte	.LASF65
 502 0209 D600     		.sleb128 86
 503 020b 0A       		.uleb128 0xa
 504 020c 420C0000 		.4byte	.LASF66
 505 0210 D700     		.sleb128 87
 506 0212 0A       		.uleb128 0xa
 507 0213 26060000 		.4byte	.LASF67
 508 0217 D800     		.sleb128 88
 509 0219 0A       		.uleb128 0xa
 510 021a B1040000 		.4byte	.LASF68
 511 021e F000     		.sleb128 112
 512 0220 0A       		.uleb128 0xa
 513 0221 C70E0000 		.4byte	.LASF69
 514 0225 F100     		.sleb128 113
 515 0227 0A       		.uleb128 0xa
 516 0228 76070000 		.4byte	.LASF70
 517 022c F200     		.sleb128 114
 518 022e 0A       		.uleb128 0xa
 519 022f 7B010000 		.4byte	.LASF71
 520 0233 F300     		.sleb128 115
 521 0235 0A       		.uleb128 0xa
 522 0236 3A090000 		.4byte	.LASF72
 523 023a F400     		.sleb128 116
 524 023c 0A       		.uleb128 0xa
 525 023d 55080000 		.4byte	.LASF73
 526 0241 F500     		.sleb128 117
 527 0243 0A       		.uleb128 0xa
 528 0244 C0000000 		.4byte	.LASF74
 529 0248 F600     		.sleb128 118
 530 024a 0A       		.uleb128 0xa
 531 024b 53000000 		.4byte	.LASF75
 532 024f F700     		.sleb128 119
 533 0251 0A       		.uleb128 0xa
 534 0252 00000000 		.4byte	.LASF76
 535 0256 F800     		.sleb128 120
 536 0258 0A       		.uleb128 0xa
 537 0259 770C0000 		.4byte	.LASF77
ARM GAS  C:\Users\310295~1\AppData\Local\Temp\ccUjehwv.s 			page 14


 538 025d F900     		.sleb128 121
 539 025f 0A       		.uleb128 0xa
 540 0260 F5040000 		.4byte	.LASF78
 541 0264 FA00     		.sleb128 122
 542 0266 0A       		.uleb128 0xa
 543 0267 4D020000 		.4byte	.LASF79
 544 026b FA01     		.sleb128 250
 545 026d 0A       		.uleb128 0xa
 546 026e 70050000 		.4byte	.LASF80
 547 0272 FB01     		.sleb128 251
 548 0274 0A       		.uleb128 0xa
 549 0275 7A040000 		.4byte	.LASF81
 550 0279 FF01     		.sleb128 255
 551 027b 00       		.byte	0
 552 027c 09       		.uleb128 0x9
 553 027d 02       		.byte	0x2
 554 027e 03       		.byte	0x3
 555 027f FF02     		.2byte	0x2ff
 556 0281 4C030000 		.4byte	0x34c
 557 0285 0A       		.uleb128 0xa
 558 0286 88040000 		.4byte	.LASF82
 559 028a 00       		.sleb128 0
 560 028b 0A       		.uleb128 0xa
 561 028c 55040000 		.4byte	.LASF83
 562 0290 01       		.sleb128 1
 563 0291 0A       		.uleb128 0xa
 564 0292 590D0000 		.4byte	.LASF84
 565 0296 02       		.sleb128 2
 566 0297 0A       		.uleb128 0xa
 567 0298 72000000 		.4byte	.LASF85
 568 029c 03       		.sleb128 3
 569 029d 0A       		.uleb128 0xa
 570 029e F6010000 		.4byte	.LASF86
 571 02a2 04       		.sleb128 4
 572 02a3 0A       		.uleb128 0xa
 573 02a4 52050000 		.4byte	.LASF87
 574 02a8 05       		.sleb128 5
 575 02a9 0A       		.uleb128 0xa
 576 02aa ED0A0000 		.4byte	.LASF88
 577 02ae 06       		.sleb128 6
 578 02af 0A       		.uleb128 0xa
 579 02b0 2F030000 		.4byte	.LASF89
 580 02b4 07       		.sleb128 7
 581 02b5 0A       		.uleb128 0xa
 582 02b6 470B0000 		.4byte	.LASF90
 583 02ba 08       		.sleb128 8
 584 02bb 0A       		.uleb128 0xa
 585 02bc 780E0000 		.4byte	.LASF91
 586 02c0 09       		.sleb128 9
 587 02c1 0A       		.uleb128 0xa
 588 02c2 A2090000 		.4byte	.LASF92
 589 02c6 0A       		.sleb128 10
 590 02c7 0A       		.uleb128 0xa
 591 02c8 E60B0000 		.4byte	.LASF93
 592 02cc 0B       		.sleb128 11
 593 02cd 0A       		.uleb128 0xa
 594 02ce 6B020000 		.4byte	.LASF94
ARM GAS  C:\Users\310295~1\AppData\Local\Temp\ccUjehwv.s 			page 15


 595 02d2 0C       		.sleb128 12
 596 02d3 0A       		.uleb128 0xa
 597 02d4 D1010000 		.4byte	.LASF95
 598 02d8 0D       		.sleb128 13
 599 02d9 0A       		.uleb128 0xa
 600 02da 8F050000 		.4byte	.LASF96
 601 02de 0E       		.sleb128 14
 602 02df 0A       		.uleb128 0xa
 603 02e0 160E0000 		.4byte	.LASF97
 604 02e4 0F       		.sleb128 15
 605 02e5 0A       		.uleb128 0xa
 606 02e6 D70C0000 		.4byte	.LASF98
 607 02ea 10       		.sleb128 16
 608 02eb 0A       		.uleb128 0xa
 609 02ec 49060000 		.4byte	.LASF99
 610 02f0 11       		.sleb128 17
 611 02f1 0A       		.uleb128 0xa
 612 02f2 F5030000 		.4byte	.LASF100
 613 02f6 12       		.sleb128 18
 614 02f7 0A       		.uleb128 0xa
 615 02f8 250F0000 		.4byte	.LASF101
 616 02fc 13       		.sleb128 19
 617 02fd 0A       		.uleb128 0xa
 618 02fe 0D030000 		.4byte	.LASF102
 619 0302 27       		.sleb128 39
 620 0303 0A       		.uleb128 0xa
 621 0304 B20C0000 		.4byte	.LASF103
 622 0308 28       		.sleb128 40
 623 0309 0A       		.uleb128 0xa
 624 030a FA0D0000 		.4byte	.LASF104
 625 030e 29       		.sleb128 41
 626 030f 0A       		.uleb128 0xa
 627 0310 B4010000 		.4byte	.LASF105
 628 0314 2A       		.sleb128 42
 629 0315 0A       		.uleb128 0xa
 630 0316 E1000000 		.4byte	.LASF106
 631 031a 2B       		.sleb128 43
 632 031b 0A       		.uleb128 0xa
 633 031c C6070000 		.4byte	.LASF107
 634 0320 2C       		.sleb128 44
 635 0321 0A       		.uleb128 0xa
 636 0322 CC0D0000 		.4byte	.LASF108
 637 0326 FE01     		.sleb128 254
 638 0328 0A       		.uleb128 0xa
 639 0329 B6070000 		.4byte	.LASF109
 640 032d FF01     		.sleb128 255
 641 032f 0A       		.uleb128 0xa
 642 0330 73060000 		.4byte	.LASF110
 643 0334 8002     		.sleb128 256
 644 0336 0A       		.uleb128 0xa
 645 0337 21090000 		.4byte	.LASF111
 646 033b 8102     		.sleb128 257
 647 033d 0A       		.uleb128 0xa
 648 033e BC090000 		.4byte	.LASF112
 649 0342 8202     		.sleb128 258
 650 0344 0A       		.uleb128 0xa
 651 0345 7C030000 		.4byte	.LASF113
ARM GAS  C:\Users\310295~1\AppData\Local\Temp\ccUjehwv.s 			page 16


 652 0349 8302     		.sleb128 259
 653 034b 00       		.byte	0
 654 034c 04       		.uleb128 0x4
 655 034d ED080000 		.4byte	.LASF114
 656 0351 03       		.byte	0x3
 657 0352 6B03     		.2byte	0x36b
 658 0354 7C020000 		.4byte	0x27c
 659 0358 09       		.uleb128 0x9
 660 0359 01       		.byte	0x1
 661 035a 04       		.byte	0x4
 662 035b BF07     		.2byte	0x7bf
 663 035d 80030000 		.4byte	0x380
 664 0361 0A       		.uleb128 0xa
 665 0362 3F000000 		.4byte	.LASF115
 666 0366 00       		.sleb128 0
 667 0367 0A       		.uleb128 0xa
 668 0368 08080000 		.4byte	.LASF116
 669 036c 01       		.sleb128 1
 670 036d 0A       		.uleb128 0xa
 671 036e 3B0E0000 		.4byte	.LASF117
 672 0372 02       		.sleb128 2
 673 0373 0A       		.uleb128 0xa
 674 0374 C8020000 		.4byte	.LASF118
 675 0378 03       		.sleb128 3
 676 0379 0A       		.uleb128 0xa
 677 037a B4030000 		.4byte	.LASF119
 678 037e 04       		.sleb128 4
 679 037f 00       		.byte	0
 680 0380 04       		.uleb128 0x4
 681 0381 A00D0000 		.4byte	.LASF120
 682 0385 04       		.byte	0x4
 683 0386 CD07     		.2byte	0x7cd
 684 0388 58030000 		.4byte	0x358
 685 038c 0B       		.uleb128 0xb
 686 038d 44040000 		.4byte	.LASF121
 687 0391 01       		.byte	0x1
 688 0392 82       		.byte	0x82
 689 0393 00000000 		.4byte	.LFB39
 690 0397 0C000000 		.4byte	.LFE39-.LFB39
 691 039b 01       		.uleb128 0x1
 692 039c 9C       		.byte	0x9c
 693 039d B4030000 		.4byte	0x3b4
 694 03a1 0C       		.uleb128 0xc
 695 03a2 06000000 		.4byte	.LVL0
 696 03a6 63050000 		.4byte	0x563
 697 03aa 0C       		.uleb128 0xc
 698 03ab 0A000000 		.4byte	.LVL1
 699 03af 6A050000 		.4byte	0x56a
 700 03b3 00       		.byte	0
 701 03b4 0D       		.uleb128 0xd
 702 03b5 B8080000 		.4byte	.LASF140
 703 03b9 01       		.byte	0x1
 704 03ba 10       		.byte	0x10
 705 03bb 00000000 		.4byte	.LFB37
 706 03bf 18000000 		.4byte	.LFE37-.LFB37
 707 03c3 01       		.uleb128 0x1
 708 03c4 9C       		.byte	0x9c
ARM GAS  C:\Users\310295~1\AppData\Local\Temp\ccUjehwv.s 			page 17


 709 03c5 F3030000 		.4byte	0x3f3
 710 03c9 0E       		.uleb128 0xe
 711 03ca 08000000 		.4byte	.LVL2
 712 03ce 75050000 		.4byte	0x575
 713 03d2 E0030000 		.4byte	0x3e0
 714 03d6 0F       		.uleb128 0xf
 715 03d7 01       		.uleb128 0x1
 716 03d8 50       		.byte	0x50
 717 03d9 05       		.uleb128 0x5
 718 03da 03       		.byte	0x3
 719 03db 00000000 		.4byte	.LC0
 720 03df 00       		.byte	0
 721 03e0 0C       		.uleb128 0xc
 722 03e1 0C000000 		.4byte	.LVL3
 723 03e5 86050000 		.4byte	0x586
 724 03e9 0C       		.uleb128 0xc
 725 03ea 10000000 		.4byte	.LVL4
 726 03ee 8D050000 		.4byte	0x58d
 727 03f2 00       		.byte	0
 728 03f3 0B       		.uleb128 0xb
 729 03f4 E80D0000 		.4byte	.LASF122
 730 03f8 01       		.byte	0x1
 731 03f9 27       		.byte	0x27
 732 03fa 00000000 		.4byte	.LFB38
 733 03fe 30000000 		.4byte	.LFE38-.LFB38
 734 0402 01       		.uleb128 0x1
 735 0403 9C       		.byte	0x9c
 736 0404 56040000 		.4byte	0x456
 737 0408 10       		.uleb128 0x10
 738 0409 6D060000 		.4byte	.LASF123
 739 040d 01       		.byte	0x1
 740 040e 27       		.byte	0x27
 741 040f 77000000 		.4byte	0x77
 742 0413 00000000 		.4byte	.LLST0
 743 0417 10       		.uleb128 0x10
 744 0418 950D0000 		.4byte	.LASF124
 745 041c 01       		.byte	0x1
 746 041d 27       		.byte	0x27
 747 041e B2000000 		.4byte	0xb2
 748 0422 3A000000 		.4byte	.LLST1
 749 0426 0E       		.uleb128 0xe
 750 0427 14000000 		.4byte	.LVL7
 751 042b 94050000 		.4byte	0x594
 752 042f 39040000 		.4byte	0x439
 753 0433 0F       		.uleb128 0xf
 754 0434 01       		.uleb128 0x1
 755 0435 50       		.byte	0x50
 756 0436 01       		.uleb128 0x1
 757 0437 30       		.byte	0x30
 758 0438 00       		.byte	0
 759 0439 0E       		.uleb128 0xe
 760 043a 24000000 		.4byte	.LVL10
 761 043e AA050000 		.4byte	0x5aa
 762 0442 4C040000 		.4byte	0x44c
 763 0446 0F       		.uleb128 0xf
 764 0447 01       		.uleb128 0x1
 765 0448 50       		.byte	0x50
ARM GAS  C:\Users\310295~1\AppData\Local\Temp\ccUjehwv.s 			page 18


 766 0449 01       		.uleb128 0x1
 767 044a 31       		.byte	0x31
 768 044b 00       		.byte	0
 769 044c 0C       		.uleb128 0xc
 770 044d 28000000 		.4byte	.LVL11
 771 0451 8D050000 		.4byte	0x58d
 772 0455 00       		.byte	0
 773 0456 11       		.uleb128 0x11
 774 0457 ED0E0000 		.4byte	.LASF125
 775 045b 01       		.byte	0x1
 776 045c 8E       		.byte	0x8e
 777 045d 5D000000 		.4byte	0x5d
 778 0461 00000000 		.4byte	.LFB40
 779 0465 70000000 		.4byte	.LFE40-.LFB40
 780 0469 01       		.uleb128 0x1
 781 046a 9C       		.byte	0x9c
 782 046b 57050000 		.4byte	0x557
 783 046f 0C       		.uleb128 0xc
 784 0470 06000000 		.4byte	.LVL12
 785 0474 BB050000 		.4byte	0x5bb
 786 0478 0C       		.uleb128 0xc
 787 0479 0A000000 		.4byte	.LVL13
 788 047d C2050000 		.4byte	0x5c2
 789 0481 0E       		.uleb128 0xe
 790 0482 16000000 		.4byte	.LVL14
 791 0486 CD050000 		.4byte	0x5cd
 792 048a 96040000 		.4byte	0x496
 793 048e 0F       		.uleb128 0xf
 794 048f 01       		.uleb128 0x1
 795 0490 50       		.byte	0x50
 796 0491 03       		.uleb128 0x3
 797 0492 0A       		.byte	0xa
 798 0493 F401     		.2byte	0x1f4
 799 0495 00       		.byte	0
 800 0496 0C       		.uleb128 0xc
 801 0497 1A000000 		.4byte	.LVL15
 802 049b C2050000 		.4byte	0x5c2
 803 049f 0E       		.uleb128 0xe
 804 04a0 24000000 		.4byte	.LVL16
 805 04a4 DE050000 		.4byte	0x5de
 806 04a8 B6040000 		.4byte	0x4b6
 807 04ac 0F       		.uleb128 0xf
 808 04ad 01       		.uleb128 0x1
 809 04ae 50       		.byte	0x50
 810 04af 05       		.uleb128 0x5
 811 04b0 03       		.byte	0x3
 812 04b1 00000000 		.4byte	WakeupIsrHandler
 813 04b5 00       		.byte	0
 814 04b6 0C       		.uleb128 0xc
 815 04b7 28000000 		.4byte	.LVL17
 816 04bb 6A050000 		.4byte	0x56a
 817 04bf 0C       		.uleb128 0xc
 818 04c0 2C000000 		.4byte	.LVL18
 819 04c4 63050000 		.4byte	0x563
 820 04c8 0C       		.uleb128 0xc
 821 04c9 30000000 		.4byte	.LVL19
 822 04cd EF050000 		.4byte	0x5ef
ARM GAS  C:\Users\310295~1\AppData\Local\Temp\ccUjehwv.s 			page 19


 823 04d1 0E       		.uleb128 0xe
 824 04d2 36000000 		.4byte	.LVL20
 825 04d6 F6050000 		.4byte	0x5f6
 826 04da E4040000 		.4byte	0x4e4
 827 04de 0F       		.uleb128 0xf
 828 04df 01       		.uleb128 0x1
 829 04e0 50       		.byte	0x50
 830 04e1 01       		.uleb128 0x1
 831 04e2 30       		.byte	0x30
 832 04e3 00       		.byte	0
 833 04e4 0E       		.uleb128 0xe
 834 04e5 3E000000 		.4byte	.LVL21
 835 04e9 75050000 		.4byte	0x575
 836 04ed FB040000 		.4byte	0x4fb
 837 04f1 0F       		.uleb128 0xf
 838 04f2 01       		.uleb128 0x1
 839 04f3 50       		.byte	0x50
 840 04f4 05       		.uleb128 0x5
 841 04f5 03       		.byte	0x3
 842 04f6 1C000000 		.4byte	.LC4
 843 04fa 00       		.byte	0
 844 04fb 0E       		.uleb128 0xe
 845 04fc 46000000 		.4byte	.LVL22
 846 0500 75050000 		.4byte	0x575
 847 0504 0F050000 		.4byte	0x50f
 848 0508 0F       		.uleb128 0xf
 849 0509 01       		.uleb128 0x1
 850 050a 50       		.byte	0x50
 851 050b 02       		.uleb128 0x2
 852 050c 74       		.byte	0x74
 853 050d 00       		.sleb128 0
 854 050e 00       		.byte	0
 855 050f 0E       		.uleb128 0xe
 856 0510 4C000000 		.4byte	.LVL23
 857 0514 75050000 		.4byte	0x575
 858 0518 26050000 		.4byte	0x526
 859 051c 0F       		.uleb128 0xf
 860 051d 01       		.uleb128 0x1
 861 051e 50       		.byte	0x50
 862 051f 05       		.uleb128 0x5
 863 0520 03       		.byte	0x3
 864 0521 5C000000 		.4byte	.LC8
 865 0525 00       		.byte	0
 866 0526 0E       		.uleb128 0xe
 867 0527 52000000 		.4byte	.LVL24
 868 052b 75050000 		.4byte	0x575
 869 052f 3A050000 		.4byte	0x53a
 870 0533 0F       		.uleb128 0xf
 871 0534 01       		.uleb128 0x1
 872 0535 50       		.byte	0x50
 873 0536 02       		.uleb128 0x2
 874 0537 74       		.byte	0x74
 875 0538 00       		.sleb128 0
 876 0539 00       		.byte	0
 877 053a 0E       		.uleb128 0xe
 878 053b 58000000 		.4byte	.LVL25
 879 053f F6050000 		.4byte	0x5f6
ARM GAS  C:\Users\310295~1\AppData\Local\Temp\ccUjehwv.s 			page 20


 880 0543 4D050000 		.4byte	0x54d
 881 0547 0F       		.uleb128 0xf
 882 0548 01       		.uleb128 0x1
 883 0549 50       		.byte	0x50
 884 054a 01       		.uleb128 0x1
 885 054b 30       		.byte	0x30
 886 054c 00       		.byte	0
 887 054d 0C       		.uleb128 0xc
 888 054e 5C000000 		.4byte	.LVL26
 889 0552 B4030000 		.4byte	0x3b4
 890 0556 00       		.byte	0
 891 0557 12       		.uleb128 0x12
 892 0558 29070000 		.4byte	.LASF141
 893 055c 04       		.byte	0x4
 894 055d DA09     		.2byte	0x9da
 895 055f 80030000 		.4byte	0x380
 896 0563 13       		.uleb128 0x13
 897 0564 9A0C0000 		.4byte	.LASF126
 898 0568 05       		.byte	0x5
 899 0569 28       		.byte	0x28
 900 056a 14       		.uleb128 0x14
 901 056b B10E0000 		.4byte	.LASF132
 902 056f 09       		.byte	0x9
 903 0570 39       		.byte	0x39
 904 0571 6B000000 		.4byte	0x6b
 905 0575 15       		.uleb128 0x15
 906 0576 DF090000 		.4byte	.LASF129
 907 057a 08       		.byte	0x8
 908 057b 1A       		.byte	0x1a
 909 057c 86050000 		.4byte	0x586
 910 0580 16       		.uleb128 0x16
 911 0581 B4000000 		.4byte	0xb4
 912 0585 00       		.byte	0
 913 0586 13       		.uleb128 0x13
 914 0587 DF080000 		.4byte	.LASF127
 915 058b 06       		.byte	0x6
 916 058c 24       		.byte	0x24
 917 058d 13       		.uleb128 0x13
 918 058e 6B0C0000 		.4byte	.LASF128
 919 0592 07       		.byte	0x7
 920 0593 5E       		.byte	0x5e
 921 0594 17       		.uleb128 0x17
 922 0595 85090000 		.4byte	.LASF142
 923 0599 0B       		.byte	0xb
 924 059a 6302     		.2byte	0x263
 925 059c 4C030000 		.4byte	0x34c
 926 05a0 AA050000 		.4byte	0x5aa
 927 05a4 16       		.uleb128 0x16
 928 05a5 6B000000 		.4byte	0x6b
 929 05a9 00       		.byte	0
 930 05aa 15       		.uleb128 0x15
 931 05ab A90A0000 		.4byte	.LASF130
 932 05af 07       		.byte	0x7
 933 05b0 5F       		.byte	0x5f
 934 05b1 BB050000 		.4byte	0x5bb
 935 05b5 16       		.uleb128 0x16
 936 05b6 77000000 		.4byte	0x77
ARM GAS  C:\Users\310295~1\AppData\Local\Temp\ccUjehwv.s 			page 21


 937 05ba 00       		.byte	0
 938 05bb 13       		.uleb128 0x13
 939 05bc 160F0000 		.4byte	.LASF131
 940 05c0 06       		.byte	0x6
 941 05c1 1F       		.byte	0x1f
 942 05c2 14       		.uleb128 0x14
 943 05c3 DA060000 		.4byte	.LASF133
 944 05c7 09       		.byte	0x9
 945 05c8 32       		.byte	0x32
 946 05c9 6B000000 		.4byte	0x6b
 947 05cd 15       		.uleb128 0x15
 948 05ce 310D0000 		.4byte	.LASF134
 949 05d2 0A       		.byte	0xa
 950 05d3 D7       		.byte	0xd7
 951 05d4 DE050000 		.4byte	0x5de
 952 05d8 16       		.uleb128 0x16
 953 05d9 77000000 		.4byte	0x77
 954 05dd 00       		.byte	0
 955 05de 15       		.uleb128 0x15
 956 05df 950B0000 		.4byte	.LASF135
 957 05e3 05       		.byte	0x5
 958 05e4 18       		.byte	0x18
 959 05e5 EF050000 		.4byte	0x5ef
 960 05e9 16       		.uleb128 0x16
 961 05ea 98000000 		.4byte	0x98
 962 05ee 00       		.byte	0
 963 05ef 13       		.uleb128 0x13
 964 05f0 470D0000 		.4byte	.LASF136
 965 05f4 07       		.byte	0x7
 966 05f5 5C       		.byte	0x5c
 967 05f6 18       		.uleb128 0x18
 968 05f7 390D0000 		.4byte	.LASF143
 969 05fb 0C       		.byte	0xc
 970 05fc 33       		.byte	0x33
 971 05fd 16       		.uleb128 0x16
 972 05fe 6B000000 		.4byte	0x6b
 973 0602 00       		.byte	0
 974 0603 00       		.byte	0
 975              		.section	.debug_abbrev,"",%progbits
 976              	.Ldebug_abbrev0:
 977 0000 01       		.uleb128 0x1
 978 0001 11       		.uleb128 0x11
 979 0002 01       		.byte	0x1
 980 0003 25       		.uleb128 0x25
 981 0004 0E       		.uleb128 0xe
 982 0005 13       		.uleb128 0x13
 983 0006 0B       		.uleb128 0xb
 984 0007 03       		.uleb128 0x3
 985 0008 0E       		.uleb128 0xe
 986 0009 1B       		.uleb128 0x1b
 987 000a 0E       		.uleb128 0xe
 988 000b 55       		.uleb128 0x55
 989 000c 17       		.uleb128 0x17
 990 000d 11       		.uleb128 0x11
 991 000e 01       		.uleb128 0x1
 992 000f 10       		.uleb128 0x10
 993 0010 17       		.uleb128 0x17
ARM GAS  C:\Users\310295~1\AppData\Local\Temp\ccUjehwv.s 			page 22


 994 0011 00       		.byte	0
 995 0012 00       		.byte	0
 996 0013 02       		.uleb128 0x2
 997 0014 24       		.uleb128 0x24
 998 0015 00       		.byte	0
 999 0016 0B       		.uleb128 0xb
 1000 0017 0B       		.uleb128 0xb
 1001 0018 3E       		.uleb128 0x3e
 1002 0019 0B       		.uleb128 0xb
 1003 001a 03       		.uleb128 0x3
 1004 001b 0E       		.uleb128 0xe
 1005 001c 00       		.byte	0
 1006 001d 00       		.byte	0
 1007 001e 03       		.uleb128 0x3
 1008 001f 24       		.uleb128 0x24
 1009 0020 00       		.byte	0
 1010 0021 0B       		.uleb128 0xb
 1011 0022 0B       		.uleb128 0xb
 1012 0023 3E       		.uleb128 0x3e
 1013 0024 0B       		.uleb128 0xb
 1014 0025 03       		.uleb128 0x3
 1015 0026 08       		.uleb128 0x8
 1016 0027 00       		.byte	0
 1017 0028 00       		.byte	0
 1018 0029 04       		.uleb128 0x4
 1019 002a 16       		.uleb128 0x16
 1020 002b 00       		.byte	0
 1021 002c 03       		.uleb128 0x3
 1022 002d 0E       		.uleb128 0xe
 1023 002e 3A       		.uleb128 0x3a
 1024 002f 0B       		.uleb128 0xb
 1025 0030 3B       		.uleb128 0x3b
 1026 0031 05       		.uleb128 0x5
 1027 0032 49       		.uleb128 0x49
 1028 0033 13       		.uleb128 0x13
 1029 0034 00       		.byte	0
 1030 0035 00       		.byte	0
 1031 0036 05       		.uleb128 0x5
 1032 0037 0F       		.uleb128 0xf
 1033 0038 00       		.byte	0
 1034 0039 0B       		.uleb128 0xb
 1035 003a 0B       		.uleb128 0xb
 1036 003b 49       		.uleb128 0x49
 1037 003c 13       		.uleb128 0x13
 1038 003d 00       		.byte	0
 1039 003e 00       		.byte	0
 1040 003f 06       		.uleb128 0x6
 1041 0040 15       		.uleb128 0x15
 1042 0041 00       		.byte	0
 1043 0042 27       		.uleb128 0x27
 1044 0043 19       		.uleb128 0x19
 1045 0044 00       		.byte	0
 1046 0045 00       		.byte	0
 1047 0046 07       		.uleb128 0x7
 1048 0047 0F       		.uleb128 0xf
 1049 0048 00       		.byte	0
 1050 0049 0B       		.uleb128 0xb
ARM GAS  C:\Users\310295~1\AppData\Local\Temp\ccUjehwv.s 			page 23


 1051 004a 0B       		.uleb128 0xb
 1052 004b 00       		.byte	0
 1053 004c 00       		.byte	0
 1054 004d 08       		.uleb128 0x8
 1055 004e 26       		.uleb128 0x26
 1056 004f 00       		.byte	0
 1057 0050 49       		.uleb128 0x49
 1058 0051 13       		.uleb128 0x13
 1059 0052 00       		.byte	0
 1060 0053 00       		.byte	0
 1061 0054 09       		.uleb128 0x9
 1062 0055 04       		.uleb128 0x4
 1063 0056 01       		.byte	0x1
 1064 0057 0B       		.uleb128 0xb
 1065 0058 0B       		.uleb128 0xb
 1066 0059 3A       		.uleb128 0x3a
 1067 005a 0B       		.uleb128 0xb
 1068 005b 3B       		.uleb128 0x3b
 1069 005c 05       		.uleb128 0x5
 1070 005d 01       		.uleb128 0x1
 1071 005e 13       		.uleb128 0x13
 1072 005f 00       		.byte	0
 1073 0060 00       		.byte	0
 1074 0061 0A       		.uleb128 0xa
 1075 0062 28       		.uleb128 0x28
 1076 0063 00       		.byte	0
 1077 0064 03       		.uleb128 0x3
 1078 0065 0E       		.uleb128 0xe
 1079 0066 1C       		.uleb128 0x1c
 1080 0067 0D       		.uleb128 0xd
 1081 0068 00       		.byte	0
 1082 0069 00       		.byte	0
 1083 006a 0B       		.uleb128 0xb
 1084 006b 2E       		.uleb128 0x2e
 1085 006c 01       		.byte	0x1
 1086 006d 3F       		.uleb128 0x3f
 1087 006e 19       		.uleb128 0x19
 1088 006f 03       		.uleb128 0x3
 1089 0070 0E       		.uleb128 0xe
 1090 0071 3A       		.uleb128 0x3a
 1091 0072 0B       		.uleb128 0xb
 1092 0073 3B       		.uleb128 0x3b
 1093 0074 0B       		.uleb128 0xb
 1094 0075 27       		.uleb128 0x27
 1095 0076 19       		.uleb128 0x19
 1096 0077 11       		.uleb128 0x11
 1097 0078 01       		.uleb128 0x1
 1098 0079 12       		.uleb128 0x12
 1099 007a 06       		.uleb128 0x6
 1100 007b 40       		.uleb128 0x40
 1101 007c 18       		.uleb128 0x18
 1102 007d 9742     		.uleb128 0x2117
 1103 007f 19       		.uleb128 0x19
 1104 0080 01       		.uleb128 0x1
 1105 0081 13       		.uleb128 0x13
 1106 0082 00       		.byte	0
 1107 0083 00       		.byte	0
ARM GAS  C:\Users\310295~1\AppData\Local\Temp\ccUjehwv.s 			page 24


 1108 0084 0C       		.uleb128 0xc
 1109 0085 898201   		.uleb128 0x4109
 1110 0088 00       		.byte	0
 1111 0089 11       		.uleb128 0x11
 1112 008a 01       		.uleb128 0x1
 1113 008b 31       		.uleb128 0x31
 1114 008c 13       		.uleb128 0x13
 1115 008d 00       		.byte	0
 1116 008e 00       		.byte	0
 1117 008f 0D       		.uleb128 0xd
 1118 0090 2E       		.uleb128 0x2e
 1119 0091 01       		.byte	0x1
 1120 0092 03       		.uleb128 0x3
 1121 0093 0E       		.uleb128 0xe
 1122 0094 3A       		.uleb128 0x3a
 1123 0095 0B       		.uleb128 0xb
 1124 0096 3B       		.uleb128 0x3b
 1125 0097 0B       		.uleb128 0xb
 1126 0098 27       		.uleb128 0x27
 1127 0099 19       		.uleb128 0x19
 1128 009a 11       		.uleb128 0x11
 1129 009b 01       		.uleb128 0x1
 1130 009c 12       		.uleb128 0x12
 1131 009d 06       		.uleb128 0x6
 1132 009e 40       		.uleb128 0x40
 1133 009f 18       		.uleb128 0x18
 1134 00a0 9742     		.uleb128 0x2117
 1135 00a2 19       		.uleb128 0x19
 1136 00a3 01       		.uleb128 0x1
 1137 00a4 13       		.uleb128 0x13
 1138 00a5 00       		.byte	0
 1139 00a6 00       		.byte	0
 1140 00a7 0E       		.uleb128 0xe
 1141 00a8 898201   		.uleb128 0x4109
 1142 00ab 01       		.byte	0x1
 1143 00ac 11       		.uleb128 0x11
 1144 00ad 01       		.uleb128 0x1
 1145 00ae 31       		.uleb128 0x31
 1146 00af 13       		.uleb128 0x13
 1147 00b0 01       		.uleb128 0x1
 1148 00b1 13       		.uleb128 0x13
 1149 00b2 00       		.byte	0
 1150 00b3 00       		.byte	0
 1151 00b4 0F       		.uleb128 0xf
 1152 00b5 8A8201   		.uleb128 0x410a
 1153 00b8 00       		.byte	0
 1154 00b9 02       		.uleb128 0x2
 1155 00ba 18       		.uleb128 0x18
 1156 00bb 9142     		.uleb128 0x2111
 1157 00bd 18       		.uleb128 0x18
 1158 00be 00       		.byte	0
 1159 00bf 00       		.byte	0
 1160 00c0 10       		.uleb128 0x10
 1161 00c1 05       		.uleb128 0x5
 1162 00c2 00       		.byte	0
 1163 00c3 03       		.uleb128 0x3
 1164 00c4 0E       		.uleb128 0xe
ARM GAS  C:\Users\310295~1\AppData\Local\Temp\ccUjehwv.s 			page 25


 1165 00c5 3A       		.uleb128 0x3a
 1166 00c6 0B       		.uleb128 0xb
 1167 00c7 3B       		.uleb128 0x3b
 1168 00c8 0B       		.uleb128 0xb
 1169 00c9 49       		.uleb128 0x49
 1170 00ca 13       		.uleb128 0x13
 1171 00cb 02       		.uleb128 0x2
 1172 00cc 17       		.uleb128 0x17
 1173 00cd 00       		.byte	0
 1174 00ce 00       		.byte	0
 1175 00cf 11       		.uleb128 0x11
 1176 00d0 2E       		.uleb128 0x2e
 1177 00d1 01       		.byte	0x1
 1178 00d2 3F       		.uleb128 0x3f
 1179 00d3 19       		.uleb128 0x19
 1180 00d4 03       		.uleb128 0x3
 1181 00d5 0E       		.uleb128 0xe
 1182 00d6 3A       		.uleb128 0x3a
 1183 00d7 0B       		.uleb128 0xb
 1184 00d8 3B       		.uleb128 0x3b
 1185 00d9 0B       		.uleb128 0xb
 1186 00da 49       		.uleb128 0x49
 1187 00db 13       		.uleb128 0x13
 1188 00dc 11       		.uleb128 0x11
 1189 00dd 01       		.uleb128 0x1
 1190 00de 12       		.uleb128 0x12
 1191 00df 06       		.uleb128 0x6
 1192 00e0 40       		.uleb128 0x40
 1193 00e1 18       		.uleb128 0x18
 1194 00e2 9742     		.uleb128 0x2117
 1195 00e4 19       		.uleb128 0x19
 1196 00e5 01       		.uleb128 0x1
 1197 00e6 13       		.uleb128 0x13
 1198 00e7 00       		.byte	0
 1199 00e8 00       		.byte	0
 1200 00e9 12       		.uleb128 0x12
 1201 00ea 34       		.uleb128 0x34
 1202 00eb 00       		.byte	0
 1203 00ec 03       		.uleb128 0x3
 1204 00ed 0E       		.uleb128 0xe
 1205 00ee 3A       		.uleb128 0x3a
 1206 00ef 0B       		.uleb128 0xb
 1207 00f0 3B       		.uleb128 0x3b
 1208 00f1 05       		.uleb128 0x5
 1209 00f2 49       		.uleb128 0x49
 1210 00f3 13       		.uleb128 0x13
 1211 00f4 3F       		.uleb128 0x3f
 1212 00f5 19       		.uleb128 0x19
 1213 00f6 3C       		.uleb128 0x3c
 1214 00f7 19       		.uleb128 0x19
 1215 00f8 00       		.byte	0
 1216 00f9 00       		.byte	0
 1217 00fa 13       		.uleb128 0x13
 1218 00fb 2E       		.uleb128 0x2e
 1219 00fc 00       		.byte	0
 1220 00fd 3F       		.uleb128 0x3f
 1221 00fe 19       		.uleb128 0x19
ARM GAS  C:\Users\310295~1\AppData\Local\Temp\ccUjehwv.s 			page 26


 1222 00ff 03       		.uleb128 0x3
 1223 0100 0E       		.uleb128 0xe
 1224 0101 3A       		.uleb128 0x3a
 1225 0102 0B       		.uleb128 0xb
 1226 0103 3B       		.uleb128 0x3b
 1227 0104 0B       		.uleb128 0xb
 1228 0105 27       		.uleb128 0x27
 1229 0106 19       		.uleb128 0x19
 1230 0107 3C       		.uleb128 0x3c
 1231 0108 19       		.uleb128 0x19
 1232 0109 00       		.byte	0
 1233 010a 00       		.byte	0
 1234 010b 14       		.uleb128 0x14
 1235 010c 2E       		.uleb128 0x2e
 1236 010d 00       		.byte	0
 1237 010e 3F       		.uleb128 0x3f
 1238 010f 19       		.uleb128 0x19
 1239 0110 03       		.uleb128 0x3
 1240 0111 0E       		.uleb128 0xe
 1241 0112 3A       		.uleb128 0x3a
 1242 0113 0B       		.uleb128 0xb
 1243 0114 3B       		.uleb128 0x3b
 1244 0115 0B       		.uleb128 0xb
 1245 0116 27       		.uleb128 0x27
 1246 0117 19       		.uleb128 0x19
 1247 0118 49       		.uleb128 0x49
 1248 0119 13       		.uleb128 0x13
 1249 011a 3C       		.uleb128 0x3c
 1250 011b 19       		.uleb128 0x19
 1251 011c 00       		.byte	0
 1252 011d 00       		.byte	0
 1253 011e 15       		.uleb128 0x15
 1254 011f 2E       		.uleb128 0x2e
 1255 0120 01       		.byte	0x1
 1256 0121 3F       		.uleb128 0x3f
 1257 0122 19       		.uleb128 0x19
 1258 0123 03       		.uleb128 0x3
 1259 0124 0E       		.uleb128 0xe
 1260 0125 3A       		.uleb128 0x3a
 1261 0126 0B       		.uleb128 0xb
 1262 0127 3B       		.uleb128 0x3b
 1263 0128 0B       		.uleb128 0xb
 1264 0129 27       		.uleb128 0x27
 1265 012a 19       		.uleb128 0x19
 1266 012b 3C       		.uleb128 0x3c
 1267 012c 19       		.uleb128 0x19
 1268 012d 01       		.uleb128 0x1
 1269 012e 13       		.uleb128 0x13
 1270 012f 00       		.byte	0
 1271 0130 00       		.byte	0
 1272 0131 16       		.uleb128 0x16
 1273 0132 05       		.uleb128 0x5
 1274 0133 00       		.byte	0
 1275 0134 49       		.uleb128 0x49
 1276 0135 13       		.uleb128 0x13
 1277 0136 00       		.byte	0
 1278 0137 00       		.byte	0
ARM GAS  C:\Users\310295~1\AppData\Local\Temp\ccUjehwv.s 			page 27


 1279 0138 17       		.uleb128 0x17
 1280 0139 2E       		.uleb128 0x2e
 1281 013a 01       		.byte	0x1
 1282 013b 3F       		.uleb128 0x3f
 1283 013c 19       		.uleb128 0x19
 1284 013d 03       		.uleb128 0x3
 1285 013e 0E       		.uleb128 0xe
 1286 013f 3A       		.uleb128 0x3a
 1287 0140 0B       		.uleb128 0xb
 1288 0141 3B       		.uleb128 0x3b
 1289 0142 05       		.uleb128 0x5
 1290 0143 27       		.uleb128 0x27
 1291 0144 19       		.uleb128 0x19
 1292 0145 49       		.uleb128 0x49
 1293 0146 13       		.uleb128 0x13
 1294 0147 3C       		.uleb128 0x3c
 1295 0148 19       		.uleb128 0x19
 1296 0149 01       		.uleb128 0x1
 1297 014a 13       		.uleb128 0x13
 1298 014b 00       		.byte	0
 1299 014c 00       		.byte	0
 1300 014d 18       		.uleb128 0x18
 1301 014e 2E       		.uleb128 0x2e
 1302 014f 01       		.byte	0x1
 1303 0150 3F       		.uleb128 0x3f
 1304 0151 19       		.uleb128 0x19
 1305 0152 03       		.uleb128 0x3
 1306 0153 0E       		.uleb128 0xe
 1307 0154 3A       		.uleb128 0x3a
 1308 0155 0B       		.uleb128 0xb
 1309 0156 3B       		.uleb128 0x3b
 1310 0157 0B       		.uleb128 0xb
 1311 0158 27       		.uleb128 0x27
 1312 0159 19       		.uleb128 0x19
 1313 015a 3C       		.uleb128 0x3c
 1314 015b 19       		.uleb128 0x19
 1315 015c 00       		.byte	0
 1316 015d 00       		.byte	0
 1317 015e 00       		.byte	0
 1318              		.section	.debug_loc,"",%progbits
 1319              	.Ldebug_loc0:
 1320              	.LLST0:
 1321 0000 00000000 		.4byte	.LVL5
 1322 0004 10000000 		.4byte	.LVL6
 1323 0008 0100     		.2byte	0x1
 1324 000a 50       		.byte	0x50
 1325 000b 10000000 		.4byte	.LVL6
 1326 000f 16000000 		.4byte	.LVL8
 1327 0013 0400     		.2byte	0x4
 1328 0015 F3       		.byte	0xf3
 1329 0016 01       		.uleb128 0x1
 1330 0017 50       		.byte	0x50
 1331 0018 9F       		.byte	0x9f
 1332 0019 16000000 		.4byte	.LVL8
 1333 001d 20000000 		.4byte	.LVL9
 1334 0021 0100     		.2byte	0x1
 1335 0023 50       		.byte	0x50
ARM GAS  C:\Users\310295~1\AppData\Local\Temp\ccUjehwv.s 			page 28


 1336 0024 20000000 		.4byte	.LVL9
 1337 0028 30000000 		.4byte	.LFE38
 1338 002c 0400     		.2byte	0x4
 1339 002e F3       		.byte	0xf3
 1340 002f 01       		.uleb128 0x1
 1341 0030 50       		.byte	0x50
 1342 0031 9F       		.byte	0x9f
 1343 0032 00000000 		.4byte	0
 1344 0036 00000000 		.4byte	0
 1345              	.LLST1:
 1346 003a 00000000 		.4byte	.LVL5
 1347 003e 13000000 		.4byte	.LVL7-1
 1348 0042 0100     		.2byte	0x1
 1349 0044 51       		.byte	0x51
 1350 0045 13000000 		.4byte	.LVL7-1
 1351 0049 16000000 		.4byte	.LVL8
 1352 004d 0400     		.2byte	0x4
 1353 004f F3       		.byte	0xf3
 1354 0050 01       		.uleb128 0x1
 1355 0051 51       		.byte	0x51
 1356 0052 9F       		.byte	0x9f
 1357 0053 16000000 		.4byte	.LVL8
 1358 0057 23000000 		.4byte	.LVL10-1
 1359 005b 0100     		.2byte	0x1
 1360 005d 51       		.byte	0x51
 1361 005e 23000000 		.4byte	.LVL10-1
 1362 0062 30000000 		.4byte	.LFE38
 1363 0066 0400     		.2byte	0x4
 1364 0068 F3       		.byte	0xf3
 1365 0069 01       		.uleb128 0x1
 1366 006a 51       		.byte	0x51
 1367 006b 9F       		.byte	0x9f
 1368 006c 00000000 		.4byte	0
 1369 0070 00000000 		.4byte	0
 1370              		.section	.debug_aranges,"",%progbits
 1371 0000 34000000 		.4byte	0x34
 1372 0004 0200     		.2byte	0x2
 1373 0006 00000000 		.4byte	.Ldebug_info0
 1374 000a 04       		.byte	0x4
 1375 000b 00       		.byte	0
 1376 000c 0000     		.2byte	0
 1377 000e 0000     		.2byte	0
 1378 0010 00000000 		.4byte	.LFB39
 1379 0014 0C000000 		.4byte	.LFE39-.LFB39
 1380 0018 00000000 		.4byte	.LFB37
 1381 001c 18000000 		.4byte	.LFE37-.LFB37
 1382 0020 00000000 		.4byte	.LFB38
 1383 0024 30000000 		.4byte	.LFE38-.LFB38
 1384 0028 00000000 		.4byte	.LFB40
 1385 002c 70000000 		.4byte	.LFE40-.LFB40
 1386 0030 00000000 		.4byte	0
 1387 0034 00000000 		.4byte	0
 1388              		.section	.debug_ranges,"",%progbits
 1389              	.Ldebug_ranges0:
 1390 0000 00000000 		.4byte	.LFB39
 1391 0004 0C000000 		.4byte	.LFE39
 1392 0008 00000000 		.4byte	.LFB37
ARM GAS  C:\Users\310295~1\AppData\Local\Temp\ccUjehwv.s 			page 29


 1393 000c 18000000 		.4byte	.LFE37
 1394 0010 00000000 		.4byte	.LFB38
 1395 0014 30000000 		.4byte	.LFE38
 1396 0018 00000000 		.4byte	.LFB40
 1397 001c 70000000 		.4byte	.LFE40
 1398 0020 00000000 		.4byte	0
 1399 0024 00000000 		.4byte	0
 1400              		.section	.debug_line,"",%progbits
 1401              	.Ldebug_line0:
 1402 0000 4D010000 		.section	.debug_str,"MS",%progbits,1
 1402      0200DF00 
 1402      00000201 
 1402      FB0E0D00 
 1402      01010101 
 1403              	.LASF76:
 1404 0000 4359424C 		.ascii	"CYBLE_EVT_L2CAP_CBFC_RX_CREDIT_IND\000"
 1404      455F4556 
 1404      545F4C32 
 1404      4341505F 
 1404      43424643 
 1405              	.LASF21:
 1406 0023 4359424C 		.ascii	"CYBLE_EVT_STACK_BUSY_STATUS\000"
 1406      455F4556 
 1406      545F5354 
 1406      41434B5F 
 1406      42555359 
 1407              	.LASF115:
 1408 003f 4359424C 		.ascii	"CYBLE_STATE_STOPPED\000"
 1408      455F5354 
 1408      4154455F 
 1408      53544F50 
 1408      50454400 
 1409              	.LASF75:
 1410 0053 4359424C 		.ascii	"CYBLE_EVT_L2CAP_CBFC_DATA_READ\000"
 1410      455F4556 
 1410      545F4C32 
 1410      4341505F 
 1410      43424643 
 1411              	.LASF85:
 1412 0072 4359424C 		.ascii	"CYBLE_ERROR_MEMORY_ALLOCATION_FAILED\000"
 1412      455F4552 
 1412      524F525F 
 1412      4D454D4F 
 1412      52595F41 
 1413              	.LASF33:
 1414 0097 4359424C 		.ascii	"CYBLE_EVT_GAP_CONNECTION_UPDATE_COMPLETE\000"
 1414      455F4556 
 1414      545F4741 
 1414      505F434F 
 1414      4E4E4543 
 1415              	.LASF74:
 1416 00c0 4359424C 		.ascii	"CYBLE_EVT_L2CAP_CBFC_DISCONN_CNF\000"
 1416      455F4556 
 1416      545F4C32 
 1416      4341505F 
 1416      43424643 
 1417              	.LASF106:
ARM GAS  C:\Users\310295~1\AppData\Local\Temp\ccUjehwv.s 			page 30


 1418 00e1 4359424C 		.ascii	"CYBLE_ERROR_UNSUPPORTED_FEATURE_OR_PARAMETER_VALUE\000"
 1418      455F4552 
 1418      524F525F 
 1418      554E5355 
 1418      50504F52 
 1419              	.LASF38:
 1420 0114 4359424C 		.ascii	"CYBLE_EVT_GAP_OOB_GENERATED_NOTIFICATION\000"
 1420      455F4556 
 1420      545F4741 
 1420      505F4F4F 
 1420      425F4745 
 1421              	.LASF54:
 1422 013d 4359424C 		.ascii	"CYBLE_EVT_GATTC_READ_MULTI_RSP\000"
 1422      455F4556 
 1422      545F4741 
 1422      5454435F 
 1422      52454144 
 1423              	.LASF59:
 1424 015c 4359424C 		.ascii	"CYBLE_EVT_GATTS_EXEC_WRITE_REQ\000"
 1424      455F4556 
 1424      545F4741 
 1424      5454535F 
 1424      45584543 
 1425              	.LASF71:
 1426 017b 4359424C 		.ascii	"CYBLE_EVT_L2CAP_CBFC_CONN_IND\000"
 1426      455F4556 
 1426      545F4C32 
 1426      4341505F 
 1426      43424643 
 1427              	.LASF18:
 1428 0199 4359424C 		.ascii	"CYBLE_EVT_TIMEOUT\000"
 1428      455F4556 
 1428      545F5449 
 1428      4D454F55 
 1428      5400
 1429              	.LASF4:
 1430 01ab 6C6F6E67 		.ascii	"long int\000"
 1430      20696E74 
 1430      00
 1431              	.LASF105:
 1432 01b4 4359424C 		.ascii	"CYBLE_ERROR_HARDWARE_FAILURE\000"
 1432      455F4552 
 1432      524F525F 
 1432      48415244 
 1432      57415245 
 1433              	.LASF95:
 1434 01d1 4359424C 		.ascii	"CYBLE_ERROR_L2CAP_PSM_WRONG_ENCODING\000"
 1434      455F4552 
 1434      524F525F 
 1434      4C324341 
 1434      505F5053 
 1435              	.LASF86:
 1436 01f6 4359424C 		.ascii	"CYBLE_ERROR_INSUFFICIENT_RESOURCES\000"
 1436      455F4552 
 1436      524F525F 
 1436      494E5355 
 1436      46464943 
ARM GAS  C:\Users\310295~1\AppData\Local\Temp\ccUjehwv.s 			page 31


 1437              	.LASF20:
 1438 0219 4359424C 		.ascii	"CYBLE_EVT_HCI_STATUS\000"
 1438      455F4556 
 1438      545F4843 
 1438      495F5354 
 1438      41545553 
 1439              	.LASF34:
 1440 022e 4359424C 		.ascii	"CYBLE_EVT_GAPC_SCAN_START_STOP\000"
 1440      455F4556 
 1440      545F4741 
 1440      50435F53 
 1440      43414E5F 
 1441              	.LASF79:
 1442 024d 4359424C 		.ascii	"CYBLE_EVT_PENDING_FLASH_WRITE\000"
 1442      455F4556 
 1442      545F5045 
 1442      4E44494E 
 1442      475F464C 
 1443              	.LASF94:
 1444 026b 4359424C 		.ascii	"CYBLE_ERROR_SEC_FAILED\000"
 1444      455F4552 
 1444      524F525F 
 1444      5345435F 
 1444      4641494C 
 1445              	.LASF32:
 1446 0282 4359424C 		.ascii	"CYBLE_EVT_GAP_ENCRYPT_CHANGE\000"
 1446      455F4556 
 1446      545F4741 
 1446      505F454E 
 1446      43525950 
 1447              	.LASF36:
 1448 029f 4359424C 		.ascii	"CYBLE_EVT_GAP_NUMERIC_COMPARISON_REQUEST\000"
 1448      455F4556 
 1448      545F4741 
 1448      505F4E55 
 1448      4D455249 
 1449              	.LASF118:
 1450 02c8 4359424C 		.ascii	"CYBLE_STATE_ADVERTISING\000"
 1450      455F5354 
 1450      4154455F 
 1450      41445645 
 1450      52544953 
 1451              	.LASF6:
 1452 02e0 6C6F6E67 		.ascii	"long long int\000"
 1452      206C6F6E 
 1452      6720696E 
 1452      7400
 1453              	.LASF0:
 1454 02ee 7369676E 		.ascii	"signed char\000"
 1454      65642063 
 1454      68617200 
 1455              	.LASF17:
 1456 02fa 4359424C 		.ascii	"CYBLE_EVT_STACK_ON\000"
 1456      455F4556 
 1456      545F5354 
 1456      41434B5F 
 1456      4F4E00
ARM GAS  C:\Users\310295~1\AppData\Local\Temp\ccUjehwv.s 			page 32


 1457              	.LASF102:
 1458 030d 4359424C 		.ascii	"CYBLE_ERROR_DEVICE_ALREADY_EXISTS\000"
 1458      455F4552 
 1458      524F525F 
 1458      44455649 
 1458      43455F41 
 1459              	.LASF89:
 1460 032f 4359424C 		.ascii	"CYBLE_ERROR_NO_DEVICE_ENTITY\000"
 1460      455F4552 
 1460      524F525F 
 1460      4E4F5F44 
 1460      45564943 
 1461              	.LASF24:
 1462 034c 4359424C 		.ascii	"CYBLE_EVT_GAP_AUTH_REQ\000"
 1462      455F4556 
 1462      545F4741 
 1462      505F4155 
 1462      54485F52 
 1463              	.LASF52:
 1464 0363 4359424C 		.ascii	"CYBLE_EVT_GATTC_READ_RSP\000"
 1464      455F4556 
 1464      545F4741 
 1464      5454435F 
 1464      52454144 
 1465              	.LASF113:
 1466 037c 4359424C 		.ascii	"CYBLE_ERROR_INVALID_STATE\000"
 1466      455F4552 
 1466      524F525F 
 1466      494E5641 
 1466      4C49445F 
 1467              	.LASF57:
 1468 0396 4359424C 		.ascii	"CYBLE_EVT_GATTS_WRITE_CMD_REQ\000"
 1468      455F4556 
 1468      545F4741 
 1468      5454535F 
 1468      57524954 
 1469              	.LASF119:
 1470 03b4 4359424C 		.ascii	"CYBLE_STATE_DISCONNECTED\000"
 1470      455F5354 
 1470      4154455F 
 1470      44495343 
 1470      4F4E4E45 
 1471              	.LASF29:
 1472 03cd 4359424C 		.ascii	"CYBLE_EVT_GAPP_ADVERTISEMENT_START_STOP\000"
 1472      455F4556 
 1472      545F4741 
 1472      50505F41 
 1472      44564552 
 1473              	.LASF100:
 1474 03f5 4359424C 		.ascii	"CYBLE_ERROR_L2CAP_PSM_NOT_IN_RANGE\000"
 1474      455F4552 
 1474      524F525F 
 1474      4C324341 
 1474      505F5053 
 1475              	.LASF9:
 1476 0418 75696E74 		.ascii	"uint8\000"
 1476      3800
ARM GAS  C:\Users\310295~1\AppData\Local\Temp\ccUjehwv.s 			page 33


 1477              	.LASF60:
 1478 041e 4359424C 		.ascii	"CYBLE_EVT_GATTC_EXEC_WRITE_RSP\000"
 1478      455F4556 
 1478      545F4741 
 1478      5454435F 
 1478      45584543 
 1479              	.LASF12:
 1480 043d 646F7562 		.ascii	"double\000"
 1480      6C6500
 1481              	.LASF121:
 1482 0444 57616B65 		.ascii	"WakeupIsrHandler\000"
 1482      75704973 
 1482      7248616E 
 1482      646C6572 
 1482      00
 1483              	.LASF83:
 1484 0455 4359424C 		.ascii	"CYBLE_ERROR_INVALID_PARAMETER\000"
 1484      455F4552 
 1484      524F525F 
 1484      494E5641 
 1484      4C49445F 
 1485              	.LASF10:
 1486 0473 75696E74 		.ascii	"uint32\000"
 1486      333200
 1487              	.LASF81:
 1488 047a 4359424C 		.ascii	"CYBLE_EVT_MAX\000"
 1488      455F4556 
 1488      545F4D41 
 1488      5800
 1489              	.LASF82:
 1490 0488 4359424C 		.ascii	"CYBLE_ERROR_OK\000"
 1490      455F4552 
 1490      524F525F 
 1490      4F4B00
 1491              	.LASF43:
 1492 0497 4359424C 		.ascii	"CYBLE_EVT_GATTC_ERROR_RSP\000"
 1492      455F4556 
 1492      545F4741 
 1492      5454435F 
 1492      4552524F 
 1493              	.LASF68:
 1494 04b1 4359424C 		.ascii	"CYBLE_EVT_L2CAP_CONN_PARAM_UPDATE_REQ\000"
 1494      455F4556 
 1494      545F4C32 
 1494      4341505F 
 1494      434F4E4E 
 1495              	.LASF45:
 1496 04d7 4359424C 		.ascii	"CYBLE_EVT_GATT_DISCONNECT_IND\000"
 1496      455F4556 
 1496      545F4741 
 1496      54545F44 
 1496      4953434F 
 1497              	.LASF78:
 1498 04f5 4359424C 		.ascii	"CYBLE_EVT_L2CAP_CBFC_DATA_WRITE_IND\000"
 1498      455F4556 
 1498      545F4C32 
 1498      4341505F 
ARM GAS  C:\Users\310295~1\AppData\Local\Temp\ccUjehwv.s 			page 34


 1498      43424643 
 1499              	.LASF7:
 1500 0519 6C6F6E67 		.ascii	"long long unsigned int\000"
 1500      206C6F6E 
 1500      6720756E 
 1500      7369676E 
 1500      65642069 
 1501              	.LASF65:
 1502 0530 4359424C 		.ascii	"CYBLE_EVT_GATTC_STOP_CMD_COMPLETE\000"
 1502      455F4556 
 1502      545F4741 
 1502      5454435F 
 1502      53544F50 
 1503              	.LASF87:
 1504 0552 4359424C 		.ascii	"CYBLE_ERROR_OOB_NOT_AVAILABLE\000"
 1504      455F4552 
 1504      524F525F 
 1504      4F4F425F 
 1504      4E4F545F 
 1505              	.LASF80:
 1506 0570 4359424C 		.ascii	"CYBLE_EVT_LE_PING_AUTH_TIMEOUT\000"
 1506      455F4556 
 1506      545F4C45 
 1506      5F50494E 
 1506      475F4155 
 1507              	.LASF96:
 1508 058f 4359424C 		.ascii	"CYBLE_ERROR_L2CAP_PSM_ALREADY_REGISTERED\000"
 1508      455F4552 
 1508      524F525F 
 1508      4C324341 
 1508      505F5053 
 1509              	.LASF5:
 1510 05b8 6C6F6E67 		.ascii	"long unsigned int\000"
 1510      20756E73 
 1510      69676E65 
 1510      6420696E 
 1510      7400
 1511              	.LASF55:
 1512 05ca 4359424C 		.ascii	"CYBLE_EVT_GATTS_WRITE_REQ\000"
 1512      455F4556 
 1512      545F4741 
 1512      5454535F 
 1512      57524954 
 1513              	.LASF47:
 1514 05e4 4359424C 		.ascii	"CYBLE_EVT_GATTC_XCHNG_MTU_RSP\000"
 1514      455F4556 
 1514      545F4741 
 1514      5454435F 
 1514      5843484E 
 1515              	.LASF64:
 1516 0602 4359424C 		.ascii	"CYBLE_EVT_GATTS_DATA_SIGNED_CMD_REQ\000"
 1516      455F4556 
 1516      545F4741 
 1516      5454535F 
 1516      44415441 
 1517              	.LASF67:
 1518 0626 4359424C 		.ascii	"CYBLE_EVT_GATTC_LONG_PROCEDURE_END\000"
ARM GAS  C:\Users\310295~1\AppData\Local\Temp\ccUjehwv.s 			page 35


 1518      455F4556 
 1518      545F4741 
 1518      5454435F 
 1518      4C4F4E47 
 1519              	.LASF99:
 1520 0649 4359424C 		.ascii	"CYBLE_ERROR_L2CAP_CHANNEL_NOT_FOUND\000"
 1520      455F4552 
 1520      524F525F 
 1520      4C324341 
 1520      505F4348 
 1521              	.LASF123:
 1522 066d 6576656E 		.ascii	"event\000"
 1522      7400
 1523              	.LASF110:
 1524 0673 4359424C 		.ascii	"CYBLE_ERROR_NTF_DISABLED\000"
 1524      455F4552 
 1524      524F525F 
 1524      4E54465F 
 1524      44495341 
 1525              	.LASF16:
 1526 068c 4359424C 		.ascii	"CYBLE_EVT_HOST_INVALID\000"
 1526      455F4556 
 1526      545F484F 
 1526      53545F49 
 1526      4E56414C 
 1527              	.LASF50:
 1528 06a3 4359424C 		.ascii	"CYBLE_EVT_GATTC_FIND_INFO_RSP\000"
 1528      455F4556 
 1528      545F4741 
 1528      5454435F 
 1528      46494E44 
 1529              	.LASF22:
 1530 06c1 4359424C 		.ascii	"CYBLE_EVT_MEMORY_REQUEST\000"
 1530      455F4556 
 1530      545F4D45 
 1530      4D4F5259 
 1530      5F524551 
 1531              	.LASF133:
 1532 06da 42757474 		.ascii	"Button_Read\000"
 1532      6F6E5F52 
 1532      65616400 
 1533              	.LASF25:
 1534 06e6 4359424C 		.ascii	"CYBLE_EVT_GAP_PASSKEY_ENTRY_REQUEST\000"
 1534      455F4556 
 1534      545F4741 
 1534      505F5041 
 1534      53534B45 
 1535              	.LASF30:
 1536 070a 4359424C 		.ascii	"CYBLE_EVT_GAP_DEVICE_CONNECTED\000"
 1536      455F4556 
 1536      545F4741 
 1536      505F4445 
 1536      56494345 
 1537              	.LASF141:
 1538 0729 6379426C 		.ascii	"cyBle_state\000"
 1538      655F7374 
 1538      61746500 
ARM GAS  C:\Users\310295~1\AppData\Local\Temp\ccUjehwv.s 			page 36


 1539              	.LASF26:
 1540 0735 4359424C 		.ascii	"CYBLE_EVT_GAP_PASSKEY_DISPLAY_REQUEST\000"
 1540      455F4556 
 1540      545F4741 
 1540      505F5041 
 1540      53534B45 
 1541              	.LASF44:
 1542 075b 4359424C 		.ascii	"CYBLE_EVT_GATT_CONNECT_IND\000"
 1542      455F4556 
 1542      545F4741 
 1542      54545F43 
 1542      4F4E4E45 
 1543              	.LASF70:
 1544 0776 4359424C 		.ascii	"CYBLE_EVT_L2CAP_COMMAND_REJ\000"
 1544      455F4556 
 1544      545F4C32 
 1544      4341505F 
 1544      434F4D4D 
 1545              	.LASF23:
 1546 0792 4359424C 		.ascii	"CYBLE_EVT_GAPC_SCAN_PROGRESS_RESULT\000"
 1546      455F4556 
 1546      545F4741 
 1546      50435F53 
 1546      43414E5F 
 1547              	.LASF109:
 1548 07b6 4359424C 		.ascii	"CYBLE_ERROR_MAX\000"
 1548      455F4552 
 1548      524F525F 
 1548      4D415800 
 1549              	.LASF107:
 1550 07c6 4359424C 		.ascii	"CYBLE_ERROR_FLASH_WRITE\000"
 1550      455F4552 
 1550      524F525F 
 1550      464C4153 
 1550      485F5752 
 1551              	.LASF49:
 1552 07de 4359424C 		.ascii	"CYBLE_EVT_GATTC_READ_BY_TYPE_RSP\000"
 1552      455F4556 
 1552      545F4741 
 1552      5454435F 
 1552      52454144 
 1553              	.LASF15:
 1554 07ff 73697A65 		.ascii	"sizetype\000"
 1554      74797065 
 1554      00
 1555              	.LASF116:
 1556 0808 4359424C 		.ascii	"CYBLE_STATE_INITIALIZING\000"
 1556      455F5354 
 1556      4154455F 
 1556      494E4954 
 1556      49414C49 
 1557              	.LASF28:
 1558 0821 4359424C 		.ascii	"CYBLE_EVT_GAP_AUTH_FAILED\000"
 1558      455F4556 
 1558      545F4741 
 1558      505F4155 
 1558      54485F46 
ARM GAS  C:\Users\310295~1\AppData\Local\Temp\ccUjehwv.s 			page 37


 1559              	.LASF56:
 1560 083b 4359424C 		.ascii	"CYBLE_EVT_GATTC_WRITE_RSP\000"
 1560      455F4556 
 1560      545F4741 
 1560      5454435F 
 1560      57524954 
 1561              	.LASF73:
 1562 0855 4359424C 		.ascii	"CYBLE_EVT_L2CAP_CBFC_DISCONN_IND\000"
 1562      455F4556 
 1562      545F4C32 
 1562      4341505F 
 1562      43424643 
 1563              	.LASF41:
 1564 0876 4359424C 		.ascii	"CYBLE_EVT_GAPC_DIRECT_ADV_REPORT\000"
 1564      455F4556 
 1564      545F4741 
 1564      50435F44 
 1564      49524543 
 1565              	.LASF39:
 1566 0897 4359424C 		.ascii	"CYBLE_EVT_GAP_DATA_LENGTH_CHANGE\000"
 1566      455F4556 
 1566      545F4741 
 1566      505F4441 
 1566      54415F4C 
 1567              	.LASF140:
 1568 08b8 456E6162 		.ascii	"EnableStop\000"
 1568      6C655374 
 1568      6F7000
 1569              	.LASF27:
 1570 08c3 4359424C 		.ascii	"CYBLE_EVT_GAP_AUTH_COMPLETE\000"
 1570      455F4556 
 1570      545F4741 
 1570      505F4155 
 1570      54485F43 
 1571              	.LASF127:
 1572 08df 55415254 		.ascii	"UART_Dbg_Stop\000"
 1572      5F446267 
 1572      5F53746F 
 1572      7000
 1573              	.LASF114:
 1574 08ed 4359424C 		.ascii	"CYBLE_API_RESULT_T\000"
 1574      455F4150 
 1574      495F5245 
 1574      53554C54 
 1574      5F5400
 1575              	.LASF61:
 1576 0900 4359424C 		.ascii	"CYBLE_EVT_GATTC_HANDLE_VALUE_NTF\000"
 1576      455F4556 
 1576      545F4741 
 1576      5454435F 
 1576      48414E44 
 1577              	.LASF111:
 1578 0921 4359424C 		.ascii	"CYBLE_ERROR_IND_DISABLED\000"
 1578      455F4552 
 1578      524F525F 
 1578      494E445F 
 1578      44495341 
ARM GAS  C:\Users\310295~1\AppData\Local\Temp\ccUjehwv.s 			page 38


 1579              	.LASF72:
 1580 093a 4359424C 		.ascii	"CYBLE_EVT_L2CAP_CBFC_CONN_CNF\000"
 1580      455F4556 
 1580      545F4C32 
 1580      4341505F 
 1580      43424643 
 1581              	.LASF48:
 1582 0958 4359424C 		.ascii	"CYBLE_EVT_GATTC_READ_BY_GROUP_TYPE_RSP\000"
 1582      455F4556 
 1582      545F4741 
 1582      5454435F 
 1582      52454144 
 1583              	.LASF11:
 1584 097f 666C6F61 		.ascii	"float\000"
 1584      7400
 1585              	.LASF142:
 1586 0985 4379426C 		.ascii	"CyBle_GappStartAdvertisement\000"
 1586      655F4761 
 1586      70705374 
 1586      61727441 
 1586      64766572 
 1587              	.LASF92:
 1588 09a2 4359424C 		.ascii	"CYBLE_ERROR_TX_POWER_READ\000"
 1588      455F4552 
 1588      524F525F 
 1588      54585F50 
 1588      4F574552 
 1589              	.LASF112:
 1590 09bc 4359424C 		.ascii	"CYBLE_ERROR_CHAR_IS_NOT_DISCOVERED\000"
 1590      455F4552 
 1590      524F525F 
 1590      43484152 
 1590      5F49535F 
 1591              	.LASF129:
 1592 09df 44656275 		.ascii	"DebugCode\000"
 1592      67436F64 
 1592      6500
 1593              	.LASF1:
 1594 09e9 756E7369 		.ascii	"unsigned char\000"
 1594      676E6564 
 1594      20636861 
 1594      7200
 1595              	.LASF37:
 1596 09f7 4359424C 		.ascii	"CYBLE_EVT_GAP_KEYPRESS_NOTIFICATION\000"
 1596      455F4556 
 1596      545F4741 
 1596      505F4B45 
 1596      59505245 
 1597              	.LASF137:
 1598 0a1b 474E5520 		.ascii	"GNU C 4.9.3 20150303 (release) [ARM/embedded-4_9-br"
 1598      4320342E 
 1598      392E3320 
 1598      32303135 
 1598      30333033 
 1599 0a4e 616E6368 		.ascii	"anch revision 221220] -mcpu=cortex-m0 -mthumb -g -O"
 1599      20726576 
 1599      6973696F 
ARM GAS  C:\Users\310295~1\AppData\Local\Temp\ccUjehwv.s 			page 39


 1599      6E203232 
 1599      31323230 
 1600 0a81 67202D66 		.ascii	"g -ffunction-sections -ffat-lto-objects\000"
 1600      66756E63 
 1600      74696F6E 
 1600      2D736563 
 1600      74696F6E 
 1601              	.LASF130:
 1602 0aa9 43795379 		.ascii	"CySysPmSetWakeupPolarity\000"
 1602      73506D53 
 1602      65745761 
 1602      6B657570 
 1602      506F6C61 
 1603              	.LASF2:
 1604 0ac2 73686F72 		.ascii	"short int\000"
 1604      7420696E 
 1604      7400
 1605              	.LASF62:
 1606 0acc 4359424C 		.ascii	"CYBLE_EVT_GATTC_HANDLE_VALUE_IND\000"
 1606      455F4556 
 1606      545F4741 
 1606      5454435F 
 1606      48414E44 
 1607              	.LASF88:
 1608 0aed 4359424C 		.ascii	"CYBLE_ERROR_NO_CONNECTION\000"
 1608      455F4552 
 1608      524F525F 
 1608      4E4F5F43 
 1608      4F4E4E45 
 1609              	.LASF58:
 1610 0b07 4359424C 		.ascii	"CYBLE_EVT_GATTS_PREP_WRITE_REQ\000"
 1610      455F4556 
 1610      545F4741 
 1610      5454535F 
 1610      50524550 
 1611              	.LASF63:
 1612 0b26 4359424C 		.ascii	"CYBLE_EVT_GATTS_HANDLE_VALUE_CNF\000"
 1612      455F4556 
 1612      545F4741 
 1612      5454535F 
 1612      48414E44 
 1613              	.LASF90:
 1614 0b47 4359424C 		.ascii	"CYBLE_ERROR_REPEATED_ATTEMPTS\000"
 1614      455F4552 
 1614      524F525F 
 1614      52455045 
 1614      41544544 
 1615              	.LASF42:
 1616 0b65 4359424C 		.ascii	"CYBLE_EVT_GAP_SMP_NEGOTIATED_AUTH_INFO\000"
 1616      455F4556 
 1616      545F4741 
 1616      505F534D 
 1616      505F4E45 
 1617              	.LASF138:
 1618 0b8c 2E5C6D61 		.ascii	".\\main.c\000"
 1618      696E2E63 
 1618      00
ARM GAS  C:\Users\310295~1\AppData\Local\Temp\ccUjehwv.s 			page 40


 1619              	.LASF135:
 1620 0b95 6973725F 		.ascii	"isr_Button_StartEx\000"
 1620      42757474 
 1620      6F6E5F53 
 1620      74617274 
 1620      457800
 1621              	.LASF13:
 1622 0ba8 63686172 		.ascii	"char\000"
 1622      00
 1623              	.LASF139:
 1624 0bad 433A5C57 		.ascii	"C:\\Work\\BLE_Proximity\\BLE_Proximity01\\BLE_Trans"
 1624      6F726B5C 
 1624      424C455F 
 1624      50726F78 
 1624      696D6974 
 1625 0bdc 6665722E 		.ascii	"fer.cydsn\000"
 1625      63796473 
 1625      6E00
 1626              	.LASF93:
 1627 0be6 4359424C 		.ascii	"CYBLE_ERROR_BT_ON_NOT_COMPLETED\000"
 1627      455F4552 
 1627      524F525F 
 1627      42545F4F 
 1627      4E5F4E4F 
 1628              	.LASF31:
 1629 0c06 4359424C 		.ascii	"CYBLE_EVT_GAP_DEVICE_DISCONNECTED\000"
 1629      455F4556 
 1629      545F4741 
 1629      505F4445 
 1629      56494345 
 1630              	.LASF14:
 1631 0c28 63796973 		.ascii	"cyisraddress\000"
 1631      72616464 
 1631      72657373 
 1631      00
 1632              	.LASF8:
 1633 0c35 756E7369 		.ascii	"unsigned int\000"
 1633      676E6564 
 1633      20696E74 
 1633      00
 1634              	.LASF66:
 1635 0c42 4359424C 		.ascii	"CYBLE_EVT_GATTS_READ_CHAR_VAL_ACCESS_REQ\000"
 1635      455F4556 
 1635      545F4741 
 1635      5454535F 
 1635      52454144 
 1636              	.LASF128:
 1637 0c6b 43795379 		.ascii	"CySysPmStop\000"
 1637      73506D53 
 1637      746F7000 
 1638              	.LASF77:
 1639 0c77 4359424C 		.ascii	"CYBLE_EVT_L2CAP_CBFC_TX_CREDIT_IND\000"
 1639      455F4556 
 1639      545F4C32 
 1639      4341505F 
 1639      43424643 
 1640              	.LASF126:
ARM GAS  C:\Users\310295~1\AppData\Local\Temp\ccUjehwv.s 			page 41


 1641 0c9a 6973725F 		.ascii	"isr_Button_ClearPending\000"
 1641      42757474 
 1641      6F6E5F43 
 1641      6C656172 
 1641      50656E64 
 1642              	.LASF103:
 1643 0cb2 4359424C 		.ascii	"CYBLE_ERROR_FLASH_WRITE_NOT_PERMITED\000"
 1643      455F4552 
 1643      524F525F 
 1643      464C4153 
 1643      485F5752 
 1644              	.LASF98:
 1645 0cd7 4359424C 		.ascii	"CYBLE_ERROR_L2CAP_CONNECTION_ENTITY_NOT_FOUND\000"
 1645      455F4552 
 1645      524F525F 
 1645      4C324341 
 1645      505F434F 
 1646              	.LASF19:
 1647 0d05 4359424C 		.ascii	"CYBLE_EVT_HARDWARE_ERROR\000"
 1647      455F4556 
 1647      545F4841 
 1647      52445741 
 1647      52455F45 
 1648              	.LASF3:
 1649 0d1e 73686F72 		.ascii	"short unsigned int\000"
 1649      7420756E 
 1649      7369676E 
 1649      65642069 
 1649      6E7400
 1650              	.LASF134:
 1651 0d31 43794465 		.ascii	"CyDelay\000"
 1651      6C617900 
 1652              	.LASF143:
 1653 0d39 7077725F 		.ascii	"pwr_set_Write\000"
 1653      7365745F 
 1653      57726974 
 1653      6500
 1654              	.LASF136:
 1655 0d47 43795379 		.ascii	"CySysPmUnfreezeIo\000"
 1655      73506D55 
 1655      6E667265 
 1655      657A6549 
 1655      6F00
 1656              	.LASF84:
 1657 0d59 4359424C 		.ascii	"CYBLE_ERROR_INVALID_OPERATION\000"
 1657      455F4552 
 1657      524F525F 
 1657      494E5641 
 1657      4C49445F 
 1658              	.LASF46:
 1659 0d77 4359424C 		.ascii	"CYBLE_EVT_GATTS_XCNHG_MTU_REQ\000"
 1659      455F4556 
 1659      545F4741 
 1659      5454535F 
 1659      58434E48 
 1660              	.LASF124:
 1661 0d95 6576656E 		.ascii	"eventParam\000"
ARM GAS  C:\Users\310295~1\AppData\Local\Temp\ccUjehwv.s 			page 42


 1661      74506172 
 1661      616D00
 1662              	.LASF120:
 1663 0da0 4359424C 		.ascii	"CYBLE_STATE_T\000"
 1663      455F5354 
 1663      4154455F 
 1663      5400
 1664              	.LASF53:
 1665 0dae 4359424C 		.ascii	"CYBLE_EVT_GATTC_READ_BLOB_RSP\000"
 1665      455F4556 
 1665      545F4741 
 1665      5454435F 
 1665      52454144 
 1666              	.LASF108:
 1667 0dcc 4359424C 		.ascii	"CYBLE_ERROR_CONTROLLER_BUSY\000"
 1667      455F4552 
 1667      524F525F 
 1667      434F4E54 
 1667      524F4C4C 
 1668              	.LASF122:
 1669 0de8 53746163 		.ascii	"StackEventHandler\000"
 1669      6B457665 
 1669      6E744861 
 1669      6E646C65 
 1669      7200
 1670              	.LASF104:
 1671 0dfa 4359424C 		.ascii	"CYBLE_ERROR_MIC_AUTH_FAILED\000"
 1671      455F4552 
 1671      524F525F 
 1671      4D49435F 
 1671      41555448 
 1672              	.LASF97:
 1673 0e16 4359424C 		.ascii	"CYBLE_ERROR_L2CAP_PSM_NOT_REGISTERED\000"
 1673      455F4552 
 1673      524F525F 
 1673      4C324341 
 1673      505F5053 
 1674              	.LASF117:
 1675 0e3b 4359424C 		.ascii	"CYBLE_STATE_CONNECTED\000"
 1675      455F5354 
 1675      4154455F 
 1675      434F4E4E 
 1675      45435445 
 1676              	.LASF51:
 1677 0e51 4359424C 		.ascii	"CYBLE_EVT_GATTC_FIND_BY_TYPE_VALUE_RSP\000"
 1677      455F4556 
 1677      545F4741 
 1677      5454435F 
 1677      46494E44 
 1678              	.LASF91:
 1679 0e78 4359424C 		.ascii	"CYBLE_ERROR_GAP_ROLE\000"
 1679      455F4552 
 1679      524F525F 
 1679      4741505F 
 1679      524F4C45 
 1680              	.LASF35:
 1681 0e8d 4359424C 		.ascii	"CYBLE_EVT_GAP_KEYINFO_EXCHNGE_CMPLT\000"
ARM GAS  C:\Users\310295~1\AppData\Local\Temp\ccUjehwv.s 			page 43


 1681      455F4556 
 1681      545F4741 
 1681      505F4B45 
 1681      59494E46 
 1682              	.LASF132:
 1683 0eb1 42757474 		.ascii	"Button_ClearInterrupt\000"
 1683      6F6E5F43 
 1683      6C656172 
 1683      496E7465 
 1683      72727570 
 1684              	.LASF69:
 1685 0ec7 4359424C 		.ascii	"CYBLE_EVT_L2CAP_CONN_PARAM_UPDATE_RSP\000"
 1685      455F4556 
 1685      545F4C32 
 1685      4341505F 
 1685      434F4E4E 
 1686              	.LASF125:
 1687 0eed 6D61696E 		.ascii	"main\000"
 1687      00
 1688              	.LASF40:
 1689 0ef2 4359424C 		.ascii	"CYBLE_EVT_GAP_ENHANCE_CONN_COMPLETE\000"
 1689      455F4556 
 1689      545F4741 
 1689      505F454E 
 1689      48414E43 
 1690              	.LASF131:
 1691 0f16 55415254 		.ascii	"UART_Dbg_Start\000"
 1691      5F446267 
 1691      5F537461 
 1691      727400
 1692              	.LASF101:
 1693 0f25 4359424C 		.ascii	"CYBLE_ERROR_GATT_DB_INVALID_ATTR_HANDLE\000"
 1693      455F4552 
 1693      524F525F 
 1693      47415454 
 1693      5F44425F 
 1694              		.ident	"GCC: (GNU Tools for ARM Embedded Processors) 4.9.3 20150303 (release) [ARM/embedded-4_9-br
